
=== Training with 40% of labeled training data ===


Epoch 1/35:   0%|                                                                                                | 0/8 [00:00<?, ?it/s]
Epoch 1/35:  12%|███████████                                                                             | 1/8 [00:00<00:01,  5.83it/s]
Epoch 1/35:  38%|█████████████████████████████████                                                       | 3/8 [00:00<00:00,  9.43it/s]
Epoch 1/35:  50%|████████████████████████████████████████████                                            | 4/8 [00:00<00:00,  8.17it/s]
Epoch 1/35:  62%|███████████████████████████████████████████████████████                                 | 5/8 [00:00<00:00,  5.05it/s]
Epoch 1/35:  75%|██████████████████████████████████████████████████████████████████                      | 6/8 [00:01<00:00,  5.23it/s]
Epoch 1/35:  88%|█████████████████████████████████████████████████████████████████████████████           | 7/8 [00:01<00:00,  5.35it/s]
Epoch 1/35: 100%|████████████████████████████████████████████████████████████████████████████████████████| 8/8 [00:01<00:00,  5.44it/s]
                                                                                                                                       
Epoch [1/35], Total Loss: 10.0444, Reconstruction Loss: 0.9157, Classification Loss: 9.1287, Accuracy: 0.3125

Epoch 2/35:   0%|                                                                                                | 0/8 [00:00<?, ?it/s]
Epoch 2/35:  12%|███████████                                                                             | 1/8 [00:00<00:01,  4.43it/s]
Epoch 2/35:  25%|██████████████████████                                                                  | 2/8 [00:00<00:01,  5.90it/s]
Epoch 2/35:  50%|████████████████████████████████████████████                                            | 4/8 [00:00<00:00,  8.67it/s]
Epoch 2/35:  62%|███████████████████████████████████████████████████████                                 | 5/8 [00:00<00:00,  5.10it/s]
Epoch 2/35:  75%|██████████████████████████████████████████████████████████████████                      | 6/8 [00:01<00:00,  5.24it/s]
Epoch 2/35:  88%|█████████████████████████████████████████████████████████████████████████████           | 7/8 [00:01<00:00,  5.34it/s]
Epoch 2/35: 100%|████████████████████████████████████████████████████████████████████████████████████████| 8/8 [00:01<00:00,  5.40it/s]
                                                                                                                                       
Epoch [2/35], Total Loss: 9.7653, Reconstruction Loss: 0.9006, Classification Loss: 8.8648, Accuracy: 0.3438

Epoch 3/35:   0%|                                                                                                | 0/8 [00:00<?, ?it/s]
Epoch 3/35:  12%|███████████                                                                             | 1/8 [00:00<00:01,  4.80it/s]
Epoch 3/35:  38%|█████████████████████████████████                                                       | 3/8 [00:00<00:00,  8.63it/s]
Epoch 3/35:  62%|███████████████████████████████████████████████████████                                 | 5/8 [00:00<00:00,  6.36it/s]
Epoch 3/35:  75%|██████████████████████████████████████████████████████████████████                      | 6/8 [00:00<00:00,  6.18it/s]
Epoch 3/35:  88%|█████████████████████████████████████████████████████████████████████████████           | 7/8 [00:01<00:00,  6.01it/s]
Epoch 3/35: 100%|████████████████████████████████████████████████████████████████████████████████████████| 8/8 [00:01<00:00,  5.90it/s]
                                                                                                                                       
Epoch [3/35], Total Loss: 9.6783, Reconstruction Loss: 0.9057, Classification Loss: 8.7726, Accuracy: 0.3672

Epoch 4/35:   0%|                                                                                                | 0/8 [00:00<?, ?it/s]
Epoch 4/35:  12%|███████████                                                                             | 1/8 [00:00<00:01,  4.50it/s]
Epoch 4/35:  25%|██████████████████████                                                                  | 2/8 [00:00<00:01,  5.06it/s]
Epoch 4/35:  38%|█████████████████████████████████                                                       | 3/8 [00:00<00:00,  5.27it/s]
Epoch 4/35:  50%|████████████████████████████████████████████                                            | 4/8 [00:00<00:00,  5.37it/s]
Epoch 4/35:  62%|███████████████████████████████████████████████████████                                 | 5/8 [00:01<00:00,  4.74it/s]
Epoch 4/35:  88%|█████████████████████████████████████████████████████████████████████████████           | 7/8 [00:01<00:00,  6.44it/s]
Epoch 4/35: 100%|████████████████████████████████████████████████████████████████████████████████████████| 8/8 [00:01<00:00,  6.21it/s]
                                                                                                                                       
Epoch [4/35], Total Loss: 9.6106, Reconstruction Loss: 0.9069, Classification Loss: 8.7037, Accuracy: 0.3750

Epoch 5/35:   0%|                                                                                                | 0/8 [00:00<?, ?it/s]
Epoch 5/35:  12%|███████████                                                                             | 1/8 [00:00<00:01,  4.99it/s]
Epoch 5/35:  25%|██████████████████████                                                                  | 2/8 [00:00<00:01,  5.36it/s]
Epoch 5/35:  38%|█████████████████████████████████                                                       | 3/8 [00:00<00:00,  5.48it/s]
Epoch 5/35:  50%|████████████████████████████████████████████                                            | 4/8 [00:00<00:00,  5.56it/s]
Epoch 5/35:  62%|███████████████████████████████████████████████████████                                 | 5/8 [00:01<00:00,  4.14it/s]
Epoch 5/35:  75%|██████████████████████████████████████████████████████████████████                      | 6/8 [00:01<00:00,  5.10it/s]
Epoch 5/35: 100%|████████████████████████████████████████████████████████████████████████████████████████| 8/8 [00:01<00:00,  7.11it/s]
                                                                                                                                       
Epoch [5/35], Total Loss: 9.5747, Reconstruction Loss: 0.9040, Classification Loss: 8.6706, Accuracy: 0.3438

Epoch 6/35:   0%|                                                                                                | 0/8 [00:00<?, ?it/s]
Epoch 6/35:  12%|███████████                                                                             | 1/8 [00:00<00:01,  4.32it/s]
Epoch 6/35:  25%|██████████████████████                                                                  | 2/8 [00:00<00:01,  5.03it/s]
Epoch 6/35:  38%|█████████████████████████████████                                                       | 3/8 [00:00<00:00,  5.29it/s]
Epoch 6/35:  50%|████████████████████████████████████████████                                            | 4/8 [00:00<00:00,  5.45it/s]
Epoch 6/35:  62%|███████████████████████████████████████████████████████                                 | 5/8 [00:01<00:00,  4.07it/s]
Epoch 6/35:  75%|██████████████████████████████████████████████████████████████████                      | 6/8 [00:01<00:00,  4.52it/s]
Epoch 6/35:  88%|█████████████████████████████████████████████████████████████████████████████           | 7/8 [00:01<00:00,  4.84it/s]
Epoch 6/35: 100%|████████████████████████████████████████████████████████████████████████████████████████| 8/8 [00:01<00:00,  5.45it/s]
                                                                                                                                       
Epoch [6/35], Total Loss: 9.4999, Reconstruction Loss: 0.8982, Classification Loss: 8.6017, Accuracy: 0.4141

Epoch 7/35:   0%|                                                                                                | 0/8 [00:00<?, ?it/s]
Epoch 7/35:  12%|███████████                                                                             | 1/8 [00:00<00:01,  5.36it/s]
Epoch 7/35:  25%|██████████████████████                                                                  | 2/8 [00:00<00:01,  5.53it/s]
Epoch 7/35:  38%|█████████████████████████████████                                                       | 3/8 [00:00<00:00,  5.59it/s]
Epoch 7/35:  50%|████████████████████████████████████████████                                            | 4/8 [00:00<00:00,  5.63it/s]
Epoch 7/35:  62%|███████████████████████████████████████████████████████                                 | 5/8 [00:01<00:00,  4.05it/s]
Epoch 7/35:  75%|██████████████████████████████████████████████████████████████████                      | 6/8 [00:01<00:00,  4.46it/s]
Epoch 7/35:  88%|█████████████████████████████████████████████████████████████████████████████           | 7/8 [00:01<00:00,  4.78it/s]
Epoch 7/35: 100%|████████████████████████████████████████████████████████████████████████████████████████| 8/8 [00:01<00:00,  5.00it/s]
                                                                                                                                       
Epoch [7/35], Total Loss: 9.3899, Reconstruction Loss: 0.8941, Classification Loss: 8.4958, Accuracy: 0.4141

Epoch 8/35:   0%|                                                                                                | 0/8 [00:00<?, ?it/s]
Epoch 8/35:  12%|███████████                                                                             | 1/8 [00:00<00:00,  8.64it/s]
Epoch 8/35:  38%|█████████████████████████████████                                                       | 3/8 [00:00<00:00,  8.63it/s]
Epoch 8/35:  50%|████████████████████████████████████████████                                            | 4/8 [00:00<00:00,  7.32it/s]
Epoch 8/35:  62%|███████████████████████████████████████████████████████                                 | 5/8 [00:00<00:00,  4.80it/s]
Epoch 8/35:  75%|██████████████████████████████████████████████████████████████████                      | 6/8 [00:01<00:00,  5.05it/s]
Epoch 8/35:  88%|█████████████████████████████████████████████████████████████████████████████           | 7/8 [00:01<00:00,  5.22it/s]
Epoch 8/35: 100%|████████████████████████████████████████████████████████████████████████████████████████| 8/8 [00:01<00:00,  5.35it/s]
                                                                                                                                       
Epoch [8/35], Total Loss: 9.1577, Reconstruction Loss: 0.8826, Classification Loss: 8.2751, Accuracy: 0.5078

Epoch 9/35:   0%|                                                                                                | 0/8 [00:00<?, ?it/s]
Epoch 9/35:  12%|███████████                                                                             | 1/8 [00:00<00:01,  5.07it/s]
Epoch 9/35:  38%|█████████████████████████████████                                                       | 3/8 [00:00<00:00,  8.82it/s]
Epoch 9/35:  62%|███████████████████████████████████████████████████████                                 | 5/8 [00:00<00:00,  6.05it/s]
Epoch 9/35:  75%|██████████████████████████████████████████████████████████████████                      | 6/8 [00:00<00:00,  5.94it/s]
Epoch 9/35:  88%|█████████████████████████████████████████████████████████████████████████████           | 7/8 [00:01<00:00,  5.86it/s]
Epoch 9/35: 100%|████████████████████████████████████████████████████████████████████████████████████████| 8/8 [00:01<00:00,  5.80it/s]
                                                                                                                                       
Epoch [9/35], Total Loss: 9.1504, Reconstruction Loss: 0.8810, Classification Loss: 8.2694, Accuracy: 0.4453

Epoch 10/35:   0%|                                                                                               | 0/8 [00:00<?, ?it/s]
Epoch 10/35:  12%|██████████▉                                                                            | 1/8 [00:00<00:01,  4.71it/s]
Epoch 10/35:  25%|█████████████████████▊                                                                 | 2/8 [00:00<00:01,  5.23it/s]
Epoch 10/35:  38%|████████████████████████████████▋                                                      | 3/8 [00:00<00:00,  5.42it/s]
Epoch 10/35:  50%|███████████████████████████████████████████▌                                           | 4/8 [00:00<00:00,  6.27it/s]
Epoch 10/35:  62%|██████████████████████████████████████████████████████▍                                | 5/8 [00:00<00:00,  5.18it/s]
Epoch 10/35:  75%|█████████████████████████████████████████████████████████████████▎                     | 6/8 [00:01<00:00,  5.50it/s]
Epoch 10/35:  88%|████████████████████████████████████████████████████████████████████████████▏          | 7/8 [00:01<00:00,  5.55it/s]
Epoch 10/35: 100%|███████████████████████████████████████████████████████████████████████████████████████| 8/8 [00:01<00:00,  5.59it/s]
                                                                                                                                       
Epoch [10/35], Total Loss: 9.1185, Reconstruction Loss: 0.8824, Classification Loss: 8.2361, Accuracy: 0.4922

Epoch 11/35:   0%|                                                                                               | 0/8 [00:00<?, ?it/s]
Epoch 11/35:  12%|██████████▉                                                                            | 1/8 [00:00<00:01,  3.92it/s]
Epoch 11/35:  25%|█████████████████████▊                                                                 | 2/8 [00:00<00:01,  4.79it/s]
Epoch 11/35:  38%|████████████████████████████████▋                                                      | 3/8 [00:00<00:00,  5.15it/s]
Epoch 11/35:  50%|███████████████████████████████████████████▌                                           | 4/8 [00:00<00:00,  5.33it/s]
Epoch 11/35:  62%|██████████████████████████████████████████████████████▍                                | 5/8 [00:01<00:00,  4.75it/s]
Epoch 11/35:  88%|████████████████████████████████████████████████████████████████████████████▏          | 7/8 [00:01<00:00,  6.85it/s]
Epoch 11/35: 100%|███████████████████████████████████████████████████████████████████████████████████████| 8/8 [00:01<00:00,  6.63it/s]
                                                                                                                                       
Epoch [11/35], Total Loss: 8.6151, Reconstruction Loss: 0.8762, Classification Loss: 7.7389, Accuracy: 0.5000

Epoch 12/35:   0%|                                                                                               | 0/8 [00:00<?, ?it/s]
Epoch 12/35:  12%|██████████▉                                                                            | 1/8 [00:00<00:01,  4.02it/s]
Epoch 12/35:  25%|█████████████████████▊                                                                 | 2/8 [00:00<00:01,  4.80it/s]
Epoch 12/35:  38%|████████████████████████████████▋                                                      | 3/8 [00:00<00:00,  5.17it/s]
Epoch 12/35:  50%|███████████████████████████████████████████▌                                           | 4/8 [00:00<00:00,  5.36it/s]
Epoch 12/35:  62%|██████████████████████████████████████████████████████▍                                | 5/8 [00:01<00:00,  4.08it/s]
Epoch 12/35:  75%|█████████████████████████████████████████████████████████████████▎                     | 6/8 [00:01<00:00,  4.96it/s]
Epoch 12/35: 100%|███████████████████████████████████████████████████████████████████████████████████████| 8/8 [00:01<00:00,  6.98it/s]
                                                                                                                                       
Epoch [12/35], Total Loss: 7.6948, Reconstruction Loss: 0.8659, Classification Loss: 6.8289, Accuracy: 0.7031

Epoch 13/35:   0%|                                                                                               | 0/8 [00:00<?, ?it/s]
Epoch 13/35:  12%|██████████▉                                                                            | 1/8 [00:00<00:01,  4.36it/s]
Epoch 13/35:  25%|█████████████████████▊                                                                 | 2/8 [00:00<00:01,  5.03it/s]
Epoch 13/35:  38%|████████████████████████████████▋                                                      | 3/8 [00:00<00:00,  5.32it/s]
Epoch 13/35:  50%|███████████████████████████████████████████▌                                           | 4/8 [00:00<00:00,  5.44it/s]
Epoch 13/35:  62%|██████████████████████████████████████████████████████▍                                | 5/8 [00:01<00:00,  4.16it/s]
Epoch 13/35:  75%|█████████████████████████████████████████████████████████████████▎                     | 6/8 [00:01<00:00,  4.56it/s]
Epoch 13/35:  88%|████████████████████████████████████████████████████████████████████████████▏          | 7/8 [00:01<00:00,  4.84it/s]
Epoch 13/35: 100%|███████████████████████████████████████████████████████████████████████████████████████| 8/8 [00:01<00:00,  5.05it/s]
                                                                                                                                       
Epoch [13/35], Total Loss: 6.7711, Reconstruction Loss: 0.8720, Classification Loss: 5.8991, Accuracy: 0.6797

Epoch 14/35:   0%|                                                                                               | 0/8 [00:00<?, ?it/s]
Epoch 14/35:  12%|██████████▉                                                                            | 1/8 [00:00<00:00,  8.92it/s]
Epoch 14/35:  25%|█████████████████████▊                                                                 | 2/8 [00:00<00:00,  6.93it/s]
Epoch 14/35:  38%|████████████████████████████████▋                                                      | 3/8 [00:00<00:00,  6.28it/s]
Epoch 14/35:  50%|███████████████████████████████████████████▌                                           | 4/8 [00:00<00:00,  6.01it/s]
Epoch 14/35:  62%|██████████████████████████████████████████████████████▍                                | 5/8 [00:00<00:00,  4.23it/s]
Epoch 14/35:  75%|█████████████████████████████████████████████████████████████████▎                     | 6/8 [00:01<00:00,  4.62it/s]
Epoch 14/35:  88%|████████████████████████████████████████████████████████████████████████████▏          | 7/8 [00:01<00:00,  4.91it/s]
Epoch 14/35: 100%|███████████████████████████████████████████████████████████████████████████████████████| 8/8 [00:01<00:00,  5.13it/s]
                                                                                                                                       
Epoch [14/35], Total Loss: 6.2470, Reconstruction Loss: 0.8733, Classification Loss: 5.3738, Accuracy: 0.7031

Epoch 15/35:   0%|                                                                                               | 0/8 [00:00<?, ?it/s]
Epoch 15/35:  12%|██████████▉                                                                            | 1/8 [00:00<00:00,  7.61it/s]
Epoch 15/35:  38%|████████████████████████████████▋                                                      | 3/8 [00:00<00:00, 10.41it/s]
Epoch 15/35:  62%|██████████████████████████████████████████████████████▍                                | 5/8 [00:00<00:00,  5.83it/s]
Epoch 15/35:  75%|█████████████████████████████████████████████████████████████████▎                     | 6/8 [00:00<00:00,  5.78it/s]
Epoch 15/35:  88%|████████████████████████████████████████████████████████████████████████████▏          | 7/8 [00:01<00:00,  5.74it/s]
Epoch 15/35: 100%|███████████████████████████████████████████████████████████████████████████████████████| 8/8 [00:01<00:00,  5.73it/s]
                                                                                                                                       
Epoch [15/35], Total Loss: 6.0754, Reconstruction Loss: 0.8625, Classification Loss: 5.2129, Accuracy: 0.6953

Epoch 16/35:   0%|                                                                                               | 0/8 [00:00<?, ?it/s]
Epoch 16/35:  12%|██████████▉                                                                            | 1/8 [00:00<00:01,  4.40it/s]
Epoch 16/35:  25%|█████████████████████▊                                                                 | 2/8 [00:00<00:01,  5.00it/s]
Epoch 16/35:  50%|███████████████████████████████████████████▌                                           | 4/8 [00:00<00:00,  7.86it/s]
Epoch 16/35:  62%|██████████████████████████████████████████████████████▍                                | 5/8 [00:00<00:00,  4.77it/s]
Epoch 16/35:  75%|█████████████████████████████████████████████████████████████████▎                     | 6/8 [00:01<00:00,  5.00it/s]
Epoch 16/35:  88%|████████████████████████████████████████████████████████████████████████████▏          | 7/8 [00:01<00:00,  5.17it/s]
Epoch 16/35: 100%|███████████████████████████████████████████████████████████████████████████████████████| 8/8 [00:01<00:00,  5.28it/s]
                                                                                                                                       
Epoch [16/35], Total Loss: 5.7987, Reconstruction Loss: 0.8657, Classification Loss: 4.9330, Accuracy: 0.7500

Epoch 17/35:   0%|                                                                                               | 0/8 [00:00<?, ?it/s]
Epoch 17/35:  12%|██████████▉                                                                            | 1/8 [00:00<00:01,  4.92it/s]
Epoch 17/35:  38%|████████████████████████████████▋                                                      | 3/8 [00:00<00:00,  8.75it/s]
Epoch 17/35:  62%|██████████████████████████████████████████████████████▍                                | 5/8 [00:00<00:00,  6.00it/s]
Epoch 17/35:  75%|█████████████████████████████████████████████████████████████████▎                     | 6/8 [00:00<00:00,  5.91it/s]
Epoch 17/35:  88%|████████████████████████████████████████████████████████████████████████████▏          | 7/8 [00:01<00:00,  5.84it/s]
Epoch 17/35: 100%|███████████████████████████████████████████████████████████████████████████████████████| 8/8 [00:01<00:00,  5.78it/s]
                                                                                                                                       
Epoch [17/35], Total Loss: 5.0895, Reconstruction Loss: 0.8610, Classification Loss: 4.2285, Accuracy: 0.7891

Epoch 18/35:   0%|                                                                                               | 0/8 [00:00<?, ?it/s]
Epoch 18/35:  12%|██████████▉                                                                            | 1/8 [00:00<00:01,  5.01it/s]
Epoch 18/35:  25%|█████████████████████▊                                                                 | 2/8 [00:00<00:01,  5.38it/s]
Epoch 18/35:  38%|████████████████████████████████▋                                                      | 3/8 [00:00<00:00,  5.52it/s]
Epoch 18/35:  50%|███████████████████████████████████████████▌                                           | 4/8 [00:00<00:00,  5.59it/s]
Epoch 18/35:  62%|██████████████████████████████████████████████████████▍                                | 5/8 [00:00<00:00,  4.81it/s]
Epoch 18/35:  88%|████████████████████████████████████████████████████████████████████████████▏          | 7/8 [00:01<00:00,  5.90it/s]
Epoch 18/35: 100%|███████████████████████████████████████████████████████████████████████████████████████| 8/8 [00:01<00:00,  5.84it/s]
                                                                                                                                       
Epoch [18/35], Total Loss: 5.2876, Reconstruction Loss: 0.8601, Classification Loss: 4.4276, Accuracy: 0.7422

Epoch 19/35:   0%|                                                                                               | 0/8 [00:00<?, ?it/s]
Epoch 19/35:  12%|██████████▉                                                                            | 1/8 [00:00<00:01,  4.91it/s]
Epoch 19/35:  25%|█████████████████████▊                                                                 | 2/8 [00:00<00:01,  5.33it/s]
Epoch 19/35:  38%|████████████████████████████████▋                                                      | 3/8 [00:00<00:00,  5.48it/s]
Epoch 19/35:  50%|███████████████████████████████████████████▌                                           | 4/8 [00:00<00:00,  5.55it/s]
Epoch 19/35:  62%|██████████████████████████████████████████████████████▍                                | 5/8 [00:01<00:00,  4.26it/s]
Epoch 19/35:  88%|████████████████████████████████████████████████████████████████████████████▏          | 7/8 [00:01<00:00,  6.32it/s]
                                                                                                                                       
Epoch [19/35], Total Loss: 5.4598, Reconstruction Loss: 0.8611, Classification Loss: 4.5987, Accuracy: 0.7812

Epoch 20/35:   0%|                                                                                               | 0/8 [00:00<?, ?it/s]
Epoch 20/35:  12%|██████████▉                                                                            | 1/8 [00:00<00:01,  4.74it/s]
Epoch 20/35:  25%|█████████████████████▊                                                                 | 2/8 [00:00<00:01,  5.22it/s]
Epoch 20/35:  38%|████████████████████████████████▋                                                      | 3/8 [00:00<00:00,  5.39it/s]
Epoch 20/35:  50%|███████████████████████████████████████████▌                                           | 4/8 [00:00<00:00,  5.45it/s]
Epoch 20/35:  62%|██████████████████████████████████████████████████████▍                                | 5/8 [00:01<00:00,  4.17it/s]
Epoch 20/35:  75%|█████████████████████████████████████████████████████████████████▎                     | 6/8 [00:01<00:00,  4.55it/s]
Epoch 20/35:  88%|████████████████████████████████████████████████████████████████████████████▏          | 7/8 [00:01<00:00,  4.83it/s]
                                                                                                                                       
Epoch [20/35], Total Loss: 4.8505, Reconstruction Loss: 0.8581, Classification Loss: 3.9923, Accuracy: 0.8125

Epoch 21/35:   0%|                                                                                               | 0/8 [00:00<?, ?it/s]
Epoch 21/35:  12%|██████████▉                                                                            | 1/8 [00:00<00:01,  5.14it/s]
Epoch 21/35:  25%|█████████████████████▊                                                                 | 2/8 [00:00<00:01,  5.45it/s]
Epoch 21/35:  38%|████████████████████████████████▋                                                      | 3/8 [00:00<00:00,  5.56it/s]
Epoch 21/35:  50%|███████████████████████████████████████████▌                                           | 4/8 [00:00<00:00,  5.60it/s]
Epoch 21/35:  62%|██████████████████████████████████████████████████████▍                                | 5/8 [00:01<00:00,  4.30it/s]
Epoch 21/35:  75%|█████████████████████████████████████████████████████████████████▎                     | 6/8 [00:01<00:00,  4.67it/s]
Epoch 21/35:  88%|████████████████████████████████████████████████████████████████████████████▏          | 7/8 [00:01<00:00,  4.94it/s]
Epoch 21/35: 100%|███████████████████████████████████████████████████████████████████████████████████████| 8/8 [00:01<00:00,  5.14it/s]
                                                                                                                                       
Epoch [21/35], Total Loss: 5.0521, Reconstruction Loss: 0.8567, Classification Loss: 4.1954, Accuracy: 0.7734

Epoch 22/35:   0%|                                                                                               | 0/8 [00:00<?, ?it/s]
Epoch 22/35:  12%|██████████▉                                                                            | 1/8 [00:00<00:00,  8.66it/s]
Epoch 22/35:  38%|████████████████████████████████▋                                                      | 3/8 [00:00<00:00, 10.41it/s]
Epoch 22/35:  62%|██████████████████████████████████████████████████████▍                                | 5/8 [00:00<00:00,  5.55it/s]
Epoch 22/35:  75%|█████████████████████████████████████████████████████████████████▎                     | 6/8 [00:00<00:00,  5.57it/s]
Epoch 22/35:  88%|████████████████████████████████████████████████████████████████████████████▏          | 7/8 [00:01<00:00,  5.60it/s]
Epoch 22/35: 100%|███████████████████████████████████████████████████████████████████████████████████████| 8/8 [00:01<00:00,  5.61it/s]
                                                                                                                                       
Epoch [22/35], Total Loss: 5.2057, Reconstruction Loss: 0.8553, Classification Loss: 4.3505, Accuracy: 0.7891

Epoch 23/35:   0%|                                                                                               | 0/8 [00:00<?, ?it/s]
Epoch 23/35:  12%|██████████▉                                                                            | 1/8 [00:00<00:01,  4.86it/s]
Epoch 23/35:  25%|█████████████████████▊                                                                 | 2/8 [00:00<00:01,  5.23it/s]
Epoch 23/35:  50%|███████████████████████████████████████████▌                                           | 4/8 [00:00<00:00,  8.04it/s]
Epoch 23/35:  62%|██████████████████████████████████████████████████████▍                                | 5/8 [00:00<00:00,  5.17it/s]
Epoch 23/35:  75%|█████████████████████████████████████████████████████████████████▎                     | 6/8 [00:01<00:00,  5.28it/s]
Epoch 23/35:  88%|████████████████████████████████████████████████████████████████████████████▏          | 7/8 [00:01<00:00,  5.36it/s]
Epoch 23/35: 100%|███████████████████████████████████████████████████████████████████████████████████████| 8/8 [00:01<00:00,  5.42it/s]
                                                                                                                                       
Epoch [23/35], Total Loss: 4.2817, Reconstruction Loss: 0.8598, Classification Loss: 3.4219, Accuracy: 0.8594

Epoch 24/35:   0%|                                                                                               | 0/8 [00:00<?, ?it/s]
Epoch 24/35:  12%|██████████▉                                                                            | 1/8 [00:00<00:01,  4.99it/s]
Epoch 24/35:  25%|█████████████████████▊                                                                 | 2/8 [00:00<00:01,  5.36it/s]
Epoch 24/35:  38%|████████████████████████████████▋                                                      | 3/8 [00:00<00:00,  5.45it/s]
Epoch 24/35:  50%|███████████████████████████████████████████▌                                           | 4/8 [00:00<00:00,  5.48it/s]
Epoch 24/35:  62%|██████████████████████████████████████████████████████▍                                | 5/8 [00:00<00:00,  4.99it/s]
Epoch 24/35:  88%|████████████████████████████████████████████████████████████████████████████▏          | 7/8 [00:01<00:00,  5.93it/s]
Epoch 24/35: 100%|███████████████████████████████████████████████████████████████████████████████████████| 8/8 [00:01<00:00,  5.85it/s]
                                                                                                                                       
Epoch [24/35], Total Loss: 4.6144, Reconstruction Loss: 0.8542, Classification Loss: 3.7602, Accuracy: 0.8203

Epoch 25/35:   0%|                                                                                               | 0/8 [00:00<?, ?it/s]
Epoch 25/35:  12%|██████████▉                                                                            | 1/8 [00:00<00:01,  4.87it/s]
Epoch 25/35:  25%|█████████████████████▊                                                                 | 2/8 [00:00<00:01,  5.22it/s]
Epoch 25/35:  38%|████████████████████████████████▋                                                      | 3/8 [00:00<00:00,  5.38it/s]
Epoch 25/35:  50%|███████████████████████████████████████████▌                                           | 4/8 [00:00<00:00,  5.45it/s]
Epoch 25/35:  62%|██████████████████████████████████████████████████████▍                                | 5/8 [00:01<00:00,  4.16it/s]
Epoch 25/35:  88%|████████████████████████████████████████████████████████████████████████████▏          | 7/8 [00:01<00:00,  6.22it/s]
Epoch 25/35: 100%|███████████████████████████████████████████████████████████████████████████████████████| 8/8 [00:01<00:00,  6.73it/s]
                                                                                                                                       
Epoch [25/35], Total Loss: 3.4619, Reconstruction Loss: 0.8505, Classification Loss: 2.6114, Accuracy: 0.8906

Epoch 26/35:   0%|                                                                                               | 0/8 [00:00<?, ?it/s]
Epoch 26/35:  12%|██████████▉                                                                            | 1/8 [00:00<00:01,  4.44it/s]
Epoch 26/35:  25%|█████████████████████▊                                                                 | 2/8 [00:00<00:01,  5.09it/s]
Epoch 26/35:  38%|████████████████████████████████▋                                                      | 3/8 [00:00<00:00,  5.28it/s]
Epoch 26/35:  50%|███████████████████████████████████████████▌                                           | 4/8 [00:00<00:00,  5.42it/s]
Epoch 26/35:  62%|██████████████████████████████████████████████████████▍                                | 5/8 [00:01<00:00,  4.12it/s]
Epoch 26/35:  75%|█████████████████████████████████████████████████████████████████▎                     | 6/8 [00:01<00:00,  4.54it/s]
Epoch 26/35:  88%|████████████████████████████████████████████████████████████████████████████▏          | 7/8 [00:01<00:00,  5.36it/s]
                                                                                                                                       
Epoch [26/35], Total Loss: 3.9096, Reconstruction Loss: 0.8520, Classification Loss: 3.0576, Accuracy: 0.8672

Epoch 27/35:   0%|                                                                                               | 0/8 [00:00<?, ?it/s]
Epoch 27/35:  12%|██████████▉                                                                            | 1/8 [00:00<00:01,  4.76it/s]
Epoch 27/35:  25%|█████████████████████▊                                                                 | 2/8 [00:00<00:01,  5.26it/s]
Epoch 27/35:  38%|████████████████████████████████▋                                                      | 3/8 [00:00<00:00,  5.43it/s]
Epoch 27/35:  50%|███████████████████████████████████████████▌                                           | 4/8 [00:00<00:00,  5.51it/s]
Epoch 27/35:  62%|██████████████████████████████████████████████████████▍                                | 5/8 [00:01<00:00,  4.21it/s]
Epoch 27/35:  75%|█████████████████████████████████████████████████████████████████▎                     | 6/8 [00:01<00:00,  4.59it/s]
Epoch 27/35:  88%|████████████████████████████████████████████████████████████████████████████▏          | 7/8 [00:01<00:00,  4.86it/s]
Epoch 27/35: 100%|███████████████████████████████████████████████████████████████████████████████████████| 8/8 [00:01<00:00,  5.06it/s]
                                                                                                                                       
Epoch [27/35], Total Loss: 3.3146, Reconstruction Loss: 0.8486, Classification Loss: 2.4660, Accuracy: 0.8906

Epoch 28/35:   0%|                                                                                               | 0/8 [00:00<?, ?it/s]
Epoch 28/35:  12%|██████████▉                                                                            | 1/8 [00:00<00:00,  8.54it/s]
Epoch 28/35:  25%|█████████████████████▊                                                                 | 2/8 [00:00<00:00,  8.06it/s]
Epoch 28/35:  38%|████████████████████████████████▋                                                      | 3/8 [00:00<00:00,  6.75it/s]
Epoch 28/35:  50%|███████████████████████████████████████████▌                                           | 4/8 [00:00<00:00,  6.30it/s]
Epoch 28/35:  62%|██████████████████████████████████████████████████████▍                                | 5/8 [00:00<00:00,  4.53it/s]
Epoch 28/35:  75%|█████████████████████████████████████████████████████████████████▎                     | 6/8 [00:01<00:00,  4.86it/s]
Epoch 28/35:  88%|████████████████████████████████████████████████████████████████████████████▏          | 7/8 [00:01<00:00,  5.09it/s]
Epoch 28/35: 100%|███████████████████████████████████████████████████████████████████████████████████████| 8/8 [00:01<00:00,  5.25it/s]
                                                                                                                                       
Epoch [28/35], Total Loss: 2.9466, Reconstruction Loss: 0.8459, Classification Loss: 2.1008, Accuracy: 0.9531

Epoch 29/35:   0%|                                                                                               | 0/8 [00:00<?, ?it/s]
Epoch 29/35:  12%|██████████▉                                                                            | 1/8 [00:00<00:01,  5.30it/s]
Epoch 29/35:  38%|████████████████████████████████▋                                                      | 3/8 [00:00<00:00,  9.00it/s]
Epoch 29/35:  62%|██████████████████████████████████████████████████████▍                                | 5/8 [00:00<00:00,  5.94it/s]
Epoch 29/35:  75%|█████████████████████████████████████████████████████████████████▎                     | 6/8 [00:00<00:00,  5.86it/s]
Epoch 29/35:  88%|████████████████████████████████████████████████████████████████████████████▏          | 7/8 [00:01<00:00,  5.79it/s]
Epoch 29/35: 100%|███████████████████████████████████████████████████████████████████████████████████████| 8/8 [00:01<00:00,  5.75it/s]
                                                                                                                                       
Epoch [29/35], Total Loss: 2.6793, Reconstruction Loss: 0.8504, Classification Loss: 1.8290, Accuracy: 0.9375

Epoch 30/35:   0%|                                                                                               | 0/8 [00:00<?, ?it/s]
Epoch 30/35:  12%|██████████▉                                                                            | 1/8 [00:00<00:01,  4.78it/s]
Epoch 30/35:  25%|█████████████████████▊                                                                 | 2/8 [00:00<00:01,  5.20it/s]
Epoch 30/35:  38%|████████████████████████████████▋                                                      | 3/8 [00:00<00:00,  5.36it/s]
Epoch 30/35:  62%|██████████████████████████████████████████████████████▍                                | 5/8 [00:00<00:00,  5.29it/s]
Epoch 30/35:  75%|█████████████████████████████████████████████████████████████████▎                     | 6/8 [00:01<00:00,  5.40it/s]
Epoch 30/35:  88%|████████████████████████████████████████████████████████████████████████████▏          | 7/8 [00:01<00:00,  5.47it/s]
Epoch 30/35: 100%|███████████████████████████████████████████████████████████████████████████████████████| 8/8 [00:01<00:00,  5.52it/s]
                                                                                                                                       
Epoch [30/35], Total Loss: 2.4330, Reconstruction Loss: 0.8524, Classification Loss: 1.5806, Accuracy: 0.9453

Epoch 31/35:   0%|                                                                                               | 0/8 [00:00<?, ?it/s]
Epoch 31/35:  12%|██████████▉                                                                            | 1/8 [00:00<00:01,  4.85it/s]
Epoch 31/35:  25%|█████████████████████▊                                                                 | 2/8 [00:00<00:01,  5.29it/s]
Epoch 31/35:  38%|████████████████████████████████▋                                                      | 3/8 [00:00<00:00,  5.98it/s]
Epoch 31/35:  62%|██████████████████████████████████████████████████████▍                                | 5/8 [00:00<00:00,  5.87it/s]
Epoch 31/35:  75%|█████████████████████████████████████████████████████████████████▎                     | 6/8 [00:01<00:00,  5.81it/s]
Epoch 31/35:  88%|████████████████████████████████████████████████████████████████████████████▏          | 7/8 [00:01<00:00,  5.77it/s]
Epoch 31/35: 100%|███████████████████████████████████████████████████████████████████████████████████████| 8/8 [00:01<00:00,  5.72it/s]
                                                                                                                                       
Epoch [31/35], Total Loss: 2.0082, Reconstruction Loss: 0.8476, Classification Loss: 1.1606, Accuracy: 0.9609

Epoch 32/35:   0%|                                                                                               | 0/8 [00:00<?, ?it/s]
Epoch 32/35:  12%|██████████▉                                                                            | 1/8 [00:00<00:01,  4.66it/s]
Epoch 32/35:  25%|█████████████████████▊                                                                 | 2/8 [00:00<00:01,  5.20it/s]
Epoch 32/35:  38%|████████████████████████████████▋                                                      | 3/8 [00:00<00:00,  5.41it/s]
Epoch 32/35:  50%|███████████████████████████████████████████▌                                           | 4/8 [00:00<00:00,  5.52it/s]
Epoch 32/35:  62%|██████████████████████████████████████████████████████▍                                | 5/8 [00:00<00:00,  4.83it/s]
Epoch 32/35:  88%|████████████████████████████████████████████████████████████████████████████▏          | 7/8 [00:01<00:00,  6.92it/s]
Epoch 32/35: 100%|███████████████████████████████████████████████████████████████████████████████████████| 8/8 [00:01<00:00,  6.79it/s]
                                                                                                                                       
Epoch [32/35], Total Loss: 1.5529, Reconstruction Loss: 0.8539, Classification Loss: 0.6990, Accuracy: 0.9688

Epoch 33/35:   0%|                                                                                               | 0/8 [00:00<?, ?it/s]
Epoch 33/35:  12%|██████████▉                                                                            | 1/8 [00:00<00:01,  4.72it/s]
Epoch 33/35:  25%|█████████████████████▊                                                                 | 2/8 [00:00<00:01,  5.22it/s]
Epoch 33/35:  38%|████████████████████████████████▋                                                      | 3/8 [00:00<00:00,  5.38it/s]
Epoch 33/35:  50%|███████████████████████████████████████████▌                                           | 4/8 [00:00<00:00,  5.44it/s]
Epoch 33/35:  62%|██████████████████████████████████████████████████████▍                                | 5/8 [00:01<00:00,  4.21it/s]
Epoch 33/35:  75%|█████████████████████████████████████████████████████████████████▎                     | 6/8 [00:01<00:00,  4.60it/s]
Epoch 33/35:  88%|████████████████████████████████████████████████████████████████████████████▏          | 7/8 [00:01<00:00,  5.31it/s]
                                                                                                                                       
Epoch [33/35], Total Loss: 1.1767, Reconstruction Loss: 0.8540, Classification Loss: 0.3227, Accuracy: 1.0000

Epoch 34/35:   0%|                                                                                               | 0/8 [00:00<?, ?it/s]
Epoch 34/35:  12%|██████████▉                                                                            | 1/8 [00:00<00:01,  4.84it/s]
Epoch 34/35:  25%|█████████████████████▊                                                                 | 2/8 [00:00<00:01,  5.24it/s]
Epoch 34/35:  38%|████████████████████████████████▋                                                      | 3/8 [00:00<00:00,  5.39it/s]
Epoch 34/35:  50%|███████████████████████████████████████████▌                                           | 4/8 [00:00<00:00,  5.46it/s]
Epoch 34/35:  62%|██████████████████████████████████████████████████████▍                                | 5/8 [00:01<00:00,  4.25it/s]
Epoch 34/35:  75%|█████████████████████████████████████████████████████████████████▎                     | 6/8 [00:01<00:00,  4.63it/s]
Epoch 34/35:  88%|████████████████████████████████████████████████████████████████████████████▏          | 7/8 [00:01<00:00,  4.93it/s]
Epoch 34/35: 100%|███████████████████████████████████████████████████████████████████████████████████████| 8/8 [00:01<00:00,  5.14it/s]
                                                                                                                                       
Epoch [34/35], Total Loss: 1.0577, Reconstruction Loss: 0.8454, Classification Loss: 0.2123, Accuracy: 1.0000

Epoch 35/35:   0%|                                                                                               | 0/8 [00:00<?, ?it/s]
Epoch 35/35:  12%|██████████▉                                                                            | 1/8 [00:00<00:00,  8.13it/s]
Epoch 35/35:  38%|████████████████████████████████▋                                                      | 3/8 [00:00<00:00,  7.49it/s]
Epoch 35/35:  50%|███████████████████████████████████████████▌                                           | 4/8 [00:00<00:00,  6.72it/s]
Epoch 35/35:  62%|██████████████████████████████████████████████████████▍                                | 5/8 [00:00<00:00,  4.72it/s]
Epoch 35/35:  75%|█████████████████████████████████████████████████████████████████▎                     | 6/8 [00:01<00:00,  4.99it/s]
Epoch 35/35:  88%|████████████████████████████████████████████████████████████████████████████▏          | 7/8 [00:01<00:00,  5.18it/s]
Epoch 35/35: 100%|███████████████████████████████████████████████████████████████████████████████████████| 8/8 [00:01<00:00,  5.30it/s]
                                                                                                                                       
Epoch [35/35], Total Loss: 0.9995, Reconstruction Loss: 0.8505, Classification Loss: 0.1491, Accuracy: 1.0000

Evaluating:   0%|                                                                                                | 0/2 [00:00<?, ?it/s]
Evaluating:  50%|████████████████████████████████████████████                                            | 1/2 [00:00<00:00,  5.36it/s]
                                                                                                                                       
Validation Accuracy: 0.8889
Validation Precision: 0.8917
Validation Recall: 0.8917
Validation F1 Score: 0.8917
Number of samples validated on: 18
