
=== Training with 50% of labeled training data ===


Epoch 1/35:   0%|                                                                                                | 0/7 [00:00<?, ?it/s]
Epoch 1/35:  14%|████████████▌                                                                           | 1/7 [00:00<00:01,  4.32it/s]
Epoch 1/35:  29%|█████████████████████████▏                                                              | 2/7 [00:00<00:00,  5.03it/s]
Epoch 1/35:  43%|█████████████████████████████████████▋                                                  | 3/7 [00:00<00:00,  5.31it/s]
Epoch 1/35:  57%|██████████████████████████████████████████████████▎                                     | 4/7 [00:00<00:00,  5.46it/s]
Epoch 1/35:  71%|██████████████████████████████████████████████████████████████▊                         | 5/7 [00:00<00:00,  5.52it/s]
Epoch 1/35:  86%|███████████████████████████████████████████████████████████████████████████▍            | 6/7 [00:01<00:00,  4.24it/s]
Epoch 1/35: 100%|████████████████████████████████████████████████████████████████████████████████████████| 7/7 [00:01<00:00,  4.61it/s]
                                                                                                                                       
Epoch [1/35], Total Loss: 8.7353, Reconstruction Loss: 0.7956, Classification Loss: 7.9398, Accuracy: 0.3482

Epoch 2/35:   0%|                                                                                                | 0/7 [00:00<?, ?it/s]
Epoch 2/35:  14%|████████████▌                                                                           | 1/7 [00:00<00:00,  9.09it/s]
Epoch 2/35:  43%|█████████████████████████████████████▋                                                  | 3/7 [00:00<00:00,  9.02it/s]
Epoch 2/35:  57%|██████████████████████████████████████████████████▎                                     | 4/7 [00:00<00:00,  7.35it/s]
Epoch 2/35:  71%|██████████████████████████████████████████████████████████████▊                         | 5/7 [00:00<00:00,  6.62it/s]
Epoch 2/35:  86%|███████████████████████████████████████████████████████████████████████████▍            | 6/7 [00:01<00:00,  4.66it/s]
Epoch 2/35: 100%|████████████████████████████████████████████████████████████████████████████████████████| 7/7 [00:01<00:00,  4.92it/s]
                                                                                                                                       
Epoch [2/35], Total Loss: 8.5304, Reconstruction Loss: 0.7884, Classification Loss: 7.7419, Accuracy: 0.4196

Epoch 3/35:   0%|                                                                                                | 0/7 [00:00<?, ?it/s]
Epoch 3/35:  14%|████████████▌                                                                           | 1/7 [00:00<00:01,  3.98it/s]
Epoch 3/35:  29%|█████████████████████████▏                                                              | 2/7 [00:00<00:00,  5.13it/s]
Epoch 3/35:  57%|██████████████████████████████████████████████████▎                                     | 4/7 [00:00<00:00,  8.01it/s]
Epoch 3/35:  86%|███████████████████████████████████████████████████████████████████████████▍            | 6/7 [00:00<00:00,  6.01it/s]
Epoch 3/35: 100%|████████████████████████████████████████████████████████████████████████████████████████| 7/7 [00:01<00:00,  5.89it/s]
                                                                                                                                       
Epoch [3/35], Total Loss: 8.4690, Reconstruction Loss: 0.7823, Classification Loss: 7.6867, Accuracy: 0.3839

Epoch 4/35:   0%|                                                                                                | 0/7 [00:00<?, ?it/s]
Epoch 4/35:  14%|████████████▌                                                                           | 1/7 [00:00<00:01,  5.04it/s]
Epoch 4/35:  29%|█████████████████████████▏                                                              | 2/7 [00:00<00:00,  5.36it/s]
Epoch 4/35:  43%|█████████████████████████████████████▋                                                  | 3/7 [00:00<00:00,  5.48it/s]
Epoch 4/35:  57%|██████████████████████████████████████████████████▎                                     | 4/7 [00:00<00:00,  5.54it/s]
Epoch 4/35:  71%|██████████████████████████████████████████████████████████████▊                         | 5/7 [00:00<00:00,  5.56it/s]
Epoch 4/35:  86%|███████████████████████████████████████████████████████████████████████████▍            | 6/7 [00:01<00:00,  5.01it/s]
Epoch 4/35: 100%|████████████████████████████████████████████████████████████████████████████████████████| 7/7 [00:01<00:00,  5.83it/s]
                                                                                                                                       
Epoch [4/35], Total Loss: 8.4467, Reconstruction Loss: 0.7924, Classification Loss: 7.6543, Accuracy: 0.3750

Epoch 5/35:   0%|                                                                                                | 0/7 [00:00<?, ?it/s]
Epoch 5/35:  14%|████████████▌                                                                           | 1/7 [00:00<00:01,  4.31it/s]
Epoch 5/35:  29%|█████████████████████████▏                                                              | 2/7 [00:00<00:00,  5.01it/s]
Epoch 5/35:  43%|█████████████████████████████████████▋                                                  | 3/7 [00:00<00:00,  5.28it/s]
Epoch 5/35:  57%|██████████████████████████████████████████████████▎                                     | 4/7 [00:00<00:00,  5.42it/s]
Epoch 5/35:  71%|██████████████████████████████████████████████████████████████▊                         | 5/7 [00:00<00:00,  5.47it/s]
Epoch 5/35:  86%|███████████████████████████████████████████████████████████████████████████▍            | 6/7 [00:01<00:00,  4.01it/s]
                                                                                                                                       
Epoch [5/35], Total Loss: 8.5003, Reconstruction Loss: 0.7894, Classification Loss: 7.7110, Accuracy: 0.3304

Epoch 6/35:   0%|                                                                                                | 0/7 [00:00<?, ?it/s]
Epoch 6/35:  14%|████████████▌                                                                           | 1/7 [00:00<00:01,  4.69it/s]
Epoch 6/35:  29%|█████████████████████████▏                                                              | 2/7 [00:00<00:00,  5.20it/s]
Epoch 6/35:  43%|█████████████████████████████████████▋                                                  | 3/7 [00:00<00:00,  5.39it/s]
Epoch 6/35:  57%|██████████████████████████████████████████████████▎                                     | 4/7 [00:00<00:00,  5.49it/s]
Epoch 6/35:  71%|██████████████████████████████████████████████████████████████▊                         | 5/7 [00:00<00:00,  5.54it/s]
Epoch 6/35:  86%|███████████████████████████████████████████████████████████████████████████▍            | 6/7 [00:01<00:00,  4.27it/s]
Epoch 6/35: 100%|████████████████████████████████████████████████████████████████████████████████████████| 7/7 [00:01<00:00,  4.64it/s]
                                                                                                                                       
Epoch [6/35], Total Loss: 8.4423, Reconstruction Loss: 0.7798, Classification Loss: 7.6626, Accuracy: 0.3750

Epoch 7/35:   0%|                                                                                                | 0/7 [00:00<?, ?it/s]
Epoch 7/35:  14%|████████████▌                                                                           | 1/7 [00:00<00:00,  8.55it/s]
Epoch 7/35:  43%|█████████████████████████████████████▋                                                  | 3/7 [00:00<00:00,  9.04it/s]
Epoch 7/35:  57%|██████████████████████████████████████████████████▎                                     | 4/7 [00:00<00:00,  7.47it/s]
Epoch 7/35:  71%|██████████████████████████████████████████████████████████████▊                         | 5/7 [00:00<00:00,  6.73it/s]
Epoch 7/35:  86%|███████████████████████████████████████████████████████████████████████████▍            | 6/7 [00:01<00:00,  4.75it/s]
Epoch 7/35: 100%|████████████████████████████████████████████████████████████████████████████████████████| 7/7 [00:01<00:00,  4.99it/s]
                                                                                                                                       
Epoch [7/35], Total Loss: 8.3686, Reconstruction Loss: 0.7843, Classification Loss: 7.5842, Accuracy: 0.4107

Epoch 8/35:   0%|                                                                                                | 0/7 [00:00<?, ?it/s]
Epoch 8/35:  14%|████████████▌                                                                           | 1/7 [00:00<00:01,  4.92it/s]
Epoch 8/35:  29%|█████████████████████████▏                                                              | 2/7 [00:00<00:00,  5.33it/s]
Epoch 8/35:  43%|█████████████████████████████████████▋                                                  | 3/7 [00:00<00:00,  5.95it/s]
Epoch 8/35:  71%|██████████████████████████████████████████████████████████████▊                         | 5/7 [00:00<00:00,  8.28it/s]
Epoch 8/35:  86%|███████████████████████████████████████████████████████████████████████████▍            | 6/7 [00:01<00:00,  5.34it/s]
Epoch 8/35: 100%|████████████████████████████████████████████████████████████████████████████████████████| 7/7 [00:01<00:00,  5.43it/s]
                                                                                                                                       
Epoch [8/35], Total Loss: 8.3303, Reconstruction Loss: 0.7660, Classification Loss: 7.5643, Accuracy: 0.3929

Epoch 9/35:   0%|                                                                                                | 0/7 [00:00<?, ?it/s]
Epoch 9/35:  14%|████████████▌                                                                           | 1/7 [00:00<00:01,  5.15it/s]
Epoch 9/35:  29%|█████████████████████████▏                                                              | 2/7 [00:00<00:00,  5.45it/s]
Epoch 9/35:  43%|█████████████████████████████████████▋                                                  | 3/7 [00:00<00:00,  5.49it/s]
Epoch 9/35:  57%|██████████████████████████████████████████████████▎                                     | 4/7 [00:00<00:00,  5.55it/s]
Epoch 9/35:  71%|██████████████████████████████████████████████████████████████▊                         | 5/7 [00:00<00:00,  5.56it/s]
Epoch 9/35:  86%|███████████████████████████████████████████████████████████████████████████▍            | 6/7 [00:01<00:00,  5.06it/s]
                                                                                                                                       
Epoch [9/35], Total Loss: 8.4243, Reconstruction Loss: 0.7734, Classification Loss: 7.6509, Accuracy: 0.3393

Epoch 10/35:   0%|                                                                                               | 0/7 [00:00<?, ?it/s]
Epoch 10/35:  14%|████████████▍                                                                          | 1/7 [00:00<00:01,  4.78it/s]
Epoch 10/35:  29%|████████████████████████▊                                                              | 2/7 [00:00<00:00,  5.28it/s]
Epoch 10/35:  43%|█████████████████████████████████████▎                                                 | 3/7 [00:00<00:00,  5.46it/s]
Epoch 10/35:  57%|█████████████████████████████████████████████████▋                                     | 4/7 [00:00<00:00,  5.53it/s]
Epoch 10/35:  71%|██████████████████████████████████████████████████████████████▏                        | 5/7 [00:00<00:00,  5.57it/s]
Epoch 10/35:  86%|██████████████████████████████████████████████████████████████████████████▌            | 6/7 [00:01<00:00,  5.10it/s]
                                                                                                                                       
Epoch [10/35], Total Loss: 8.3225, Reconstruction Loss: 0.7666, Classification Loss: 7.5559, Accuracy: 0.4196

Epoch 11/35:   0%|                                                                                               | 0/7 [00:00<?, ?it/s]
Epoch 11/35:  14%|████████████▍                                                                          | 1/7 [00:00<00:01,  4.62it/s]
Epoch 11/35:  29%|████████████████████████▊                                                              | 2/7 [00:00<00:00,  5.12it/s]
Epoch 11/35:  43%|█████████████████████████████████████▎                                                 | 3/7 [00:00<00:00,  5.30it/s]
Epoch 11/35:  57%|█████████████████████████████████████████████████▋                                     | 4/7 [00:00<00:00,  5.40it/s]
Epoch 11/35:  71%|██████████████████████████████████████████████████████████████▏                        | 5/7 [00:00<00:00,  5.46it/s]
Epoch 11/35:  86%|██████████████████████████████████████████████████████████████████████████▌            | 6/7 [00:01<00:00,  4.31it/s]
Epoch 11/35: 100%|███████████████████████████████████████████████████████████████████████████████████████| 7/7 [00:01<00:00,  4.66it/s]
                                                                                                                                       
Epoch [11/35], Total Loss: 8.2385, Reconstruction Loss: 0.7663, Classification Loss: 7.4721, Accuracy: 0.3571

Epoch 12/35:   0%|                                                                                               | 0/7 [00:00<?, ?it/s]
Epoch 12/35:  14%|████████████▍                                                                          | 1/7 [00:00<00:00,  9.18it/s]
Epoch 12/35:  43%|█████████████████████████████████████▎                                                 | 3/7 [00:00<00:00, 11.14it/s]
Epoch 12/35:  71%|██████████████████████████████████████████████████████████████▏                        | 5/7 [00:00<00:00,  7.33it/s]
Epoch 12/35:  86%|██████████████████████████████████████████████████████████████████████████▌            | 6/7 [00:00<00:00,  5.17it/s]
Epoch 12/35: 100%|███████████████████████████████████████████████████████████████████████████████████████| 7/7 [00:01<00:00,  5.27it/s]
                                                                                                                                       
Epoch [12/35], Total Loss: 8.1758, Reconstruction Loss: 0.7686, Classification Loss: 7.4072, Accuracy: 0.3482

Epoch 13/35:   0%|                                                                                               | 0/7 [00:00<?, ?it/s]
Epoch 13/35:  14%|████████████▍                                                                          | 1/7 [00:00<00:01,  5.00it/s]
Epoch 13/35:  29%|████████████████████████▊                                                              | 2/7 [00:00<00:00,  5.36it/s]
Epoch 13/35:  43%|█████████████████████████████████████▎                                                 | 3/7 [00:00<00:00,  5.43it/s]
Epoch 13/35:  71%|██████████████████████████████████████████████████████████████▏                        | 5/7 [00:00<00:00,  7.68it/s]
Epoch 13/35:  86%|██████████████████████████████████████████████████████████████████████████▌            | 6/7 [00:01<00:00,  5.09it/s]
Epoch 13/35: 100%|███████████████████████████████████████████████████████████████████████████████████████| 7/7 [00:01<00:00,  5.24it/s]
                                                                                                                                       
Epoch [13/35], Total Loss: 7.9515, Reconstruction Loss: 0.7619, Classification Loss: 7.1896, Accuracy: 0.4911

Epoch 14/35:   0%|                                                                                               | 0/7 [00:00<?, ?it/s]
Epoch 14/35:  14%|████████████▍                                                                          | 1/7 [00:00<00:01,  4.22it/s]
Epoch 14/35:  29%|████████████████████████▊                                                              | 2/7 [00:00<00:01,  4.95it/s]
Epoch 14/35:  43%|█████████████████████████████████████▎                                                 | 3/7 [00:00<00:00,  5.27it/s]
Epoch 14/35:  57%|█████████████████████████████████████████████████▋                                     | 4/7 [00:00<00:00,  5.40it/s]
Epoch 14/35:  71%|██████████████████████████████████████████████████████████████▏                        | 5/7 [00:00<00:00,  5.48it/s]
Epoch 14/35:  86%|██████████████████████████████████████████████████████████████████████████▌            | 6/7 [00:01<00:00,  5.02it/s]
                                                                                                                                       
Epoch [14/35], Total Loss: 8.2373, Reconstruction Loss: 0.7646, Classification Loss: 7.4726, Accuracy: 0.4107

Epoch 15/35:   0%|                                                                                               | 0/7 [00:00<?, ?it/s]
Epoch 15/35:  14%|████████████▍                                                                          | 1/7 [00:00<00:01,  5.05it/s]
Epoch 15/35:  29%|████████████████████████▊                                                              | 2/7 [00:00<00:00,  5.38it/s]
Epoch 15/35:  43%|█████████████████████████████████████▎                                                 | 3/7 [00:00<00:00,  5.45it/s]
Epoch 15/35:  57%|█████████████████████████████████████████████████▋                                     | 4/7 [00:00<00:00,  5.51it/s]
Epoch 15/35:  71%|██████████████████████████████████████████████████████████████▏                        | 5/7 [00:00<00:00,  5.55it/s]
Epoch 15/35:  86%|██████████████████████████████████████████████████████████████████████████▌            | 6/7 [00:01<00:00,  4.01it/s]
Epoch 15/35: 100%|███████████████████████████████████████████████████████████████████████████████████████| 7/7 [00:01<00:00,  4.61it/s]
                                                                                                                                       
Epoch [15/35], Total Loss: 7.7274, Reconstruction Loss: 0.7491, Classification Loss: 6.9783, Accuracy: 0.5893

Epoch 16/35:   0%|                                                                                               | 0/7 [00:00<?, ?it/s]
Epoch 16/35:  14%|████████████▍                                                                          | 1/7 [00:00<00:01,  4.42it/s]
Epoch 16/35:  29%|████████████████████████▊                                                              | 2/7 [00:00<00:00,  5.05it/s]
Epoch 16/35:  43%|█████████████████████████████████████▎                                                 | 3/7 [00:00<00:00,  5.29it/s]
Epoch 16/35:  57%|█████████████████████████████████████████████████▋                                     | 4/7 [00:00<00:00,  5.44it/s]
Epoch 16/35:  71%|██████████████████████████████████████████████████████████████▏                        | 5/7 [00:00<00:00,  5.52it/s]
Epoch 16/35:  86%|██████████████████████████████████████████████████████████████████████████▌            | 6/7 [00:01<00:00,  4.24it/s]
Epoch 16/35: 100%|███████████████████████████████████████████████████████████████████████████████████████| 7/7 [00:01<00:00,  4.61it/s]
                                                                                                                                       
Epoch [16/35], Total Loss: 7.0904, Reconstruction Loss: 0.7475, Classification Loss: 6.3429, Accuracy: 0.6429

Epoch 17/35:   0%|                                                                                               | 0/7 [00:00<?, ?it/s]
Epoch 17/35:  14%|████████████▍                                                                          | 1/7 [00:00<00:00,  8.56it/s]
Epoch 17/35:  43%|█████████████████████████████████████▎                                                 | 3/7 [00:00<00:00, 10.77it/s]
Epoch 17/35:  71%|██████████████████████████████████████████████████████████████▏                        | 5/7 [00:00<00:00,  8.09it/s]
Epoch 17/35:  86%|██████████████████████████████████████████████████████████████████████████▌            | 6/7 [00:00<00:00,  5.49it/s]
Epoch 17/35: 100%|███████████████████████████████████████████████████████████████████████████████████████| 7/7 [00:01<00:00,  5.50it/s]
                                                                                                                                       
Epoch [17/35], Total Loss: 7.0700, Reconstruction Loss: 0.7517, Classification Loss: 6.3184, Accuracy: 0.4911

Epoch 18/35:   0%|                                                                                               | 0/7 [00:00<?, ?it/s]
Epoch 18/35:  14%|████████████▍                                                                          | 1/7 [00:00<00:01,  5.12it/s]
Epoch 18/35:  29%|████████████████████████▊                                                              | 2/7 [00:00<00:00,  5.41it/s]
Epoch 18/35:  43%|█████████████████████████████████████▎                                                 | 3/7 [00:00<00:00,  5.51it/s]
Epoch 18/35:  57%|█████████████████████████████████████████████████▋                                     | 4/7 [00:00<00:00,  5.73it/s]
Epoch 18/35:  86%|██████████████████████████████████████████████████████████████████████████▌            | 6/7 [00:01<00:00,  5.31it/s]
Epoch 18/35: 100%|███████████████████████████████████████████████████████████████████████████████████████| 7/7 [00:01<00:00,  5.39it/s]
                                                                                                                                       
Epoch [18/35], Total Loss: 6.9035, Reconstruction Loss: 0.7591, Classification Loss: 6.1444, Accuracy: 0.5625

Epoch 19/35:   0%|                                                                                               | 0/7 [00:00<?, ?it/s]
Epoch 19/35:  14%|████████████▍                                                                          | 1/7 [00:00<00:01,  3.99it/s]
Epoch 19/35:  29%|████████████████████████▊                                                              | 2/7 [00:00<00:01,  4.80it/s]
Epoch 19/35:  43%|█████████████████████████████████████▎                                                 | 3/7 [00:00<00:00,  5.09it/s]
Epoch 19/35:  57%|█████████████████████████████████████████████████▋                                     | 4/7 [00:00<00:00,  5.23it/s]
Epoch 19/35:  71%|██████████████████████████████████████████████████████████████▏                        | 5/7 [00:00<00:00,  5.35it/s]
Epoch 19/35:  86%|██████████████████████████████████████████████████████████████████████████▌            | 6/7 [00:01<00:00,  4.50it/s]
                                                                                                                                       
Epoch [19/35], Total Loss: 6.6075, Reconstruction Loss: 0.7475, Classification Loss: 5.8600, Accuracy: 0.5804

Epoch 20/35:   0%|                                                                                               | 0/7 [00:00<?, ?it/s]
Epoch 20/35:  14%|████████████▍                                                                          | 1/7 [00:00<00:01,  4.39it/s]
Epoch 20/35:  29%|████████████████████████▊                                                              | 2/7 [00:00<00:01,  4.99it/s]
Epoch 20/35:  43%|█████████████████████████████████████▎                                                 | 3/7 [00:00<00:00,  5.23it/s]
Epoch 20/35:  57%|█████████████████████████████████████████████████▋                                     | 4/7 [00:00<00:00,  5.36it/s]
Epoch 20/35:  71%|██████████████████████████████████████████████████████████████▏                        | 5/7 [00:00<00:00,  5.43it/s]
Epoch 20/35:  86%|██████████████████████████████████████████████████████████████████████████▌            | 6/7 [00:01<00:00,  4.21it/s]
Epoch 20/35: 100%|███████████████████████████████████████████████████████████████████████████████████████| 7/7 [00:01<00:00,  4.59it/s]
                                                                                                                                       
Epoch [20/35], Total Loss: 6.4795, Reconstruction Loss: 0.7477, Classification Loss: 5.7318, Accuracy: 0.6071

Epoch 21/35:   0%|                                                                                               | 0/7 [00:00<?, ?it/s]
Epoch 21/35:  14%|████████████▍                                                                          | 1/7 [00:00<00:00,  8.51it/s]
Epoch 21/35:  29%|████████████████████████▊                                                              | 2/7 [00:00<00:00,  7.07it/s]
Epoch 21/35:  43%|█████████████████████████████████████▎                                                 | 3/7 [00:00<00:00,  6.31it/s]
Epoch 21/35:  57%|█████████████████████████████████████████████████▋                                     | 4/7 [00:00<00:00,  6.02it/s]
Epoch 21/35:  71%|██████████████████████████████████████████████████████████████▏                        | 5/7 [00:00<00:00,  5.87it/s]
Epoch 21/35:  86%|██████████████████████████████████████████████████████████████████████████▌            | 6/7 [00:01<00:00,  4.39it/s]
Epoch 21/35: 100%|███████████████████████████████████████████████████████████████████████████████████████| 7/7 [00:01<00:00,  4.70it/s]
                                                                                                                                       
Epoch [21/35], Total Loss: 6.9692, Reconstruction Loss: 0.7495, Classification Loss: 6.2197, Accuracy: 0.5268

Epoch 22/35:   0%|                                                                                               | 0/7 [00:00<?, ?it/s]
Epoch 22/35:  14%|████████████▍                                                                          | 1/7 [00:00<00:01,  4.76it/s]
Epoch 22/35:  29%|████████████████████████▊                                                              | 2/7 [00:00<00:00,  6.30it/s]
Epoch 22/35:  57%|█████████████████████████████████████████████████▋                                     | 4/7 [00:00<00:00,  8.96it/s]
Epoch 22/35:  71%|██████████████████████████████████████████████████████████████▏                        | 5/7 [00:00<00:00,  8.30it/s]
Epoch 22/35:  86%|██████████████████████████████████████████████████████████████████████████▌            | 6/7 [00:00<00:00,  5.25it/s]
Epoch 22/35: 100%|███████████████████████████████████████████████████████████████████████████████████████| 7/7 [00:01<00:00,  5.36it/s]
                                                                                                                                       
Epoch [22/35], Total Loss: 6.3396, Reconstruction Loss: 0.7384, Classification Loss: 5.6012, Accuracy: 0.6429

Epoch 23/35:   0%|                                                                                               | 0/7 [00:00<?, ?it/s]
Epoch 23/35:  14%|████████████▍                                                                          | 1/7 [00:00<00:01,  4.90it/s]
Epoch 23/35:  29%|████████████████████████▊                                                              | 2/7 [00:00<00:00,  5.32it/s]
Epoch 23/35:  43%|█████████████████████████████████████▎                                                 | 3/7 [00:00<00:00,  5.45it/s]
Epoch 23/35:  57%|█████████████████████████████████████████████████▋                                     | 4/7 [00:00<00:00,  5.52it/s]
Epoch 23/35:  71%|██████████████████████████████████████████████████████████████▏                        | 5/7 [00:00<00:00,  6.02it/s]
Epoch 23/35:  86%|██████████████████████████████████████████████████████████████████████████▌            | 6/7 [00:01<00:00,  5.20it/s]
Epoch 23/35: 100%|███████████████████████████████████████████████████████████████████████████████████████| 7/7 [00:01<00:00,  5.58it/s]
                                                                                                                                       
Epoch [23/35], Total Loss: 5.8646, Reconstruction Loss: 0.7459, Classification Loss: 5.1187, Accuracy: 0.7054

Epoch 24/35:   0%|                                                                                               | 0/7 [00:00<?, ?it/s]
Epoch 24/35:  14%|████████████▍                                                                          | 1/7 [00:00<00:01,  4.51it/s]
Epoch 24/35:  29%|████████████████████████▊                                                              | 2/7 [00:00<00:00,  5.05it/s]
Epoch 24/35:  43%|█████████████████████████████████████▎                                                 | 3/7 [00:00<00:00,  5.27it/s]
Epoch 24/35:  57%|█████████████████████████████████████████████████▋                                     | 4/7 [00:00<00:00,  5.37it/s]
Epoch 24/35:  71%|██████████████████████████████████████████████████████████████▏                        | 5/7 [00:00<00:00,  5.44it/s]
Epoch 24/35:  86%|██████████████████████████████████████████████████████████████████████████▌            | 6/7 [00:01<00:00,  4.13it/s]
                                                                                                                                       
Epoch [24/35], Total Loss: 5.7955, Reconstruction Loss: 0.7462, Classification Loss: 5.0493, Accuracy: 0.7411

Epoch 25/35:   0%|                                                                                               | 0/7 [00:00<?, ?it/s]
Epoch 25/35:  14%|████████████▍                                                                          | 1/7 [00:00<00:01,  4.11it/s]
Epoch 25/35:  29%|████████████████████████▊                                                              | 2/7 [00:00<00:01,  4.90it/s]
Epoch 25/35:  43%|█████████████████████████████████████▎                                                 | 3/7 [00:00<00:00,  5.19it/s]
Epoch 25/35:  57%|█████████████████████████████████████████████████▋                                     | 4/7 [00:00<00:00,  5.36it/s]
Epoch 25/35:  71%|██████████████████████████████████████████████████████████████▏                        | 5/7 [00:00<00:00,  5.44it/s]
Epoch 25/35:  86%|██████████████████████████████████████████████████████████████████████████▌            | 6/7 [00:01<00:00,  4.28it/s]
                                                                                                                                       
Epoch [25/35], Total Loss: 5.3176, Reconstruction Loss: 0.7488, Classification Loss: 4.5688, Accuracy: 0.7411

Epoch 26/35:   0%|                                                                                               | 0/7 [00:00<?, ?it/s]
Epoch 26/35:  14%|████████████▍                                                                          | 1/7 [00:00<00:01,  5.87it/s]
Epoch 26/35:  29%|████████████████████████▊                                                              | 2/7 [00:00<00:00,  5.74it/s]
Epoch 26/35:  43%|█████████████████████████████████████▎                                                 | 3/7 [00:00<00:00,  5.65it/s]
Epoch 26/35:  57%|█████████████████████████████████████████████████▋                                     | 4/7 [00:00<00:00,  5.64it/s]
Epoch 26/35:  71%|██████████████████████████████████████████████████████████████▏                        | 5/7 [00:00<00:00,  5.59it/s]
Epoch 26/35:  86%|██████████████████████████████████████████████████████████████████████████▌            | 6/7 [00:01<00:00,  4.33it/s]
Epoch 26/35: 100%|███████████████████████████████████████████████████████████████████████████████████████| 7/7 [00:01<00:00,  4.67it/s]
                                                                                                                                       
Epoch [26/35], Total Loss: 5.2042, Reconstruction Loss: 0.7504, Classification Loss: 4.4538, Accuracy: 0.7500

Epoch 27/35:   0%|                                                                                               | 0/7 [00:00<?, ?it/s]
Epoch 27/35:  14%|████████████▍                                                                          | 1/7 [00:00<00:00,  6.09it/s]
Epoch 27/35:  43%|█████████████████████████████████████▎                                                 | 3/7 [00:00<00:00,  9.58it/s]
Epoch 27/35:  57%|█████████████████████████████████████████████████▋                                     | 4/7 [00:00<00:00,  9.64it/s]
Epoch 27/35:  71%|██████████████████████████████████████████████████████████████▏                        | 5/7 [00:00<00:00,  7.83it/s]
Epoch 27/35:  86%|██████████████████████████████████████████████████████████████████████████▌            | 6/7 [00:00<00:00,  4.98it/s]
Epoch 27/35: 100%|███████████████████████████████████████████████████████████████████████████████████████| 7/7 [00:01<00:00,  5.17it/s]
                                                                                                                                       
Epoch [27/35], Total Loss: 4.3818, Reconstruction Loss: 0.7443, Classification Loss: 3.6375, Accuracy: 0.8214

Epoch 28/35:   0%|                                                                                               | 0/7 [00:00<?, ?it/s]
Epoch 28/35:  14%|████████████▍                                                                          | 1/7 [00:00<00:01,  4.93it/s]
Epoch 28/35:  29%|████████████████████████▊                                                              | 2/7 [00:00<00:00,  5.32it/s]
Epoch 28/35:  43%|█████████████████████████████████████▎                                                 | 3/7 [00:00<00:00,  5.43it/s]
Epoch 28/35:  57%|█████████████████████████████████████████████████▋                                     | 4/7 [00:00<00:00,  5.51it/s]
Epoch 28/35:  86%|██████████████████████████████████████████████████████████████████████████▌            | 6/7 [00:01<00:00,  5.49it/s]
Epoch 28/35: 100%|███████████████████████████████████████████████████████████████████████████████████████| 7/7 [00:01<00:00,  5.53it/s]
                                                                                                                                       
Epoch [28/35], Total Loss: 3.5625, Reconstruction Loss: 0.7477, Classification Loss: 2.8148, Accuracy: 0.8661

Epoch 29/35:   0%|                                                                                               | 0/7 [00:00<?, ?it/s]
Epoch 29/35:  14%|████████████▍                                                                          | 1/7 [00:00<00:01,  4.82it/s]
Epoch 29/35:  29%|████████████████████████▊                                                              | 2/7 [00:00<00:00,  5.27it/s]
Epoch 29/35:  43%|█████████████████████████████████████▎                                                 | 3/7 [00:00<00:00,  5.44it/s]
Epoch 29/35:  57%|█████████████████████████████████████████████████▋                                     | 4/7 [00:00<00:00,  5.53it/s]
Epoch 29/35:  71%|██████████████████████████████████████████████████████████████▏                        | 5/7 [00:00<00:00,  5.55it/s]
Epoch 29/35:  86%|██████████████████████████████████████████████████████████████████████████▌            | 6/7 [00:01<00:00,  4.46it/s]
                                                                                                                                       
Epoch [29/35], Total Loss: 3.4258, Reconstruction Loss: 0.7394, Classification Loss: 2.6864, Accuracy: 0.9286

Epoch 30/35:   0%|                                                                                               | 0/7 [00:00<?, ?it/s]
Epoch 30/35:  14%|████████████▍                                                                          | 1/7 [00:00<00:01,  4.75it/s]
Epoch 30/35:  29%|████████████████████████▊                                                              | 2/7 [00:00<00:00,  5.24it/s]
Epoch 30/35:  43%|█████████████████████████████████████▎                                                 | 3/7 [00:00<00:00,  5.38it/s]
Epoch 30/35:  57%|█████████████████████████████████████████████████▋                                     | 4/7 [00:00<00:00,  5.44it/s]
Epoch 30/35:  71%|██████████████████████████████████████████████████████████████▏                        | 5/7 [00:00<00:00,  5.48it/s]
Epoch 30/35:  86%|██████████████████████████████████████████████████████████████████████████▌            | 6/7 [00:01<00:00,  4.30it/s]
Epoch 30/35: 100%|███████████████████████████████████████████████████████████████████████████████████████| 7/7 [00:01<00:00,  4.65it/s]
                                                                                                                                       
Epoch [30/35], Total Loss: 2.9798, Reconstruction Loss: 0.7476, Classification Loss: 2.2322, Accuracy: 0.8929

Epoch 31/35:   0%|                                                                                               | 0/7 [00:00<?, ?it/s]
Epoch 31/35:  14%|████████████▍                                                                          | 1/7 [00:00<00:00,  8.95it/s]
Epoch 31/35:  43%|█████████████████████████████████████▎                                                 | 3/7 [00:00<00:00,  9.93it/s]
Epoch 31/35:  57%|█████████████████████████████████████████████████▋                                     | 4/7 [00:00<00:00,  7.87it/s]
Epoch 31/35:  71%|██████████████████████████████████████████████████████████████▏                        | 5/7 [00:00<00:00,  6.95it/s]
Epoch 31/35:  86%|██████████████████████████████████████████████████████████████████████████▌            | 6/7 [00:01<00:00,  4.78it/s]
Epoch 31/35: 100%|███████████████████████████████████████████████████████████████████████████████████████| 7/7 [00:01<00:00,  5.02it/s]
                                                                                                                                       
Epoch [31/35], Total Loss: 3.1712, Reconstruction Loss: 0.7377, Classification Loss: 2.4334, Accuracy: 0.9107

Epoch 32/35:   0%|                                                                                               | 0/7 [00:00<?, ?it/s]
Epoch 32/35:  14%|████████████▍                                                                          | 1/7 [00:00<00:01,  4.53it/s]
Epoch 32/35:  29%|████████████████████████▊                                                              | 2/7 [00:00<00:00,  5.12it/s]
Epoch 32/35:  43%|█████████████████████████████████████▎                                                 | 3/7 [00:00<00:00,  5.66it/s]
Epoch 32/35:  71%|██████████████████████████████████████████████████████████████▏                        | 5/7 [00:00<00:00,  8.04it/s]
Epoch 32/35:  86%|██████████████████████████████████████████████████████████████████████████▌            | 6/7 [00:01<00:00,  5.38it/s]
Epoch 32/35: 100%|███████████████████████████████████████████████████████████████████████████████████████| 7/7 [00:01<00:00,  5.42it/s]
                                                                                                                                       
Epoch [32/35], Total Loss: 2.7959, Reconstruction Loss: 0.7471, Classification Loss: 2.0487, Accuracy: 0.9286

Epoch 33/35:   0%|                                                                                               | 0/7 [00:00<?, ?it/s]
Epoch 33/35:  14%|████████████▍                                                                          | 1/7 [00:00<00:01,  4.87it/s]
Epoch 33/35:  29%|████████████████████████▊                                                              | 2/7 [00:00<00:00,  5.26it/s]
Epoch 33/35:  43%|█████████████████████████████████████▎                                                 | 3/7 [00:00<00:00,  5.37it/s]
Epoch 33/35:  57%|█████████████████████████████████████████████████▋                                     | 4/7 [00:00<00:00,  5.44it/s]
Epoch 33/35:  71%|██████████████████████████████████████████████████████████████▏                        | 5/7 [00:00<00:00,  5.47it/s]
Epoch 33/35:  86%|██████████████████████████████████████████████████████████████████████████▌            | 6/7 [00:01<00:00,  4.96it/s]
                                                                                                                                       
Epoch [33/35], Total Loss: 2.4779, Reconstruction Loss: 0.7417, Classification Loss: 1.7362, Accuracy: 0.9375

Epoch 34/35:   0%|                                                                                               | 0/7 [00:00<?, ?it/s]
Epoch 34/35:  14%|████████████▍                                                                          | 1/7 [00:00<00:01,  4.91it/s]
Epoch 34/35:  29%|████████████████████████▊                                                              | 2/7 [00:00<00:00,  5.28it/s]
Epoch 34/35:  43%|█████████████████████████████████████▎                                                 | 3/7 [00:00<00:00,  5.44it/s]
Epoch 34/35:  57%|█████████████████████████████████████████████████▋                                     | 4/7 [00:00<00:00,  5.52it/s]
Epoch 34/35:  71%|██████████████████████████████████████████████████████████████▏                        | 5/7 [00:00<00:00,  5.55it/s]
Epoch 34/35:  86%|██████████████████████████████████████████████████████████████████████████▌            | 6/7 [00:01<00:00,  4.26it/s]
Epoch 34/35: 100%|███████████████████████████████████████████████████████████████████████████████████████| 7/7 [00:01<00:00,  4.63it/s]
                                                                                                                                       
Epoch [34/35], Total Loss: 2.3594, Reconstruction Loss: 0.7407, Classification Loss: 1.6187, Accuracy: 0.9196

Epoch 35/35:   0%|                                                                                               | 0/7 [00:00<?, ?it/s]
Epoch 35/35:  14%|████████████▍                                                                          | 1/7 [00:00<00:00,  7.09it/s]
Epoch 35/35:  29%|████████████████████████▊                                                              | 2/7 [00:00<00:00,  6.27it/s]
Epoch 35/35:  43%|█████████████████████████████████████▎                                                 | 3/7 [00:00<00:00,  5.94it/s]
Epoch 35/35:  57%|█████████████████████████████████████████████████▋                                     | 4/7 [00:00<00:00,  5.78it/s]
Epoch 35/35:  71%|██████████████████████████████████████████████████████████████▏                        | 5/7 [00:00<00:00,  5.70it/s]
Epoch 35/35:  86%|██████████████████████████████████████████████████████████████████████████▌            | 6/7 [00:01<00:00,  4.19it/s]
Epoch 35/35: 100%|███████████████████████████████████████████████████████████████████████████████████████| 7/7 [00:01<00:00,  4.58it/s]
                                                                                                                                       
Epoch [35/35], Total Loss: 1.7395, Reconstruction Loss: 0.7430, Classification Loss: 0.9965, Accuracy: 0.9643

Evaluating:   0%|                                                                                                | 0/2 [00:00<?, ?it/s]
Evaluating:  50%|████████████████████████████████████████████                                            | 1/2 [00:00<00:00,  5.31it/s]
                                                                                                                                       
Validation Accuracy: 0.9130
Validation Precision: 0.9167
Validation Recall: 0.9394
Validation F1 Score: 0.9190
Number of samples validated on: 23
