
=== Training with 50% of labeled training data ===


Epoch 1/35:   0%|                                                                                 | 0/6 [00:00<?, ?it/s]
Epoch 1/35:   0%|                                                                    | 0/6 [00:00<?, ?it/s, loss=1.5530]
Epoch 1/35:  17%|██████████                                                  | 1/6 [00:00<00:02,  2.15it/s, loss=1.5530]
Epoch 1/35:  17%|██████████                                                  | 1/6 [00:00<00:02,  2.15it/s, loss=1.5038]
Epoch 1/35:  33%|████████████████████                                        | 2/6 [00:00<00:01,  3.33it/s, loss=1.5038]
Epoch 1/35:  33%|████████████████████                                        | 2/6 [00:00<00:01,  3.33it/s, loss=1.5337]
Epoch 1/35:  50%|██████████████████████████████                              | 3/6 [00:00<00:00,  4.04it/s, loss=1.5337]
Epoch 1/35:  50%|██████████████████████████████                              | 3/6 [00:01<00:00,  4.04it/s, loss=1.4841]
Epoch 1/35:  67%|████████████████████████████████████████                    | 4/6 [00:01<00:00,  4.50it/s, loss=1.4841]
Epoch 1/35:  67%|████████████████████████████████████████                    | 4/6 [00:01<00:00,  4.50it/s, loss=1.4851]
Epoch 1/35:  83%|██████████████████████████████████████████████████          | 5/6 [00:01<00:00,  4.73it/s, loss=1.4851]
Epoch 1/35:  83%|██████████████████████████████████████████████████          | 5/6 [00:03<00:00,  4.73it/s, loss=1.4722]
Epoch 1/35: 100%|████████████████████████████████████████████████████████████| 6/6 [00:03<00:00,  1.02it/s, loss=1.4722]
Epoch 1/35: 100%|████████████████████████████████████████████████████████████| 6/6 [00:03<00:00,  1.61it/s, loss=1.4722]

Train Metrics:
--------------------------------------------------
Epoch: 0
Train Loss: 1.5053
Test Loss: 1.4474
Accuracy: 0.3182
Precision: 0.1012
Recall: 0.3182
F1: 0.1536
--------------------------------------------------

Epoch 2/35:   0%|                                                                                 | 0/6 [00:00<?, ?it/s]
Epoch 2/35:   0%|                                                                    | 0/6 [00:00<?, ?it/s, loss=1.4486]
Epoch 2/35:  17%|██████████                                                  | 1/6 [00:00<00:02,  2.06it/s, loss=1.4486]
Epoch 2/35:  17%|██████████                                                  | 1/6 [00:00<00:02,  2.06it/s, loss=1.3989]
Epoch 2/35:  33%|████████████████████                                        | 2/6 [00:00<00:01,  3.23it/s, loss=1.3989]
Epoch 2/35:  33%|████████████████████                                        | 2/6 [00:00<00:01,  3.23it/s, loss=1.3916]
Epoch 2/35:  50%|██████████████████████████████                              | 3/6 [00:00<00:00,  3.97it/s, loss=1.3916]
Epoch 2/35:  50%|██████████████████████████████                              | 3/6 [00:01<00:00,  3.97it/s, loss=1.3532]
Epoch 2/35:  67%|████████████████████████████████████████                    | 4/6 [00:01<00:00,  4.44it/s, loss=1.3532]
Epoch 2/35:  67%|████████████████████████████████████████                    | 4/6 [00:01<00:00,  4.44it/s, loss=1.3570]
Epoch 2/35:  83%|██████████████████████████████████████████████████          | 5/6 [00:01<00:00,  4.70it/s, loss=1.3570]
Epoch 2/35:  83%|██████████████████████████████████████████████████          | 5/6 [00:01<00:00,  4.70it/s, loss=1.3485]
Epoch 2/35: 100%|████████████████████████████████████████████████████████████| 6/6 [00:01<00:00,  5.43it/s, loss=1.3485]
Epoch 2/35: 100%|████████████████████████████████████████████████████████████| 6/6 [00:01<00:00,  4.24it/s, loss=1.3485]

Train Metrics:
--------------------------------------------------
Running experiment with batch_size=16, lr=0.0002
Epoch: 1
Train Loss: 1.3830
Test Loss: 1.3193
Accuracy: 0.3182
Precision: 0.1012
Recall: 0.3182
F1: 0.1536
--------------------------------------------------

Epoch 3/35:   0%|                                                                                 | 0/6 [00:00<?, ?it/s]
Epoch 3/35:   0%|                                                                    | 0/6 [00:00<?, ?it/s, loss=1.3180]
Epoch 3/35:  17%|██████████                                                  | 1/6 [00:00<00:02,  2.23it/s, loss=1.3180]
Epoch 3/35:  17%|██████████                                                  | 1/6 [00:00<00:02,  2.23it/s, loss=1.2837]
Epoch 3/35:  33%|████████████████████                                        | 2/6 [00:00<00:01,  3.42it/s, loss=1.2837]
Epoch 3/35:  33%|████████████████████                                        | 2/6 [00:00<00:01,  3.42it/s, loss=1.2631]
Epoch 3/35:  50%|██████████████████████████████                              | 3/6 [00:00<00:00,  4.09it/s, loss=1.2631]
Epoch 3/35:  50%|██████████████████████████████                              | 3/6 [00:01<00:00,  4.09it/s, loss=1.2594]
Epoch 3/35:  67%|████████████████████████████████████████                    | 4/6 [00:01<00:00,  4.52it/s, loss=1.2594]
Epoch 3/35:  67%|████████████████████████████████████████                    | 4/6 [00:01<00:00,  4.52it/s, loss=1.2636]
Epoch 3/35:  83%|██████████████████████████████████████████████████          | 5/6 [00:01<00:00,  4.75it/s, loss=1.2636]
Epoch 3/35:  83%|██████████████████████████████████████████████████          | 5/6 [00:01<00:00,  4.75it/s, loss=1.2341]
Epoch 3/35: 100%|████████████████████████████████████████████████████████████| 6/6 [00:01<00:00,  5.46it/s, loss=1.2341]
Epoch 3/35: 100%|████████████████████████████████████████████████████████████| 6/6 [00:01<00:00,  4.35it/s, loss=1.2341]

Train Metrics:
--------------------------------------------------
Epoch: 2
Train Loss: 1.2703
Test Loss: 1.2371
Accuracy: 0.3182
Precision: 0.1012
Recall: 0.3182
F1: 0.1536
--------------------------------------------------

Epoch 4/35:   0%|                                                                                 | 0/6 [00:00<?, ?it/s]
Epoch 4/35:   0%|                                                                    | 0/6 [00:00<?, ?it/s, loss=1.2363]
Epoch 4/35:  17%|██████████                                                  | 1/6 [00:00<00:02,  1.82it/s, loss=1.2363]
Epoch 4/35:  17%|██████████                                                  | 1/6 [00:00<00:02,  1.82it/s, loss=1.2019]
Epoch 4/35:  33%|████████████████████                                        | 2/6 [00:00<00:01,  2.99it/s, loss=1.2019]
Epoch 4/35:  33%|████████████████████                                        | 2/6 [00:00<00:01,  2.99it/s, loss=1.2204]
Epoch 4/35:  50%|██████████████████████████████                              | 3/6 [00:00<00:00,  3.77it/s, loss=1.2204]
Epoch 4/35:  50%|██████████████████████████████                              | 3/6 [00:01<00:00,  3.77it/s, loss=1.1975]
Epoch 4/35:  67%|████████████████████████████████████████                    | 4/6 [00:01<00:00,  4.28it/s, loss=1.1975]
Epoch 4/35:  67%|████████████████████████████████████████                    | 4/6 [00:01<00:00,  4.28it/s, loss=1.1984]
Epoch 4/35:  83%|██████████████████████████████████████████████████          | 5/6 [00:01<00:00,  4.57it/s, loss=1.1984]
Epoch 4/35:  83%|██████████████████████████████████████████████████          | 5/6 [00:01<00:00,  4.57it/s, loss=1.2206]
Epoch 4/35: 100%|████████████████████████████████████████████████████████████| 6/6 [00:01<00:00,  5.31it/s, loss=1.2206]
Epoch 4/35: 100%|████████████████████████████████████████████████████████████| 6/6 [00:01<00:00,  4.08it/s, loss=1.2206]

Train Metrics:
--------------------------------------------------
Epoch: 3
Train Loss: 1.2125
Test Loss: 1.1937
Accuracy: 0.3182
Precision: 0.1012
Recall: 0.3182
F1: 0.1536
--------------------------------------------------

Epoch 5/35:   0%|                                                                                 | 0/6 [00:00<?, ?it/s]
Epoch 5/35:   0%|                                                                    | 0/6 [00:00<?, ?it/s, loss=1.1995]
Epoch 5/35:  17%|██████████                                                  | 1/6 [00:00<00:02,  2.12it/s, loss=1.1995]
Epoch 5/35:  17%|██████████                                                  | 1/6 [00:00<00:02,  2.12it/s, loss=1.1720]
Epoch 5/35:  33%|████████████████████                                        | 2/6 [00:00<00:01,  3.31it/s, loss=1.1720]
Epoch 5/35:  33%|████████████████████                                        | 2/6 [00:00<00:01,  3.31it/s, loss=1.1760]
Epoch 5/35:  50%|██████████████████████████████                              | 3/6 [00:00<00:00,  4.01it/s, loss=1.1760]
Epoch 5/35:  50%|██████████████████████████████                              | 3/6 [00:01<00:00,  4.01it/s, loss=1.1645]
Epoch 5/35:  67%|████████████████████████████████████████                    | 4/6 [00:01<00:00,  4.46it/s, loss=1.1645]
Epoch 5/35:  67%|████████████████████████████████████████                    | 4/6 [00:01<00:00,  4.46it/s, loss=1.1810]
Epoch 5/35:  83%|██████████████████████████████████████████████████          | 5/6 [00:01<00:00,  4.68it/s, loss=1.1810]
Epoch 5/35:  83%|██████████████████████████████████████████████████          | 5/6 [00:01<00:00,  4.68it/s, loss=1.1601]
Epoch 5/35: 100%|████████████████████████████████████████████████████████████| 6/6 [00:01<00:00,  5.42it/s, loss=1.1601]
Epoch 5/35: 100%|████████████████████████████████████████████████████████████| 6/6 [00:01<00:00,  4.29it/s, loss=1.1601]

Train Metrics:
--------------------------------------------------
Epoch: 4
Train Loss: 1.1755
Test Loss: 1.1693
Accuracy: 0.4091
Precision: 0.2955
Recall: 0.4091
F1: 0.3333
--------------------------------------------------

Epoch 6/35:   0%|                                                                                 | 0/6 [00:00<?, ?it/s]
Epoch 6/35:   0%|                                                                    | 0/6 [00:00<?, ?it/s, loss=1.1542]
Epoch 6/35:  17%|██████████                                                  | 1/6 [00:00<00:02,  2.04it/s, loss=1.1542]
Epoch 6/35:  17%|██████████                                                  | 1/6 [00:00<00:02,  2.04it/s, loss=1.1586]
Epoch 6/35:  33%|████████████████████                                        | 2/6 [00:00<00:01,  3.23it/s, loss=1.1586]
Epoch 6/35:  33%|████████████████████                                        | 2/6 [00:00<00:01,  3.23it/s, loss=1.1572]
Epoch 6/35:  50%|██████████████████████████████                              | 3/6 [00:00<00:00,  3.96it/s, loss=1.1572]
Epoch 6/35:  50%|██████████████████████████████                              | 3/6 [00:01<00:00,  3.96it/s, loss=1.1583]
Epoch 6/35:  67%|████████████████████████████████████████                    | 4/6 [00:01<00:00,  4.43it/s, loss=1.1583]
Epoch 6/35:  67%|████████████████████████████████████████                    | 4/6 [00:01<00:00,  4.43it/s, loss=1.1518]
Epoch 6/35:  83%|██████████████████████████████████████████████████          | 5/6 [00:01<00:00,  4.66it/s, loss=1.1518]
Epoch 6/35:  83%|██████████████████████████████████████████████████          | 5/6 [00:01<00:00,  4.66it/s, loss=1.1540]
Epoch 6/35: 100%|████████████████████████████████████████████████████████████| 6/6 [00:01<00:00,  5.40it/s, loss=1.1540]
Epoch 6/35: 100%|████████████████████████████████████████████████████████████| 6/6 [00:01<00:00,  4.23it/s, loss=1.1540]

Train Metrics:
--------------------------------------------------
Epoch: 5
Train Loss: 1.1557
Test Loss: 1.1499
Accuracy: 0.3636
Precision: 0.4242
Recall: 0.3636
F1: 0.2386
--------------------------------------------------

Epoch 7/35:   0%|                                                                                 | 0/6 [00:00<?, ?it/s]
Epoch 7/35:   0%|                                                                    | 0/6 [00:00<?, ?it/s, loss=1.1459]
Epoch 7/35:  17%|██████████                                                  | 1/6 [00:00<00:02,  2.10it/s, loss=1.1459]
Epoch 7/35:  17%|██████████                                                  | 1/6 [00:00<00:02,  2.10it/s, loss=1.1420]
Epoch 7/35:  33%|████████████████████                                        | 2/6 [00:00<00:01,  3.29it/s, loss=1.1420]
Epoch 7/35:  33%|████████████████████                                        | 2/6 [00:00<00:01,  3.29it/s, loss=1.1521]
Epoch 7/35:  50%|██████████████████████████████                              | 3/6 [00:00<00:00,  4.02it/s, loss=1.1521]
Epoch 7/35:  50%|██████████████████████████████                              | 3/6 [00:01<00:00,  4.02it/s, loss=1.1474]
Epoch 7/35:  67%|████████████████████████████████████████                    | 4/6 [00:01<00:00,  4.48it/s, loss=1.1474]
Epoch 7/35:  67%|████████████████████████████████████████                    | 4/6 [00:01<00:00,  4.48it/s, loss=1.1427]
Epoch 7/35:  83%|██████████████████████████████████████████████████          | 5/6 [00:01<00:00,  4.69it/s, loss=1.1427]
Epoch 7/35:  83%|██████████████████████████████████████████████████          | 5/6 [00:01<00:00,  4.69it/s, loss=1.1342]
Epoch 7/35: 100%|████████████████████████████████████████████████████████████| 6/6 [00:01<00:00,  5.42it/s, loss=1.1342]
Epoch 7/35: 100%|████████████████████████████████████████████████████████████| 6/6 [00:01<00:00,  4.29it/s, loss=1.1342]

Train Metrics:
--------------------------------------------------
Epoch: 6
Train Loss: 1.1441
Test Loss: 1.1397
Accuracy: 0.3182
Precision: 0.1012
Recall: 0.3182
F1: 0.1536
--------------------------------------------------

Epoch 8/35:   0%|                                                                                 | 0/6 [00:00<?, ?it/s]
Epoch 8/35:   0%|                                                                    | 0/6 [00:00<?, ?it/s, loss=1.1441]
Epoch 8/35:  17%|██████████                                                  | 1/6 [00:00<00:02,  2.12it/s, loss=1.1441]
Epoch 8/35:  17%|██████████                                                  | 1/6 [00:00<00:02,  2.12it/s, loss=1.1360]
Epoch 8/35:  33%|████████████████████                                        | 2/6 [00:00<00:01,  3.29it/s, loss=1.1360]
Epoch 8/35:  33%|████████████████████                                        | 2/6 [00:00<00:01,  3.29it/s, loss=1.1306]
Epoch 8/35:  50%|██████████████████████████████                              | 3/6 [00:00<00:00,  4.02it/s, loss=1.1306]
Epoch 8/35:  50%|██████████████████████████████                              | 3/6 [00:01<00:00,  4.02it/s, loss=1.1380]
Epoch 8/35:  67%|████████████████████████████████████████                    | 4/6 [00:01<00:00,  4.47it/s, loss=1.1380]
Epoch 8/35:  67%|████████████████████████████████████████                    | 4/6 [00:01<00:00,  4.47it/s, loss=1.1269]
Epoch 8/35:  83%|██████████████████████████████████████████████████          | 5/6 [00:01<00:00,  4.69it/s, loss=1.1269]
Epoch 8/35:  83%|██████████████████████████████████████████████████          | 5/6 [00:01<00:00,  4.69it/s, loss=1.1476]
Epoch 8/35: 100%|████████████████████████████████████████████████████████████| 6/6 [00:01<00:00,  5.42it/s, loss=1.1476]
Epoch 8/35: 100%|████████████████████████████████████████████████████████████| 6/6 [00:01<00:00,  4.28it/s, loss=1.1476]

Train Metrics:
--------------------------------------------------
Epoch: 7
Train Loss: 1.1372
Test Loss: 1.1373
Accuracy: 0.3182
Precision: 0.1012
Recall: 0.3182
F1: 0.1536
--------------------------------------------------

Epoch 9/35:   0%|                                                                                 | 0/6 [00:00<?, ?it/s]
Epoch 9/35:   0%|                                                                    | 0/6 [00:00<?, ?it/s, loss=1.1453]
Epoch 9/35:  17%|██████████                                                  | 1/6 [00:00<00:02,  2.11it/s, loss=1.1453]
Epoch 9/35:  17%|██████████                                                  | 1/6 [00:00<00:02,  2.11it/s, loss=1.1318]
Epoch 9/35:  33%|████████████████████                                        | 2/6 [00:00<00:01,  3.29it/s, loss=1.1318]
Epoch 9/35:  33%|████████████████████                                        | 2/6 [00:00<00:01,  3.29it/s, loss=1.1137]
Epoch 9/35:  50%|██████████████████████████████                              | 3/6 [00:00<00:00,  4.02it/s, loss=1.1137]
Epoch 9/35:  50%|██████████████████████████████                              | 3/6 [00:01<00:00,  4.02it/s, loss=1.1275]
Epoch 9/35:  67%|████████████████████████████████████████                    | 4/6 [00:01<00:00,  4.47it/s, loss=1.1275]
Epoch 9/35:  67%|████████████████████████████████████████                    | 4/6 [00:01<00:00,  4.47it/s, loss=1.1384]
Epoch 9/35:  83%|██████████████████████████████████████████████████          | 5/6 [00:01<00:00,  4.71it/s, loss=1.1384]
Epoch 9/35:  83%|██████████████████████████████████████████████████          | 5/6 [00:01<00:00,  4.71it/s, loss=1.1427]
Epoch 9/35: 100%|████████████████████████████████████████████████████████████| 6/6 [00:01<00:00,  5.44it/s, loss=1.1427]
Epoch 9/35: 100%|████████████████████████████████████████████████████████████| 6/6 [00:01<00:00,  4.31it/s, loss=1.1427]

Train Metrics:
--------------------------------------------------
Epoch: 8
Train Loss: 1.1332
Test Loss: 1.1344
Accuracy: 0.3182
Precision: 0.1012
Recall: 0.3182
F1: 0.1536
--------------------------------------------------

Epoch 10/35:   0%|                                                                                | 0/6 [00:00<?, ?it/s]
Epoch 10/35:   0%|                                                                   | 0/6 [00:00<?, ?it/s, loss=1.1184]
Epoch 10/35:  17%|█████████▊                                                 | 1/6 [00:00<00:02,  2.11it/s, loss=1.1184]
Epoch 10/35:  17%|█████████▊                                                 | 1/6 [00:00<00:02,  2.11it/s, loss=1.1102]
Epoch 10/35:  33%|███████████████████▋                                       | 2/6 [00:00<00:01,  3.28it/s, loss=1.1102]
Epoch 10/35:  33%|███████████████████▋                                       | 2/6 [00:00<00:01,  3.28it/s, loss=1.1437]
Epoch 10/35:  50%|█████████████████████████████▌                             | 3/6 [00:00<00:00,  4.02it/s, loss=1.1437]
Epoch 10/35:  50%|█████████████████████████████▌                             | 3/6 [00:01<00:00,  4.02it/s, loss=1.1305]
Epoch 10/35:  67%|███████████████████████████████████████▎                   | 4/6 [00:01<00:00,  4.47it/s, loss=1.1305]
Epoch 10/35:  67%|███████████████████████████████████████▎                   | 4/6 [00:01<00:00,  4.47it/s, loss=1.1234]
Epoch 10/35:  83%|█████████████████████████████████████████████████▏         | 5/6 [00:01<00:00,  4.71it/s, loss=1.1234]
Epoch 10/35:  83%|█████████████████████████████████████████████████▏         | 5/6 [00:01<00:00,  4.71it/s, loss=1.1270]
Epoch 10/35: 100%|███████████████████████████████████████████████████████████| 6/6 [00:01<00:00,  5.45it/s, loss=1.1270]
Epoch 10/35: 100%|███████████████████████████████████████████████████████████| 6/6 [00:01<00:00,  4.29it/s, loss=1.1270]

Train Metrics:
--------------------------------------------------
Epoch: 9
Train Loss: 1.1255
Test Loss: 1.1270
Accuracy: 0.4091
Precision: 0.4295
Recall: 0.4091
F1: 0.3064
--------------------------------------------------

Epoch 11/35:   0%|                                                                                | 0/6 [00:00<?, ?it/s]
Epoch 11/35:   0%|                                                                   | 0/6 [00:00<?, ?it/s, loss=1.1281]
Epoch 11/35:  17%|█████████▊                                                 | 1/6 [00:00<00:02,  2.14it/s, loss=1.1281]
Epoch 11/35:  17%|█████████▊                                                 | 1/6 [00:00<00:02,  2.14it/s, loss=1.1084]
Epoch 11/35:  33%|███████████████████▋                                       | 2/6 [00:00<00:01,  3.33it/s, loss=1.1084]
Epoch 11/35:  33%|███████████████████▋                                       | 2/6 [00:00<00:01,  3.33it/s, loss=1.1433]
Epoch 11/35:  50%|█████████████████████████████▌                             | 3/6 [00:00<00:00,  4.05it/s, loss=1.1433]
Epoch 11/35:  50%|█████████████████████████████▌                             | 3/6 [00:01<00:00,  4.05it/s, loss=1.1192]
Epoch 11/35:  67%|███████████████████████████████████████▎                   | 4/6 [00:01<00:00,  4.51it/s, loss=1.1192]
Epoch 11/35:  67%|███████████████████████████████████████▎                   | 4/6 [00:01<00:00,  4.51it/s, loss=1.1174]
Epoch 11/35:  83%|█████████████████████████████████████████████████▏         | 5/6 [00:01<00:00,  4.73it/s, loss=1.1174]
Epoch 11/35:  83%|█████████████████████████████████████████████████▏         | 5/6 [00:01<00:00,  4.73it/s, loss=1.1320]
Epoch 11/35: 100%|███████████████████████████████████████████████████████████| 6/6 [00:01<00:00,  5.46it/s, loss=1.1320]
Epoch 11/35: 100%|███████████████████████████████████████████████████████████| 6/6 [00:01<00:00,  4.32it/s, loss=1.1320]

Train Metrics:
--------------------------------------------------
Epoch: 10
Train Loss: 1.1247
Test Loss: 1.1259
Accuracy: 0.3182
Precision: 0.1012
Recall: 0.3182
F1: 0.1536
--------------------------------------------------

Epoch 12/35:   0%|                                                                                | 0/6 [00:00<?, ?it/s]
Epoch 12/35:   0%|                                                                   | 0/6 [00:00<?, ?it/s, loss=1.1235]
Epoch 12/35:  17%|█████████▊                                                 | 1/6 [00:00<00:02,  2.11it/s, loss=1.1235]
Epoch 12/35:  17%|█████████▊                                                 | 1/6 [00:00<00:02,  2.11it/s, loss=1.1231]
Epoch 12/35:  33%|███████████████████▋                                       | 2/6 [00:00<00:01,  3.31it/s, loss=1.1231]
Epoch 12/35:  33%|███████████████████▋                                       | 2/6 [00:00<00:01,  3.31it/s, loss=1.1123]
Epoch 12/35:  50%|█████████████████████████████▌                             | 3/6 [00:00<00:00,  4.04it/s, loss=1.1123]
Epoch 12/35:  50%|█████████████████████████████▌                             | 3/6 [00:01<00:00,  4.04it/s, loss=1.1206]
Epoch 12/35:  67%|███████████████████████████████████████▎                   | 4/6 [00:01<00:00,  4.48it/s, loss=1.1206]
Epoch 12/35:  67%|███████████████████████████████████████▎                   | 4/6 [00:01<00:00,  4.48it/s, loss=1.1267]
Epoch 12/35:  83%|█████████████████████████████████████████████████▏         | 5/6 [00:01<00:00,  4.71it/s, loss=1.1267]
Epoch 12/35:  83%|█████████████████████████████████████████████████▏         | 5/6 [00:01<00:00,  4.71it/s, loss=1.1105]
Epoch 12/35: 100%|███████████████████████████████████████████████████████████| 6/6 [00:01<00:00,  5.45it/s, loss=1.1105]
Epoch 12/35: 100%|███████████████████████████████████████████████████████████| 6/6 [00:01<00:00,  4.31it/s, loss=1.1105]

Train Metrics:
--------------------------------------------------
Epoch: 11
Train Loss: 1.1194
Test Loss: 1.1220
Accuracy: 0.3636
Precision: 0.2652
Recall: 0.3636
F1: 0.2684
--------------------------------------------------

Epoch 13/35:   0%|                                                                                | 0/6 [00:00<?, ?it/s]
Epoch 13/35:   0%|                                                                   | 0/6 [00:00<?, ?it/s, loss=1.1204]
Epoch 13/35:  17%|█████████▊                                                 | 1/6 [00:00<00:02,  2.15it/s, loss=1.1204]
Epoch 13/35:  17%|█████████▊                                                 | 1/6 [00:00<00:02,  2.15it/s, loss=1.1170]
Epoch 13/35:  33%|███████████████████▋                                       | 2/6 [00:00<00:01,  3.33it/s, loss=1.1170]
Epoch 13/35:  33%|███████████████████▋                                       | 2/6 [00:00<00:01,  3.33it/s, loss=1.1270]
Epoch 13/35:  50%|█████████████████████████████▌                             | 3/6 [00:00<00:00,  4.05it/s, loss=1.1270]
Epoch 13/35:  50%|█████████████████████████████▌                             | 3/6 [00:01<00:00,  4.05it/s, loss=1.1194]
Epoch 13/35:  67%|███████████████████████████████████████▎                   | 4/6 [00:01<00:00,  4.50it/s, loss=1.1194]
Epoch 13/35:  67%|███████████████████████████████████████▎                   | 4/6 [00:01<00:00,  4.50it/s, loss=1.1118]
Epoch 13/35:  83%|█████████████████████████████████████████████████▏         | 5/6 [00:01<00:00,  4.71it/s, loss=1.1118]
Epoch 13/35:  83%|█████████████████████████████████████████████████▏         | 5/6 [00:01<00:00,  4.71it/s, loss=1.1283]
Epoch 13/35: 100%|███████████████████████████████████████████████████████████| 6/6 [00:01<00:00,  5.45it/s, loss=1.1283]
Epoch 13/35: 100%|███████████████████████████████████████████████████████████| 6/6 [00:01<00:00,  4.32it/s, loss=1.1283]

Train Metrics:
--------------------------------------------------
Epoch: 12
Train Loss: 1.1206
Test Loss: 1.1250
Accuracy: 0.3636
Precision: 0.4242
Recall: 0.3636
F1: 0.2386
--------------------------------------------------

Epoch 14/35:   0%|                                                                                | 0/6 [00:00<?, ?it/s]
Epoch 14/35:   0%|                                                                   | 0/6 [00:00<?, ?it/s, loss=1.1201]
Epoch 14/35:  17%|█████████▊                                                 | 1/6 [00:00<00:02,  2.02it/s, loss=1.1201]
Epoch 14/35:  17%|█████████▊                                                 | 1/6 [00:00<00:02,  2.02it/s, loss=1.1091]
Epoch 14/35:  33%|███████████████████▋                                       | 2/6 [00:00<00:01,  3.20it/s, loss=1.1091]
Epoch 14/35:  33%|███████████████████▋                                       | 2/6 [00:00<00:01,  3.20it/s, loss=1.1161]
Epoch 14/35:  50%|█████████████████████████████▌                             | 3/6 [00:00<00:00,  3.94it/s, loss=1.1161]
Epoch 14/35:  50%|█████████████████████████████▌                             | 3/6 [00:01<00:00,  3.94it/s, loss=1.1280]
Epoch 14/35:  67%|███████████████████████████████████████▎                   | 4/6 [00:01<00:00,  4.43it/s, loss=1.1280]
Epoch 14/35:  67%|███████████████████████████████████████▎                   | 4/6 [00:01<00:00,  4.43it/s, loss=1.1120]
Epoch 14/35:  83%|█████████████████████████████████████████████████▏         | 5/6 [00:01<00:00,  4.66it/s, loss=1.1120]
Epoch 14/35:  83%|█████████████████████████████████████████████████▏         | 5/6 [00:01<00:00,  4.66it/s, loss=1.1225]
Epoch 14/35: 100%|███████████████████████████████████████████████████████████| 6/6 [00:01<00:00,  5.41it/s, loss=1.1225]
Epoch 14/35: 100%|███████████████████████████████████████████████████████████| 6/6 [00:01<00:00,  4.23it/s, loss=1.1225]

Train Metrics:
--------------------------------------------------
Epoch: 13
Train Loss: 1.1180
Test Loss: 1.1197
Accuracy: 0.3636
Precision: 0.4242
Recall: 0.3636
F1: 0.2386
--------------------------------------------------

Epoch 15/35:   0%|                                                                                | 0/6 [00:00<?, ?it/s]
Epoch 15/35:   0%|                                                                   | 0/6 [00:00<?, ?it/s, loss=1.1230]
Epoch 15/35:  17%|█████████▊                                                 | 1/6 [00:00<00:02,  2.13it/s, loss=1.1230]
Epoch 15/35:  17%|█████████▊                                                 | 1/6 [00:00<00:02,  2.13it/s, loss=1.1192]
Epoch 15/35:  33%|███████████████████▋                                       | 2/6 [00:00<00:01,  3.33it/s, loss=1.1192]
Epoch 15/35:  33%|███████████████████▋                                       | 2/6 [00:00<00:01,  3.33it/s, loss=1.1295]
Epoch 15/35:  50%|█████████████████████████████▌                             | 3/6 [00:00<00:00,  4.04it/s, loss=1.1295]
Epoch 15/35:  50%|█████████████████████████████▌                             | 3/6 [00:01<00:00,  4.04it/s, loss=1.1157]
Epoch 15/35:  67%|███████████████████████████████████████▎                   | 4/6 [00:01<00:00,  4.48it/s, loss=1.1157]
Epoch 15/35:  67%|███████████████████████████████████████▎                   | 4/6 [00:01<00:00,  4.48it/s, loss=1.1037]
Epoch 15/35:  83%|█████████████████████████████████████████████████▏         | 5/6 [00:01<00:00,  4.69it/s, loss=1.1037]
Epoch 15/35:  83%|█████████████████████████████████████████████████▏         | 5/6 [00:01<00:00,  4.69it/s, loss=1.1146]
Epoch 15/35: 100%|███████████████████████████████████████████████████████████| 6/6 [00:01<00:00,  5.44it/s, loss=1.1146]
Epoch 15/35: 100%|███████████████████████████████████████████████████████████| 6/6 [00:01<00:00,  4.30it/s, loss=1.1146]

Train Metrics:
--------------------------------------------------
Epoch: 14
Train Loss: 1.1176
Test Loss: 1.1186
Accuracy: 0.3636
Precision: 0.4242
Recall: 0.3636
F1: 0.2386
--------------------------------------------------

Epoch 16/35:   0%|                                                                                | 0/6 [00:00<?, ?it/s]
Epoch 16/35:   0%|                                                                   | 0/6 [00:00<?, ?it/s, loss=1.1126]
Epoch 16/35:  17%|█████████▊                                                 | 1/6 [00:00<00:02,  2.13it/s, loss=1.1126]
Epoch 16/35:  17%|█████████▊                                                 | 1/6 [00:00<00:02,  2.13it/s, loss=1.1175]
Epoch 16/35:  33%|███████████████████▋                                       | 2/6 [00:00<00:01,  3.30it/s, loss=1.1175]
Epoch 16/35:  33%|███████████████████▋                                       | 2/6 [00:00<00:01,  3.30it/s, loss=1.1188]
Epoch 16/35:  50%|█████████████████████████████▌                             | 3/6 [00:00<00:00,  4.02it/s, loss=1.1188]
Epoch 16/35:  50%|█████████████████████████████▌                             | 3/6 [00:01<00:00,  4.02it/s, loss=1.1118]
Epoch 16/35:  67%|███████████████████████████████████████▎                   | 4/6 [00:01<00:00,  4.48it/s, loss=1.1118]
Epoch 16/35:  67%|███████████████████████████████████████▎                   | 4/6 [00:01<00:00,  4.48it/s, loss=1.1131]
Epoch 16/35:  83%|█████████████████████████████████████████████████▏         | 5/6 [00:01<00:00,  4.69it/s, loss=1.1131]
Epoch 16/35:  83%|█████████████████████████████████████████████████▏         | 5/6 [00:01<00:00,  4.69it/s, loss=1.1057]
Epoch 16/35: 100%|███████████████████████████████████████████████████████████| 6/6 [00:01<00:00,  5.42it/s, loss=1.1057]
Epoch 16/35: 100%|███████████████████████████████████████████████████████████| 6/6 [00:01<00:00,  4.28it/s, loss=1.1057]

Train Metrics:
--------------------------------------------------
Epoch: 15
Train Loss: 1.1132
Test Loss: 1.1175
Accuracy: 0.4091
Precision: 0.4295
Recall: 0.4091
F1: 0.3064
--------------------------------------------------

Epoch 17/35:   0%|                                                                                | 0/6 [00:00<?, ?it/s]
Epoch 17/35:   0%|                                                                   | 0/6 [00:00<?, ?it/s, loss=1.1110]
Epoch 17/35:  17%|█████████▊                                                 | 1/6 [00:00<00:02,  2.25it/s, loss=1.1110]
Epoch 17/35:  17%|█████████▊                                                 | 1/6 [00:00<00:02,  2.25it/s, loss=1.1126]
Epoch 17/35:  33%|███████████████████▋                                       | 2/6 [00:00<00:01,  3.43it/s, loss=1.1126]
Epoch 17/35:  33%|███████████████████▋                                       | 2/6 [00:00<00:01,  3.43it/s, loss=1.1213]
Epoch 17/35:  50%|█████████████████████████████▌                             | 3/6 [00:00<00:00,  4.13it/s, loss=1.1213]
Epoch 17/35:  50%|█████████████████████████████▌                             | 3/6 [00:00<00:00,  4.13it/s, loss=1.1067]
Epoch 17/35:  67%|███████████████████████████████████████▎                   | 4/6 [00:00<00:00,  4.57it/s, loss=1.1067]
Epoch 17/35:  67%|███████████████████████████████████████▎                   | 4/6 [00:01<00:00,  4.57it/s, loss=1.1089]
Epoch 17/35:  83%|█████████████████████████████████████████████████▏         | 5/6 [00:01<00:00,  4.76it/s, loss=1.1089]
Epoch 17/35:  83%|█████████████████████████████████████████████████▏         | 5/6 [00:01<00:00,  4.76it/s, loss=1.1096]
Epoch 17/35: 100%|███████████████████████████████████████████████████████████| 6/6 [00:01<00:00,  5.47it/s, loss=1.1096]
Epoch 17/35: 100%|███████████████████████████████████████████████████████████| 6/6 [00:01<00:00,  4.37it/s, loss=1.1096]

Train Metrics:
--------------------------------------------------
Epoch: 16
Train Loss: 1.1117
Test Loss: 1.1195
Accuracy: 0.3182
Precision: 0.1012
Recall: 0.3182
F1: 0.1536
--------------------------------------------------

Epoch 18/35:   0%|                                                                                | 0/6 [00:00<?, ?it/s]
Epoch 18/35:   0%|                                                                   | 0/6 [00:00<?, ?it/s, loss=1.1149]
Epoch 18/35:  17%|█████████▊                                                 | 1/6 [00:00<00:02,  2.21it/s, loss=1.1149]
Epoch 18/35:  17%|█████████▊                                                 | 1/6 [00:00<00:02,  2.21it/s, loss=1.1173]
Epoch 18/35:  33%|███████████████████▋                                       | 2/6 [00:00<00:01,  3.39it/s, loss=1.1173]
Epoch 18/35:  33%|███████████████████▋                                       | 2/6 [00:00<00:01,  3.39it/s, loss=1.1000]
Epoch 18/35:  50%|█████████████████████████████▌                             | 3/6 [00:00<00:00,  4.08it/s, loss=1.1000]
Epoch 18/35:  50%|█████████████████████████████▌                             | 3/6 [00:01<00:00,  4.08it/s, loss=1.1037]
Epoch 18/35:  67%|███████████████████████████████████████▎                   | 4/6 [00:01<00:00,  4.53it/s, loss=1.1037]
Epoch 18/35:  67%|███████████████████████████████████████▎                   | 4/6 [00:01<00:00,  4.53it/s, loss=1.1193]
Epoch 18/35:  83%|█████████████████████████████████████████████████▏         | 5/6 [00:01<00:00,  4.71it/s, loss=1.1193]
Epoch 18/35:  83%|█████████████████████████████████████████████████▏         | 5/6 [00:01<00:00,  4.71it/s, loss=1.1287]
Epoch 18/35: 100%|███████████████████████████████████████████████████████████| 6/6 [00:01<00:00,  5.43it/s, loss=1.1287]
Epoch 18/35: 100%|███████████████████████████████████████████████████████████| 6/6 [00:01<00:00,  4.34it/s, loss=1.1287]

Train Metrics:
--------------------------------------------------
Epoch: 17
Train Loss: 1.1140
Test Loss: 1.1174
Accuracy: 0.3182
Precision: 0.1012
Recall: 0.3182
F1: 0.1536
--------------------------------------------------

Epoch 19/35:   0%|                                                                                | 0/6 [00:00<?, ?it/s]
Epoch 19/35:   0%|                                                                   | 0/6 [00:00<?, ?it/s, loss=1.1122]
Epoch 19/35:  17%|█████████▊                                                 | 1/6 [00:00<00:02,  2.11it/s, loss=1.1122]
Epoch 19/35:  17%|█████████▊                                                 | 1/6 [00:00<00:02,  2.11it/s, loss=1.0978]
Epoch 19/35:  33%|███████████████████▋                                       | 2/6 [00:00<00:01,  3.29it/s, loss=1.0978]
Epoch 19/35:  33%|███████████████████▋                                       | 2/6 [00:00<00:01,  3.29it/s, loss=1.1005]
Epoch 19/35:  50%|█████████████████████████████▌                             | 3/6 [00:00<00:00,  4.02it/s, loss=1.1005]
Epoch 19/35:  50%|█████████████████████████████▌                             | 3/6 [00:01<00:00,  4.02it/s, loss=1.0915]
Epoch 19/35:  67%|███████████████████████████████████████▎                   | 4/6 [00:01<00:00,  4.47it/s, loss=1.0915]
Epoch 19/35:  67%|███████████████████████████████████████▎                   | 4/6 [00:01<00:00,  4.47it/s, loss=1.1182]
Epoch 19/35:  83%|█████████████████████████████████████████████████▏         | 5/6 [00:01<00:00,  4.68it/s, loss=1.1182]
Epoch 19/35:  83%|█████████████████████████████████████████████████▏         | 5/6 [00:01<00:00,  4.68it/s, loss=1.1615]
Epoch 19/35: 100%|███████████████████████████████████████████████████████████| 6/6 [00:01<00:00,  5.42it/s, loss=1.1615]
Epoch 19/35: 100%|███████████████████████████████████████████████████████████| 6/6 [00:01<00:00,  4.27it/s, loss=1.1615]

Train Metrics:
--------------------------------------------------
Epoch: 18
Train Loss: 1.1136
Test Loss: 1.1156
Accuracy: 0.3182
Precision: 0.1012
Recall: 0.3182
F1: 0.1536
--------------------------------------------------

Epoch 20/35:   0%|                                                                                | 0/6 [00:00<?, ?it/s]
Epoch 20/35:   0%|                                                                   | 0/6 [00:00<?, ?it/s, loss=1.1129]
Epoch 20/35:  17%|█████████▊                                                 | 1/6 [00:00<00:02,  2.18it/s, loss=1.1129]
Epoch 20/35:  17%|█████████▊                                                 | 1/6 [00:00<00:02,  2.18it/s, loss=1.1216]
Epoch 20/35:  33%|███████████████████▋                                       | 2/6 [00:00<00:01,  3.36it/s, loss=1.1216]
Epoch 20/35:  33%|███████████████████▋                                       | 2/6 [00:00<00:01,  3.36it/s, loss=1.0998]
Epoch 20/35:  50%|█████████████████████████████▌                             | 3/6 [00:00<00:00,  4.08it/s, loss=1.0998]
Epoch 20/35:  50%|█████████████████████████████▌                             | 3/6 [00:01<00:00,  4.08it/s, loss=1.0946]
Epoch 20/35:  67%|███████████████████████████████████████▎                   | 4/6 [00:01<00:00,  4.53it/s, loss=1.0946]
Epoch 20/35:  67%|███████████████████████████████████████▎                   | 4/6 [00:01<00:00,  4.53it/s, loss=1.1272]
Epoch 20/35:  83%|█████████████████████████████████████████████████▏         | 5/6 [00:01<00:00,  4.73it/s, loss=1.1272]
Epoch 20/35:  83%|█████████████████████████████████████████████████▏         | 5/6 [00:01<00:00,  4.73it/s, loss=1.1041]
Epoch 20/35: 100%|███████████████████████████████████████████████████████████| 6/6 [00:01<00:00,  5.46it/s, loss=1.1041]
Epoch 20/35: 100%|███████████████████████████████████████████████████████████| 6/6 [00:01<00:00,  4.35it/s, loss=1.1041]

Train Metrics:
--------------------------------------------------
Epoch: 19
Train Loss: 1.1100
Test Loss: 1.1134
Accuracy: 0.3636
Precision: 0.4242
Recall: 0.3636
F1: 0.2386
--------------------------------------------------

Epoch 21/35:   0%|                                                                                | 0/6 [00:00<?, ?it/s]
Epoch 21/35:   0%|                                                                   | 0/6 [00:00<?, ?it/s, loss=1.0989]
Epoch 21/35:  17%|█████████▊                                                 | 1/6 [00:00<00:02,  2.08it/s, loss=1.0989]
Epoch 21/35:  17%|█████████▊                                                 | 1/6 [00:00<00:02,  2.08it/s, loss=1.0883]
Epoch 21/35:  33%|███████████████████▋                                       | 2/6 [00:00<00:01,  3.26it/s, loss=1.0883]
Epoch 21/35:  33%|███████████████████▋                                       | 2/6 [00:00<00:01,  3.26it/s, loss=1.1191]
Epoch 21/35:  50%|█████████████████████████████▌                             | 3/6 [00:00<00:00,  3.98it/s, loss=1.1191]
Epoch 21/35:  50%|█████████████████████████████▌                             | 3/6 [00:01<00:00,  3.98it/s, loss=1.1184]
Epoch 21/35:  67%|███████████████████████████████████████▎                   | 4/6 [00:01<00:00,  4.44it/s, loss=1.1184]
Epoch 21/35:  67%|███████████████████████████████████████▎                   | 4/6 [00:01<00:00,  4.44it/s, loss=1.0977]
Epoch 21/35:  83%|█████████████████████████████████████████████████▏         | 5/6 [00:01<00:00,  4.63it/s, loss=1.0977]
Epoch 21/35:  83%|█████████████████████████████████████████████████▏         | 5/6 [00:01<00:00,  4.63it/s, loss=1.1470]
Epoch 21/35: 100%|███████████████████████████████████████████████████████████| 6/6 [00:01<00:00,  5.35it/s, loss=1.1470]
Epoch 21/35: 100%|███████████████████████████████████████████████████████████| 6/6 [00:01<00:00,  4.23it/s, loss=1.1470]

Train Metrics:
--------------------------------------------------
Epoch: 20
Train Loss: 1.1116
Test Loss: 1.1135
Accuracy: 0.3182
Precision: 0.1012
Recall: 0.3182
F1: 0.1536
--------------------------------------------------

Epoch 22/35:   0%|                                                                                | 0/6 [00:00<?, ?it/s]
Epoch 22/35:   0%|                                                                   | 0/6 [00:00<?, ?it/s, loss=1.1076]
Epoch 22/35:  17%|█████████▊                                                 | 1/6 [00:00<00:02,  2.13it/s, loss=1.1076]
Epoch 22/35:  17%|█████████▊                                                 | 1/6 [00:00<00:02,  2.13it/s, loss=1.1087]
Epoch 22/35:  33%|███████████████████▋                                       | 2/6 [00:00<00:01,  3.30it/s, loss=1.1087]
Epoch 22/35:  33%|███████████████████▋                                       | 2/6 [00:00<00:01,  3.30it/s, loss=1.1136]
Epoch 22/35:  50%|█████████████████████████████▌                             | 3/6 [00:00<00:00,  4.02it/s, loss=1.1136]
Epoch 22/35:  50%|█████████████████████████████▌                             | 3/6 [00:01<00:00,  4.02it/s, loss=1.1134]
Epoch 22/35:  67%|███████████████████████████████████████▎                   | 4/6 [00:01<00:00,  4.47it/s, loss=1.1134]
Epoch 22/35:  67%|███████████████████████████████████████▎                   | 4/6 [00:01<00:00,  4.47it/s, loss=1.0964]
Epoch 22/35:  83%|█████████████████████████████████████████████████▏         | 5/6 [00:01<00:00,  4.70it/s, loss=1.0964]
Epoch 22/35:  83%|█████████████████████████████████████████████████▏         | 5/6 [00:01<00:00,  4.70it/s, loss=1.1064]
Epoch 22/35: 100%|███████████████████████████████████████████████████████████| 6/6 [00:01<00:00,  5.44it/s, loss=1.1064]
Epoch 22/35: 100%|███████████████████████████████████████████████████████████| 6/6 [00:01<00:00,  4.29it/s, loss=1.1064]

Train Metrics:
--------------------------------------------------
Epoch: 21
Train Loss: 1.1077
Test Loss: 1.1123
Accuracy: 0.4091
Precision: 0.4295
Recall: 0.4091
F1: 0.3064
--------------------------------------------------

Epoch 23/35:   0%|                                                                                | 0/6 [00:00<?, ?it/s]
Epoch 23/35:   0%|                                                                   | 0/6 [00:00<?, ?it/s, loss=1.1025]
Epoch 23/35:  17%|█████████▊                                                 | 1/6 [00:00<00:02,  2.15it/s, loss=1.1025]
Epoch 23/35:  17%|█████████▊                                                 | 1/6 [00:00<00:02,  2.15it/s, loss=1.1220]
Epoch 23/35:  33%|███████████████████▋                                       | 2/6 [00:00<00:01,  3.32it/s, loss=1.1220]
Epoch 23/35:  33%|███████████████████▋                                       | 2/6 [00:00<00:01,  3.32it/s, loss=1.0983]
Epoch 23/35:  50%|█████████████████████████████▌                             | 3/6 [00:00<00:00,  4.03it/s, loss=1.0983]
Epoch 23/35:  50%|█████████████████████████████▌                             | 3/6 [00:01<00:00,  4.03it/s, loss=1.1104]
Epoch 23/35:  67%|███████████████████████████████████████▎                   | 4/6 [00:01<00:00,  4.47it/s, loss=1.1104]
Epoch 23/35:  67%|███████████████████████████████████████▎                   | 4/6 [00:01<00:00,  4.47it/s, loss=1.1011]
Epoch 23/35:  83%|█████████████████████████████████████████████████▏         | 5/6 [00:01<00:00,  4.70it/s, loss=1.1011]
Epoch 23/35:  83%|█████████████████████████████████████████████████▏         | 5/6 [00:01<00:00,  4.70it/s, loss=1.0972]
Epoch 23/35: 100%|███████████████████████████████████████████████████████████| 6/6 [00:01<00:00,  5.44it/s, loss=1.0972]
Epoch 23/35: 100%|███████████████████████████████████████████████████████████| 6/6 [00:01<00:00,  4.30it/s, loss=1.0972]

Train Metrics:
--------------------------------------------------
Epoch: 22
Train Loss: 1.1052
Test Loss: 1.1119
Accuracy: 0.5000
Precision: 0.5597
Recall: 0.5000
F1: 0.4400
--------------------------------------------------

Epoch 24/35:   0%|                                                                                | 0/6 [00:00<?, ?it/s]
Epoch 24/35:   0%|                                                                   | 0/6 [00:00<?, ?it/s, loss=1.1110]
Epoch 24/35:  17%|█████████▊                                                 | 1/6 [00:00<00:02,  2.10it/s, loss=1.1110]
Epoch 24/35:  17%|█████████▊                                                 | 1/6 [00:00<00:02,  2.10it/s, loss=1.0993]
Epoch 24/35:  33%|███████████████████▋                                       | 2/6 [00:00<00:01,  3.27it/s, loss=1.0993]
Epoch 24/35:  33%|███████████████████▋                                       | 2/6 [00:00<00:01,  3.27it/s, loss=1.1065]
Epoch 24/35:  50%|█████████████████████████████▌                             | 3/6 [00:00<00:00,  4.00it/s, loss=1.1065]
Epoch 24/35:  50%|█████████████████████████████▌                             | 3/6 [00:01<00:00,  4.00it/s, loss=1.1112]
Epoch 24/35:  67%|███████████████████████████████████████▎                   | 4/6 [00:01<00:00,  4.47it/s, loss=1.1112]
Epoch 24/35:  67%|███████████████████████████████████████▎                   | 4/6 [00:01<00:00,  4.47it/s, loss=1.0980]
Epoch 24/35:  83%|█████████████████████████████████████████████████▏         | 5/6 [00:01<00:00,  4.69it/s, loss=1.0980]
Epoch 24/35:  83%|█████████████████████████████████████████████████▏         | 5/6 [00:01<00:00,  4.69it/s, loss=1.1001]
Epoch 24/35: 100%|███████████████████████████████████████████████████████████| 6/6 [00:01<00:00,  5.42it/s, loss=1.1001]
Epoch 24/35: 100%|███████████████████████████████████████████████████████████| 6/6 [00:01<00:00,  4.28it/s, loss=1.1001]

Train Metrics:
--------------------------------------------------
Epoch: 23
Train Loss: 1.1044
Test Loss: 1.1153
Accuracy: 0.4091
Precision: 0.4295
Recall: 0.4091
F1: 0.3064
--------------------------------------------------

Epoch 25/35:   0%|                                                                                | 0/6 [00:00<?, ?it/s]
Epoch 25/35:   0%|                                                                   | 0/6 [00:00<?, ?it/s, loss=1.1123]
Epoch 25/35:  17%|█████████▊                                                 | 1/6 [00:00<00:02,  2.10it/s, loss=1.1123]
Epoch 25/35:  17%|█████████▊                                                 | 1/6 [00:00<00:02,  2.10it/s, loss=1.0976]
Epoch 25/35:  33%|███████████████████▋                                       | 2/6 [00:00<00:01,  3.28it/s, loss=1.0976]
Epoch 25/35:  33%|███████████████████▋                                       | 2/6 [00:00<00:01,  3.28it/s, loss=1.0970]
Epoch 25/35:  50%|█████████████████████████████▌                             | 3/6 [00:00<00:00,  4.00it/s, loss=1.0970]
Epoch 25/35:  50%|█████████████████████████████▌                             | 3/6 [00:01<00:00,  4.00it/s, loss=1.1073]
Epoch 25/35:  67%|███████████████████████████████████████▎                   | 4/6 [00:01<00:00,  4.45it/s, loss=1.1073]
Epoch 25/35:  67%|███████████████████████████████████████▎                   | 4/6 [00:01<00:00,  4.45it/s, loss=1.1056]
Epoch 25/35:  83%|█████████████████████████████████████████████████▏         | 5/6 [00:01<00:00,  4.66it/s, loss=1.1056]
Epoch 25/35:  83%|█████████████████████████████████████████████████▏         | 5/6 [00:01<00:00,  4.66it/s, loss=1.1023]
Epoch 25/35: 100%|███████████████████████████████████████████████████████████| 6/6 [00:01<00:00,  5.40it/s, loss=1.1023]
Epoch 25/35: 100%|███████████████████████████████████████████████████████████| 6/6 [00:01<00:00,  4.26it/s, loss=1.1023]

Train Metrics:
--------------------------------------------------
Epoch: 24
Train Loss: 1.1037
Test Loss: 1.1131
Accuracy: 0.3182
Precision: 0.1012
Recall: 0.3182
F1: 0.1536
--------------------------------------------------

Epoch 26/35:   0%|                                                                                | 0/6 [00:00<?, ?it/s]
Epoch 26/35:   0%|                                                                   | 0/6 [00:00<?, ?it/s, loss=1.1066]
Epoch 26/35:  17%|█████████▊                                                 | 1/6 [00:00<00:02,  1.98it/s, loss=1.1066]
Epoch 26/35:  17%|█████████▊                                                 | 1/6 [00:00<00:02,  1.98it/s, loss=1.0935]
Epoch 26/35:  33%|███████████████████▋                                       | 2/6 [00:00<00:01,  3.16it/s, loss=1.0935]
Epoch 26/35:  33%|███████████████████▋                                       | 2/6 [00:00<00:01,  3.16it/s, loss=1.1141]
Epoch 26/35:  50%|█████████████████████████████▌                             | 3/6 [00:00<00:00,  3.90it/s, loss=1.1141]
Epoch 26/35:  50%|█████████████████████████████▌                             | 3/6 [00:01<00:00,  3.90it/s, loss=1.1090]
Epoch 26/35:  67%|███████████████████████████████████████▎                   | 4/6 [00:01<00:00,  4.38it/s, loss=1.1090]
Epoch 26/35:  67%|███████████████████████████████████████▎                   | 4/6 [00:01<00:00,  4.38it/s, loss=1.1089]
Epoch 26/35:  83%|█████████████████████████████████████████████████▏         | 5/6 [00:01<00:00,  4.62it/s, loss=1.1089]
Epoch 26/35:  83%|█████████████████████████████████████████████████▏         | 5/6 [00:01<00:00,  4.62it/s, loss=1.1002]
Epoch 26/35: 100%|███████████████████████████████████████████████████████████| 6/6 [00:01<00:00,  5.35it/s, loss=1.1002]
Epoch 26/35: 100%|███████████████████████████████████████████████████████████| 6/6 [00:01<00:00,  4.18it/s, loss=1.1002]

Train Metrics:
--------------------------------------------------
Epoch: 25
Train Loss: 1.1054
Test Loss: 1.1128
Accuracy: 0.3182
Precision: 0.1012
Recall: 0.3182
F1: 0.1536
--------------------------------------------------

Epoch 27/35:   0%|                                                                                | 0/6 [00:00<?, ?it/s]
Epoch 27/35:   0%|                                                                   | 0/6 [00:00<?, ?it/s, loss=1.1070]
Epoch 27/35:  17%|█████████▊                                                 | 1/6 [00:00<00:02,  2.10it/s, loss=1.1070]
Epoch 27/35:  17%|█████████▊                                                 | 1/6 [00:00<00:02,  2.10it/s, loss=1.1049]
Epoch 27/35:  33%|███████████████████▋                                       | 2/6 [00:00<00:01,  3.28it/s, loss=1.1049]
Epoch 27/35:  33%|███████████████████▋                                       | 2/6 [00:00<00:01,  3.28it/s, loss=1.1128]
Epoch 27/35:  50%|█████████████████████████████▌                             | 3/6 [00:00<00:00,  4.00it/s, loss=1.1128]
Epoch 27/35:  50%|█████████████████████████████▌                             | 3/6 [00:01<00:00,  4.00it/s, loss=1.1173]
Epoch 27/35:  67%|███████████████████████████████████████▎                   | 4/6 [00:01<00:00,  4.46it/s, loss=1.1173]
Epoch 27/35:  67%|███████████████████████████████████████▎                   | 4/6 [00:01<00:00,  4.46it/s, loss=1.0933]
Epoch 27/35:  83%|█████████████████████████████████████████████████▏         | 5/6 [00:01<00:00,  4.70it/s, loss=1.0933]
Epoch 27/35:  83%|█████████████████████████████████████████████████▏         | 5/6 [00:01<00:00,  4.70it/s, loss=1.0979]
Epoch 27/35: 100%|███████████████████████████████████████████████████████████| 6/6 [00:01<00:00,  5.42it/s, loss=1.0979]
Epoch 27/35: 100%|███████████████████████████████████████████████████████████| 6/6 [00:01<00:00,  4.27it/s, loss=1.0979]

Train Metrics:
--------------------------------------------------
Epoch: 26
Train Loss: 1.1055
Test Loss: 1.1098
Accuracy: 0.4091
Precision: 0.4295
Recall: 0.4091
F1: 0.3064
--------------------------------------------------

Epoch 28/35:   0%|                                                                                | 0/6 [00:00<?, ?it/s]
Epoch 28/35:   0%|                                                                   | 0/6 [00:00<?, ?it/s, loss=1.1073]
Epoch 28/35:  17%|█████████▊                                                 | 1/6 [00:00<00:02,  2.19it/s, loss=1.1073]
Epoch 28/35:  17%|█████████▊                                                 | 1/6 [00:00<00:02,  2.19it/s, loss=1.0942]
Epoch 28/35:  33%|███████████████████▋                                       | 2/6 [00:00<00:01,  3.37it/s, loss=1.0942]
Epoch 28/35:  33%|███████████████████▋                                       | 2/6 [00:00<00:01,  3.37it/s, loss=1.0945]
Epoch 28/35:  50%|█████████████████████████████▌                             | 3/6 [00:00<00:00,  4.07it/s, loss=1.0945]
Epoch 28/35:  50%|█████████████████████████████▌                             | 3/6 [00:01<00:00,  4.07it/s, loss=1.1037]
Epoch 28/35:  67%|███████████████████████████████████████▎                   | 4/6 [00:01<00:00,  4.51it/s, loss=1.1037]
Epoch 28/35:  67%|███████████████████████████████████████▎                   | 4/6 [00:01<00:00,  4.51it/s, loss=1.1120]
Epoch 28/35:  83%|█████████████████████████████████████████████████▏         | 5/6 [00:01<00:00,  4.73it/s, loss=1.1120]
Epoch 28/35:  83%|█████████████████████████████████████████████████▏         | 5/6 [00:01<00:00,  4.73it/s, loss=1.0865]
Epoch 28/35: 100%|███████████████████████████████████████████████████████████| 6/6 [00:01<00:00,  5.47it/s, loss=1.0865]
Epoch 28/35: 100%|███████████████████████████████████████████████████████████| 6/6 [00:01<00:00,  4.35it/s, loss=1.0865]

Train Metrics:
--------------------------------------------------
Epoch: 27
Train Loss: 1.0997
Test Loss: 1.1086
Accuracy: 0.3636
Precision: 0.4242
Recall: 0.3636
F1: 0.2386
--------------------------------------------------

Epoch 29/35:   0%|                                                                                | 0/6 [00:00<?, ?it/s]
Epoch 29/35:   0%|                                                                   | 0/6 [00:00<?, ?it/s, loss=1.1122]
Epoch 29/35:  17%|█████████▊                                                 | 1/6 [00:00<00:02,  2.04it/s, loss=1.1122]
Epoch 29/35:  17%|█████████▊                                                 | 1/6 [00:00<00:02,  2.04it/s, loss=1.0998]
Epoch 29/35:  33%|███████████████████▋                                       | 2/6 [00:00<00:01,  3.22it/s, loss=1.0998]
Epoch 29/35:  33%|███████████████████▋                                       | 2/6 [00:00<00:01,  3.22it/s, loss=1.1157]
Epoch 29/35:  50%|█████████████████████████████▌                             | 3/6 [00:00<00:00,  3.95it/s, loss=1.1157]
Epoch 29/35:  50%|█████████████████████████████▌                             | 3/6 [00:01<00:00,  3.95it/s, loss=1.0917]
Epoch 29/35:  67%|███████████████████████████████████████▎                   | 4/6 [00:01<00:00,  4.42it/s, loss=1.0917]
Epoch 29/35:  67%|███████████████████████████████████████▎                   | 4/6 [00:01<00:00,  4.42it/s, loss=1.0989]
Epoch 29/35:  83%|█████████████████████████████████████████████████▏         | 5/6 [00:01<00:00,  4.63it/s, loss=1.0989]
Epoch 29/35:  83%|█████████████████████████████████████████████████▏         | 5/6 [00:01<00:00,  4.63it/s, loss=1.1137]
Epoch 29/35: 100%|███████████████████████████████████████████████████████████| 6/6 [00:01<00:00,  5.38it/s, loss=1.1137]
Epoch 29/35: 100%|███████████████████████████████████████████████████████████| 6/6 [00:01<00:00,  4.22it/s, loss=1.1137]

Train Metrics:
--------------------------------------------------
Epoch: 28
Train Loss: 1.1053
Test Loss: 1.1087
Accuracy: 0.3182
Precision: 0.1012
Recall: 0.3182
F1: 0.1536
--------------------------------------------------

Epoch 30/35:   0%|                                                                                | 0/6 [00:00<?, ?it/s]
Epoch 30/35:   0%|                                                                   | 0/6 [00:00<?, ?it/s, loss=1.0904]
Epoch 30/35:  17%|█████████▊                                                 | 1/6 [00:00<00:02,  2.05it/s, loss=1.0904]
Epoch 30/35:  17%|█████████▊                                                 | 1/6 [00:00<00:02,  2.05it/s, loss=1.1292]
Epoch 30/35:  33%|███████████████████▋                                       | 2/6 [00:00<00:01,  3.22it/s, loss=1.1292]
Epoch 30/35:  33%|███████████████████▋                                       | 2/6 [00:00<00:01,  3.22it/s, loss=1.1005]
Epoch 30/35:  50%|█████████████████████████████▌                             | 3/6 [00:00<00:00,  3.96it/s, loss=1.1005]
Epoch 30/35:  50%|█████████████████████████████▌                             | 3/6 [00:01<00:00,  3.96it/s, loss=1.0924]
Epoch 30/35:  67%|███████████████████████████████████████▎                   | 4/6 [00:01<00:00,  4.43it/s, loss=1.0924]
Epoch 30/35:  67%|███████████████████████████████████████▎                   | 4/6 [00:01<00:00,  4.43it/s, loss=1.1052]
Epoch 30/35:  83%|█████████████████████████████████████████████████▏         | 5/6 [00:01<00:00,  4.66it/s, loss=1.1052]
Epoch 30/35:  83%|█████████████████████████████████████████████████▏         | 5/6 [00:01<00:00,  4.66it/s, loss=1.0994]
Epoch 30/35: 100%|███████████████████████████████████████████████████████████| 6/6 [00:01<00:00,  5.38it/s, loss=1.0994]
Epoch 30/35: 100%|███████████████████████████████████████████████████████████| 6/6 [00:01<00:00,  4.23it/s, loss=1.0994]

Train Metrics:
--------------------------------------------------
Epoch: 29
Train Loss: 1.1029
Test Loss: 1.1057
Accuracy: 0.3182
Precision: 0.1012
Recall: 0.3182
F1: 0.1536
--------------------------------------------------

Epoch 31/35:   0%|                                                                                | 0/6 [00:00<?, ?it/s]
Epoch 31/35:   0%|                                                                   | 0/6 [00:00<?, ?it/s, loss=1.1126]
Epoch 31/35:  17%|█████████▊                                                 | 1/6 [00:00<00:02,  2.01it/s, loss=1.1126]
Epoch 31/35:  17%|█████████▊                                                 | 1/6 [00:00<00:02,  2.01it/s, loss=1.0910]
Epoch 31/35:  33%|███████████████████▋                                       | 2/6 [00:00<00:01,  3.19it/s, loss=1.0910]
Epoch 31/35:  33%|███████████████████▋                                       | 2/6 [00:00<00:01,  3.19it/s, loss=1.0919]
Epoch 31/35:  50%|█████████████████████████████▌                             | 3/6 [00:00<00:00,  3.92it/s, loss=1.0919]
Epoch 31/35:  50%|█████████████████████████████▌                             | 3/6 [00:01<00:00,  3.92it/s, loss=1.1037]
Epoch 31/35:  67%|███████████████████████████████████████▎                   | 4/6 [00:01<00:00,  4.38it/s, loss=1.1037]
Epoch 31/35:  67%|███████████████████████████████████████▎                   | 4/6 [00:01<00:00,  4.38it/s, loss=1.1142]
Epoch 31/35:  83%|█████████████████████████████████████████████████▏         | 5/6 [00:01<00:00,  4.65it/s, loss=1.1142]
Epoch 31/35:  83%|█████████████████████████████████████████████████▏         | 5/6 [00:01<00:00,  4.65it/s, loss=1.0963]
Epoch 31/35: 100%|███████████████████████████████████████████████████████████| 6/6 [00:01<00:00,  5.39it/s, loss=1.0963]
Epoch 31/35: 100%|███████████████████████████████████████████████████████████| 6/6 [00:01<00:00,  4.22it/s, loss=1.0963]

Train Metrics:
--------------------------------------------------
Epoch: 30
Train Loss: 1.1016
Test Loss: 1.1108
Accuracy: 0.3182
Precision: 0.1012
Recall: 0.3182
F1: 0.1536
--------------------------------------------------

Epoch 32/35:   0%|                                                                                | 0/6 [00:00<?, ?it/s]
Epoch 32/35:   0%|                                                                   | 0/6 [00:00<?, ?it/s, loss=1.1034]
Epoch 32/35:  17%|█████████▊                                                 | 1/6 [00:00<00:02,  1.98it/s, loss=1.1034]
Epoch 32/35:  17%|█████████▊                                                 | 1/6 [00:00<00:02,  1.98it/s, loss=1.1042]
Epoch 32/35:  33%|███████████████████▋                                       | 2/6 [00:00<00:01,  3.16it/s, loss=1.1042]
Epoch 32/35:  33%|███████████████████▋                                       | 2/6 [00:00<00:01,  3.16it/s, loss=1.0849]
Epoch 32/35:  50%|█████████████████████████████▌                             | 3/6 [00:00<00:00,  3.91it/s, loss=1.0849]
Epoch 32/35:  50%|█████████████████████████████▌                             | 3/6 [00:01<00:00,  3.91it/s, loss=1.1051]
Epoch 32/35:  67%|███████████████████████████████████████▎                   | 4/6 [00:01<00:00,  4.39it/s, loss=1.1051]
Epoch 32/35:  67%|███████████████████████████████████████▎                   | 4/6 [00:01<00:00,  4.39it/s, loss=1.0930]
Epoch 32/35:  83%|█████████████████████████████████████████████████▏         | 5/6 [00:01<00:00,  4.61it/s, loss=1.0930]
Epoch 32/35:  83%|█████████████████████████████████████████████████▏         | 5/6 [00:01<00:00,  4.61it/s, loss=1.1202]
Epoch 32/35: 100%|███████████████████████████████████████████████████████████| 6/6 [00:01<00:00,  5.35it/s, loss=1.1202]
Epoch 32/35: 100%|███████████████████████████████████████████████████████████| 6/6 [00:01<00:00,  4.19it/s, loss=1.1202]

Train Metrics:
--------------------------------------------------
Epoch: 31
Train Loss: 1.1018
Test Loss: 1.1083
Accuracy: 0.3636
Precision: 0.4242
Recall: 0.3636
F1: 0.2386
--------------------------------------------------

Epoch 33/35:   0%|                                                                                | 0/6 [00:00<?, ?it/s]
Epoch 33/35:   0%|                                                                   | 0/6 [00:00<?, ?it/s, loss=1.1033]
Epoch 33/35:  17%|█████████▊                                                 | 1/6 [00:00<00:02,  2.16it/s, loss=1.1033]
Epoch 33/35:  17%|█████████▊                                                 | 1/6 [00:00<00:02,  2.16it/s, loss=1.0953]
Epoch 33/35:  33%|███████████████████▋                                       | 2/6 [00:00<00:01,  3.33it/s, loss=1.0953]
Epoch 33/35:  33%|███████████████████▋                                       | 2/6 [00:00<00:01,  3.33it/s, loss=1.0979]
Epoch 33/35:  50%|█████████████████████████████▌                             | 3/6 [00:00<00:00,  4.05it/s, loss=1.0979]
Epoch 33/35:  50%|█████████████████████████████▌                             | 3/6 [00:01<00:00,  4.05it/s, loss=1.1107]
Epoch 33/35:  67%|███████████████████████████████████████▎                   | 4/6 [00:01<00:00,  4.51it/s, loss=1.1107]
Epoch 33/35:  67%|███████████████████████████████████████▎                   | 4/6 [00:01<00:00,  4.51it/s, loss=1.0882]
Epoch 33/35:  83%|█████████████████████████████████████████████████▏         | 5/6 [00:01<00:00,  4.69it/s, loss=1.0882]
Epoch 33/35:  83%|█████████████████████████████████████████████████▏         | 5/6 [00:01<00:00,  4.69it/s, loss=1.1225]
Epoch 33/35: 100%|███████████████████████████████████████████████████████████| 6/6 [00:01<00:00,  5.42it/s, loss=1.1225]
Epoch 33/35: 100%|███████████████████████████████████████████████████████████| 6/6 [00:01<00:00,  4.30it/s, loss=1.1225]

Train Metrics:
--------------------------------------------------
Epoch: 32
Train Loss: 1.1030
Test Loss: 1.1069
Accuracy: 0.3182
Precision: 0.1012
Recall: 0.3182
F1: 0.1536
--------------------------------------------------

Epoch 34/35:   0%|                                                                                | 0/6 [00:00<?, ?it/s]
Epoch 34/35:   0%|                                                                   | 0/6 [00:00<?, ?it/s, loss=1.1043]
Epoch 34/35:  17%|█████████▊                                                 | 1/6 [00:00<00:02,  2.10it/s, loss=1.1043]
Epoch 34/35:  17%|█████████▊                                                 | 1/6 [00:00<00:02,  2.10it/s, loss=1.0830]
Epoch 34/35:  33%|███████████████████▋                                       | 2/6 [00:00<00:01,  3.29it/s, loss=1.0830]
Epoch 34/35:  33%|███████████████████▋                                       | 2/6 [00:00<00:01,  3.29it/s, loss=1.0880]
Epoch 34/35:  50%|█████████████████████████████▌                             | 3/6 [00:00<00:00,  4.01it/s, loss=1.0880]
Epoch 34/35:  50%|█████████████████████████████▌                             | 3/6 [00:01<00:00,  4.01it/s, loss=1.0986]
Epoch 34/35:  67%|███████████████████████████████████████▎                   | 4/6 [00:01<00:00,  4.45it/s, loss=1.0986]
Epoch 34/35:  67%|███████████████████████████████████████▎                   | 4/6 [00:01<00:00,  4.45it/s, loss=1.1262]
Epoch 34/35:  83%|█████████████████████████████████████████████████▏         | 5/6 [00:01<00:00,  4.67it/s, loss=1.1262]
Epoch 34/35:  83%|█████████████████████████████████████████████████▏         | 5/6 [00:01<00:00,  4.67it/s, loss=1.1015]
Epoch 34/35: 100%|███████████████████████████████████████████████████████████| 6/6 [00:01<00:00,  5.41it/s, loss=1.1015]
Epoch 34/35: 100%|███████████████████████████████████████████████████████████| 6/6 [00:01<00:00,  4.27it/s, loss=1.1015]

Train Metrics:
--------------------------------------------------
Epoch: 33
Train Loss: 1.1003
Test Loss: 1.1050
Accuracy: 0.4091
Precision: 0.4295
Recall: 0.4091
F1: 0.3064
--------------------------------------------------

Epoch 35/35:   0%|                                                                                | 0/6 [00:00<?, ?it/s]
Epoch 35/35:   0%|                                                                   | 0/6 [00:00<?, ?it/s, loss=1.0972]
Epoch 35/35:  17%|█████████▊                                                 | 1/6 [00:00<00:02,  2.13it/s, loss=1.0972]
Epoch 35/35:  17%|█████████▊                                                 | 1/6 [00:00<00:02,  2.13it/s, loss=1.1051]
Epoch 35/35:  33%|███████████████████▋                                       | 2/6 [00:00<00:01,  3.30it/s, loss=1.1051]
Epoch 35/35:  33%|███████████████████▋                                       | 2/6 [00:00<00:01,  3.30it/s, loss=1.1029]
Epoch 35/35:  50%|█████████████████████████████▌                             | 3/6 [00:00<00:00,  4.03it/s, loss=1.1029]
Epoch 35/35:  50%|█████████████████████████████▌                             | 3/6 [00:01<00:00,  4.03it/s, loss=1.0854]
Epoch 35/35:  67%|███████████████████████████████████████▎                   | 4/6 [00:01<00:00,  4.46it/s, loss=1.0854]
Epoch 35/35:  67%|███████████████████████████████████████▎                   | 4/6 [00:01<00:00,  4.46it/s, loss=1.1129]
Epoch 35/35:  83%|█████████████████████████████████████████████████▏         | 5/6 [00:01<00:00,  4.66it/s, loss=1.1129]
Epoch 35/35:  83%|█████████████████████████████████████████████████▏         | 5/6 [00:01<00:00,  4.66it/s, loss=1.0868]
Epoch 35/35: 100%|███████████████████████████████████████████████████████████| 6/6 [00:01<00:00,  5.40it/s, loss=1.0868]
Epoch 35/35: 100%|███████████████████████████████████████████████████████████| 6/6 [00:01<00:00,  4.27it/s, loss=1.0868]

Train Metrics:
--------------------------------------------------
Epoch: 34
Train Loss: 1.0984
Test Loss: 1.1084
Accuracy: 0.3636
Precision: 0.4242
Recall: 0.3636
F1: 0.2386
--------------------------------------------------

Test Metrics:
--------------------------------------------------
Test Loss: 1.1067
Accuracy: 0.4091
Precision: 0.4295
Recall: 0.4091
F1: 0.3064
--------------------------------------------------
