
=== Training with 30% of labeled training data ===


Epoch 1/35:   0%|                                                                                                | 0/4 [00:00<?, ?it/s]
Epoch 1/35:   0%|                                                                                   | 0/4 [00:00<?, ?it/s, loss=1.1046]
Epoch 1/35:  25%|██████████████████▊                                                        | 1/4 [00:00<00:01,  1.67it/s, loss=1.1046]
Epoch 1/35:  25%|██████████████████▊                                                        | 1/4 [00:00<00:01,  1.67it/s, loss=1.0969]
Epoch 1/35:  50%|█████████████████████████████████████▌                                     | 2/4 [00:00<00:00,  2.11it/s, loss=1.0969]
Epoch 1/35:  50%|█████████████████████████████████████▌                                     | 2/4 [00:01<00:00,  2.11it/s, loss=1.1106]
Epoch 1/35:  75%|████████████████████████████████████████████████████████▎                  | 3/4 [00:01<00:00,  2.30it/s, loss=1.1106]
Epoch 1/35:  75%|████████████████████████████████████████████████████████▎                  | 3/4 [00:03<00:00,  2.30it/s, loss=1.0719]
Epoch 1/35: 100%|███████████████████████████████████████████████████████████████████████████| 4/4 [00:03<00:00,  1.04s/it, loss=1.0719]
Epoch 1/35: 100%|███████████████████████████████████████████████████████████████████████████| 4/4 [00:03<00:00,  1.19it/s, loss=1.0719]

Train Metrics:
--------------------------------------------------
Epoch: 0
Train Loss: 1.0960
Test Loss: 1.0968
Accuracy: 0.3636
Precision: 0.1322
Recall: 0.3636
F1: 0.1939
--------------------------------------------------

Epoch 2/35:   0%|                                                                                                | 0/4 [00:00<?, ?it/s]
Epoch 2/35:   0%|                                                                                   | 0/4 [00:00<?, ?it/s, loss=1.0859]
Epoch 2/35:  25%|██████████████████▊                                                        | 1/4 [00:00<00:01,  1.76it/s, loss=1.0859]
Epoch 2/35:  25%|██████████████████▊                                                        | 1/4 [00:00<00:01,  1.76it/s, loss=1.0950]
Epoch 2/35:  50%|█████████████████████████████████████▌                                     | 2/4 [00:00<00:00,  2.20it/s, loss=1.0950]
Epoch 2/35:  50%|█████████████████████████████████████▌                                     | 2/4 [00:01<00:00,  2.20it/s, loss=1.0947]
Epoch 2/35:  75%|████████████████████████████████████████████████████████▎                  | 3/4 [00:01<00:00,  2.98it/s, loss=1.0947]
Epoch 2/35:  75%|████████████████████████████████████████████████████████▎                  | 3/4 [00:01<00:00,  2.98it/s, loss=1.1403]
Epoch 2/35: 100%|███████████████████████████████████████████████████████████████████████████| 4/4 [00:01<00:00,  4.07it/s, loss=1.1403]
Epoch 2/35: 100%|███████████████████████████████████████████████████████████████████████████| 4/4 [00:01<00:00,  3.11it/s, loss=1.1403]

Train Metrics:
--------------------------------------------------
Running experiment with batch_size=16, lr=0.0002
Epoch: 1
Train Loss: 1.1040
Test Loss: 1.0969
Accuracy: 0.3636
Precision: 0.1322
Recall: 0.3636
F1: 0.1939
--------------------------------------------------

Epoch 3/35:   0%|                                                                                                | 0/4 [00:00<?, ?it/s]
Epoch 3/35:   0%|                                                                                   | 0/4 [00:00<?, ?it/s, loss=1.0879]
Epoch 3/35:  25%|██████████████████▊                                                        | 1/4 [00:00<00:01,  1.74it/s, loss=1.0879]
Epoch 3/35:  25%|██████████████████▊                                                        | 1/4 [00:00<00:01,  1.74it/s, loss=1.0940]
Epoch 3/35:  50%|█████████████████████████████████████▌                                     | 2/4 [00:00<00:00,  2.15it/s, loss=1.0940]
Epoch 3/35:  50%|█████████████████████████████████████▌                                     | 2/4 [00:01<00:00,  2.15it/s, loss=1.0991]
Epoch 3/35:  75%|████████████████████████████████████████████████████████▎                  | 3/4 [00:01<00:00,  2.33it/s, loss=1.0991]
Epoch 3/35:  75%|████████████████████████████████████████████████████████▎                  | 3/4 [00:01<00:00,  2.33it/s, loss=1.0821]
Epoch 3/35: 100%|███████████████████████████████████████████████████████████████████████████| 4/4 [00:01<00:00,  2.99it/s, loss=1.0821]
Epoch 3/35: 100%|███████████████████████████████████████████████████████████████████████████| 4/4 [00:01<00:00,  2.54it/s, loss=1.0821]

Train Metrics:
--------------------------------------------------
Epoch: 2
Train Loss: 1.0908
Test Loss: 1.0964
Accuracy: 0.3636
Precision: 0.2364
Recall: 0.3636
F1: 0.2806
--------------------------------------------------

Epoch 4/35:   0%|                                                                                                | 0/4 [00:00<?, ?it/s]
Epoch 4/35:   0%|                                                                                   | 0/4 [00:00<?, ?it/s, loss=1.0917]
Epoch 4/35:  25%|██████████████████▊                                                        | 1/4 [00:00<00:01,  2.23it/s, loss=1.0917]
Epoch 4/35:  25%|██████████████████▊                                                        | 1/4 [00:00<00:01,  2.23it/s, loss=1.1005]
Epoch 4/35:  50%|█████████████████████████████████████▌                                     | 2/4 [00:00<00:00,  3.35it/s, loss=1.1005]
Epoch 4/35:  50%|█████████████████████████████████████▌                                     | 2/4 [00:00<00:00,  3.35it/s, loss=1.0740]
Epoch 4/35:  75%|████████████████████████████████████████████████████████▎                  | 3/4 [00:00<00:00,  3.41it/s, loss=1.0740]
Epoch 4/35:  75%|████████████████████████████████████████████████████████▎                  | 3/4 [00:01<00:00,  3.41it/s, loss=1.0895]
Epoch 4/35: 100%|███████████████████████████████████████████████████████████████████████████| 4/4 [00:01<00:00,  3.76it/s, loss=1.0895]

Train Metrics:
--------------------------------------------------
Epoch: 3
Train Loss: 1.0889
Test Loss: 1.1060
Accuracy: 0.3182
Precision: 0.1012
Recall: 0.3182
F1: 0.1536
--------------------------------------------------

Epoch 5/35:   0%|                                                                                                | 0/4 [00:00<?, ?it/s]
Epoch 5/35:   0%|                                                                                   | 0/4 [00:00<?, ?it/s, loss=1.0703]
Epoch 5/35:  25%|██████████████████▊                                                        | 1/4 [00:00<00:01,  1.72it/s, loss=1.0703]
Epoch 5/35:  25%|██████████████████▊                                                        | 1/4 [00:00<00:01,  1.72it/s, loss=1.0837]
Epoch 5/35:  50%|█████████████████████████████████████▌                                     | 2/4 [00:00<00:00,  2.15it/s, loss=1.0837]
Epoch 5/35:  50%|█████████████████████████████████████▌                                     | 2/4 [00:01<00:00,  2.15it/s, loss=1.1206]
Epoch 5/35:  75%|████████████████████████████████████████████████████████▎                  | 3/4 [00:01<00:00,  2.34it/s, loss=1.1206]
Epoch 5/35:  75%|████████████████████████████████████████████████████████▎                  | 3/4 [00:01<00:00,  2.34it/s, loss=1.0842]
Epoch 5/35: 100%|███████████████████████████████████████████████████████████████████████████| 4/4 [00:01<00:00,  2.98it/s, loss=1.0842]
Epoch 5/35: 100%|███████████████████████████████████████████████████████████████████████████| 4/4 [00:01<00:00,  2.46it/s, loss=1.0842]

Train Metrics:
--------------------------------------------------
Epoch: 4
Train Loss: 1.0897
Test Loss: 1.1102
Accuracy: 0.3182
Precision: 0.1012
Recall: 0.3182
F1: 0.1536
--------------------------------------------------

Epoch 6/35:   0%|                                                                                                | 0/4 [00:00<?, ?it/s]
Epoch 6/35:   0%|                                                                                   | 0/4 [00:00<?, ?it/s, loss=1.0941]
Epoch 6/35:  25%|██████████████████▊                                                        | 1/4 [00:00<00:01,  1.73it/s, loss=1.0941]
Epoch 6/35:  25%|██████████████████▊                                                        | 1/4 [00:00<00:01,  1.73it/s, loss=1.1087]
Epoch 6/35:  50%|█████████████████████████████████████▌                                     | 2/4 [00:00<00:00,  2.17it/s, loss=1.1087]
Epoch 6/35:  50%|█████████████████████████████████████▌                                     | 2/4 [00:01<00:00,  2.17it/s, loss=1.0665]
Epoch 6/35:  75%|████████████████████████████████████████████████████████▎                  | 3/4 [00:01<00:00,  2.34it/s, loss=1.0665]
Epoch 6/35:  75%|████████████████████████████████████████████████████████▎                  | 3/4 [00:01<00:00,  2.34it/s, loss=1.1045]
Epoch 6/35: 100%|███████████████████████████████████████████████████████████████████████████| 4/4 [00:01<00:00,  3.00it/s, loss=1.1045]
Epoch 6/35: 100%|███████████████████████████████████████████████████████████████████████████| 4/4 [00:01<00:00,  2.54it/s, loss=1.1045]

Train Metrics:
--------------------------------------------------
Epoch: 5
Train Loss: 1.0935
Test Loss: 1.1115
Accuracy: 0.3182
Precision: 0.1012
Recall: 0.3182
F1: 0.1536
--------------------------------------------------

Epoch 7/35:   0%|                                                                                                | 0/4 [00:00<?, ?it/s]
Epoch 7/35:   0%|                                                                                   | 0/4 [00:00<?, ?it/s, loss=1.0874]
Epoch 7/35:  25%|██████████████████▊                                                        | 1/4 [00:00<00:01,  1.68it/s, loss=1.0874]
Epoch 7/35:  25%|██████████████████▊                                                        | 1/4 [00:00<00:01,  1.68it/s, loss=1.0371]
Epoch 7/35:  50%|█████████████████████████████████████▌                                     | 2/4 [00:00<00:00,  2.12it/s, loss=1.0371]
Epoch 7/35:  50%|█████████████████████████████████████▌                                     | 2/4 [00:01<00:00,  2.12it/s, loss=1.1830]
Epoch 7/35:  75%|████████████████████████████████████████████████████████▎                  | 3/4 [00:01<00:00,  2.32it/s, loss=1.1830]
Epoch 7/35:  75%|████████████████████████████████████████████████████████▎                  | 3/4 [00:01<00:00,  2.32it/s, loss=1.0123]
Epoch 7/35: 100%|███████████████████████████████████████████████████████████████████████████| 4/4 [00:01<00:00,  2.98it/s, loss=1.0123]
Epoch 7/35: 100%|███████████████████████████████████████████████████████████████████████████| 4/4 [00:01<00:00,  2.51it/s, loss=1.0123]

Train Metrics:
--------------------------------------------------
Epoch: 6
Train Loss: 1.0800
Test Loss: 1.1146
Accuracy: 0.3182
Precision: 0.1012
Recall: 0.3182
F1: 0.1536
--------------------------------------------------

Epoch 8/35:   0%|                                                                                                | 0/4 [00:00<?, ?it/s]
Epoch 8/35:   0%|                                                                                   | 0/4 [00:00<?, ?it/s, loss=1.0627]
Epoch 8/35:  25%|██████████████████▊                                                        | 1/4 [00:00<00:01,  1.74it/s, loss=1.0627]
Epoch 8/35:  25%|██████████████████▊                                                        | 1/4 [00:00<00:01,  1.74it/s, loss=1.1173]
Epoch 8/35:  50%|█████████████████████████████████████▌                                     | 2/4 [00:00<00:00,  2.16it/s, loss=1.1173]
Epoch 8/35:  50%|█████████████████████████████████████▌                                     | 2/4 [00:01<00:00,  2.16it/s, loss=1.0693]
Epoch 8/35:  75%|████████████████████████████████████████████████████████▎                  | 3/4 [00:01<00:00,  2.33it/s, loss=1.0693]
Epoch 8/35:  75%|████████████████████████████████████████████████████████▎                  | 3/4 [00:01<00:00,  2.33it/s, loss=1.1454]
Epoch 8/35: 100%|███████████████████████████████████████████████████████████████████████████| 4/4 [00:01<00:00,  2.98it/s, loss=1.1454]
Epoch 8/35: 100%|███████████████████████████████████████████████████████████████████████████| 4/4 [00:01<00:00,  2.53it/s, loss=1.1454]

Train Metrics:
--------------------------------------------------
Epoch: 7
Train Loss: 1.0987
Test Loss: 1.1112
Accuracy: 0.3182
Precision: 0.1012
Recall: 0.3182
F1: 0.1536
--------------------------------------------------

Epoch 9/35:   0%|                                                                                                | 0/4 [00:00<?, ?it/s]
Epoch 9/35:   0%|                                                                                   | 0/4 [00:00<?, ?it/s, loss=1.0888]
Epoch 9/35:  25%|██████████████████▊                                                        | 1/4 [00:00<00:01,  1.72it/s, loss=1.0888]
Epoch 9/35:  25%|██████████████████▊                                                        | 1/4 [00:00<00:01,  1.72it/s, loss=1.0735]
Epoch 9/35:  50%|█████████████████████████████████████▌                                     | 2/4 [00:00<00:00,  2.16it/s, loss=1.0735]
Epoch 9/35:  50%|█████████████████████████████████████▌                                     | 2/4 [00:01<00:00,  2.16it/s, loss=1.0991]
Epoch 9/35:  75%|████████████████████████████████████████████████████████▎                  | 3/4 [00:01<00:00,  2.34it/s, loss=1.0991]
Epoch 9/35:  75%|████████████████████████████████████████████████████████▎                  | 3/4 [00:01<00:00,  2.34it/s, loss=1.1018]
Epoch 9/35: 100%|███████████████████████████████████████████████████████████████████████████| 4/4 [00:01<00:00,  3.00it/s, loss=1.1018]
Epoch 9/35: 100%|███████████████████████████████████████████████████████████████████████████| 4/4 [00:01<00:00,  2.54it/s, loss=1.1018]

Train Metrics:
--------------------------------------------------
Epoch: 8
Train Loss: 1.0908
Test Loss: 1.1057
Accuracy: 0.3182
Precision: 0.1012
Recall: 0.3182
F1: 0.1536
--------------------------------------------------

Epoch 10/35:   0%|                                                                                               | 0/4 [00:00<?, ?it/s]
Epoch 10/35:   0%|                                                                                  | 0/4 [00:00<?, ?it/s, loss=1.0831]
Epoch 10/35:  25%|██████████████████▌                                                       | 1/4 [00:00<00:01,  1.73it/s, loss=1.0831]
Epoch 10/35:  25%|██████████████████▌                                                       | 1/4 [00:00<00:01,  1.73it/s, loss=1.1012]
Epoch 10/35:  50%|█████████████████████████████████████                                     | 2/4 [00:00<00:00,  2.15it/s, loss=1.1012]
Epoch 10/35:  50%|█████████████████████████████████████                                     | 2/4 [00:01<00:00,  2.15it/s, loss=1.0883]
Epoch 10/35:  75%|███████████████████████████████████████████████████████▌                  | 3/4 [00:01<00:00,  2.33it/s, loss=1.0883]
Epoch 10/35:  75%|███████████████████████████████████████████████████████▌                  | 3/4 [00:01<00:00,  2.33it/s, loss=1.0558]
Epoch 10/35: 100%|██████████████████████████████████████████████████████████████████████████| 4/4 [00:01<00:00,  2.99it/s, loss=1.0558]
Epoch 10/35: 100%|██████████████████████████████████████████████████████████████████████████| 4/4 [00:01<00:00,  2.54it/s, loss=1.0558]

Train Metrics:
--------------------------------------------------
Epoch: 9
Train Loss: 1.0821
Test Loss: 1.1040
Accuracy: 0.3182
Precision: 0.1012
Recall: 0.3182
F1: 0.1536
--------------------------------------------------

Epoch 11/35:   0%|                                                                                               | 0/4 [00:00<?, ?it/s]
Epoch 11/35:   0%|                                                                                  | 0/4 [00:00<?, ?it/s, loss=1.0929]
Epoch 11/35:  25%|██████████████████▌                                                       | 1/4 [00:00<00:01,  1.73it/s, loss=1.0929]
Epoch 11/35:  25%|██████████████████▌                                                       | 1/4 [00:00<00:01,  1.73it/s, loss=1.0871]
Epoch 11/35:  50%|█████████████████████████████████████                                     | 2/4 [00:00<00:00,  2.15it/s, loss=1.0871]
Epoch 11/35:  50%|█████████████████████████████████████                                     | 2/4 [00:01<00:00,  2.15it/s, loss=1.0939]
Epoch 11/35:  75%|███████████████████████████████████████████████████████▌                  | 3/4 [00:01<00:00,  2.32it/s, loss=1.0939]
Epoch 11/35:  75%|███████████████████████████████████████████████████████▌                  | 3/4 [00:01<00:00,  2.32it/s, loss=1.0468]
Epoch 11/35: 100%|██████████████████████████████████████████████████████████████████████████| 4/4 [00:01<00:00,  2.98it/s, loss=1.0468]
Epoch 11/35: 100%|██████████████████████████████████████████████████████████████████████████| 4/4 [00:01<00:00,  2.53it/s, loss=1.0468]

Train Metrics:
--------------------------------------------------
Epoch: 10
Train Loss: 1.0802
Test Loss: 1.1023
Accuracy: 0.3182
Precision: 0.1012
Recall: 0.3182
F1: 0.1536
--------------------------------------------------

Epoch 12/35:   0%|                                                                                               | 0/4 [00:00<?, ?it/s]
Epoch 12/35:   0%|                                                                                  | 0/4 [00:00<?, ?it/s, loss=1.0757]
Epoch 12/35:  25%|██████████████████▌                                                       | 1/4 [00:00<00:01,  1.74it/s, loss=1.0757]
Epoch 12/35:  25%|██████████████████▌                                                       | 1/4 [00:00<00:01,  1.74it/s, loss=1.0832]
Epoch 12/35:  50%|█████████████████████████████████████                                     | 2/4 [00:00<00:00,  2.18it/s, loss=1.0832]
Epoch 12/35:  50%|█████████████████████████████████████                                     | 2/4 [00:01<00:00,  2.18it/s, loss=1.1196]
Epoch 12/35:  75%|███████████████████████████████████████████████████████▌                  | 3/4 [00:01<00:00,  2.35it/s, loss=1.1196]
Epoch 12/35:  75%|███████████████████████████████████████████████████████▌                  | 3/4 [00:01<00:00,  2.35it/s, loss=1.0361]
Epoch 12/35: 100%|██████████████████████████████████████████████████████████████████████████| 4/4 [00:01<00:00,  3.01it/s, loss=1.0361]
Epoch 12/35: 100%|██████████████████████████████████████████████████████████████████████████| 4/4 [00:01<00:00,  2.56it/s, loss=1.0361]

Train Metrics:
--------------------------------------------------
Epoch: 11
Train Loss: 1.0786
Test Loss: 1.1008
Accuracy: 0.3182
Precision: 0.1012
Recall: 0.3182
F1: 0.1536
--------------------------------------------------

Epoch 13/35:   0%|                                                                                               | 0/4 [00:00<?, ?it/s]
Epoch 13/35:   0%|                                                                                  | 0/4 [00:00<?, ?it/s, loss=1.1151]
Epoch 13/35:  25%|██████████████████▌                                                       | 1/4 [00:00<00:01,  2.15it/s, loss=1.1151]
Epoch 13/35:  25%|██████████████████▌                                                       | 1/4 [00:00<00:01,  2.15it/s, loss=1.0670]
Epoch 13/35:  50%|█████████████████████████████████████                                     | 2/4 [00:00<00:00,  2.41it/s, loss=1.0670]
Epoch 13/35:  50%|█████████████████████████████████████                                     | 2/4 [00:01<00:00,  2.41it/s, loss=1.0922]
Epoch 13/35:  75%|███████████████████████████████████████████████████████▌                  | 3/4 [00:01<00:00,  2.47it/s, loss=1.0922]
Epoch 13/35:  75%|███████████████████████████████████████████████████████▌                  | 3/4 [00:01<00:00,  2.47it/s, loss=1.0481]
Epoch 13/35: 100%|██████████████████████████████████████████████████████████████████████████| 4/4 [00:01<00:00,  3.14it/s, loss=1.0481]
Epoch 13/35: 100%|██████████████████████████████████████████████████████████████████████████| 4/4 [00:01<00:00,  2.73it/s, loss=1.0481]

Train Metrics:
--------------------------------------------------
Epoch: 12
Train Loss: 1.0806
Test Loss: 1.1034
Accuracy: 0.3182
Precision: 0.1012
Recall: 0.3182
F1: 0.1536
--------------------------------------------------

Epoch 14/35:   0%|                                                                                               | 0/4 [00:00<?, ?it/s]
Epoch 14/35:   0%|                                                                                  | 0/4 [00:00<?, ?it/s, loss=1.1133]
Epoch 14/35:  25%|██████████████████▌                                                       | 1/4 [00:00<00:01,  1.73it/s, loss=1.1133]
Epoch 14/35:  25%|██████████████████▌                                                       | 1/4 [00:00<00:01,  1.73it/s, loss=1.0484]
Epoch 14/35:  50%|█████████████████████████████████████                                     | 2/4 [00:00<00:00,  2.15it/s, loss=1.0484]
Epoch 14/35:  50%|█████████████████████████████████████                                     | 2/4 [00:01<00:00,  2.15it/s, loss=1.0860]
Epoch 14/35:  75%|███████████████████████████████████████████████████████▌                  | 3/4 [00:01<00:00,  2.33it/s, loss=1.0860]
Epoch 14/35:  75%|███████████████████████████████████████████████████████▌                  | 3/4 [00:01<00:00,  2.33it/s, loss=1.0998]
Epoch 14/35: 100%|██████████████████████████████████████████████████████████████████████████| 4/4 [00:01<00:00,  2.99it/s, loss=1.0998]
Epoch 14/35: 100%|██████████████████████████████████████████████████████████████████████████| 4/4 [00:01<00:00,  2.53it/s, loss=1.0998]

Train Metrics:
--------------------------------------------------
Epoch: 13
Train Loss: 1.0869
Test Loss: 1.1082
Accuracy: 0.3182
Precision: 0.1012
Recall: 0.3182
F1: 0.1536
--------------------------------------------------

Epoch 15/35:   0%|                                                                                               | 0/4 [00:00<?, ?it/s]
Epoch 15/35:   0%|                                                                                  | 0/4 [00:00<?, ?it/s, loss=1.1277]
Epoch 15/35:  25%|██████████████████▌                                                       | 1/4 [00:00<00:01,  2.66it/s, loss=1.1277]
Epoch 15/35:  25%|██████████████████▌                                                       | 1/4 [00:00<00:01,  2.66it/s, loss=1.1000]
Epoch 15/35:  50%|█████████████████████████████████████                                     | 2/4 [00:00<00:00,  3.07it/s, loss=1.1000]
Epoch 15/35:  50%|█████████████████████████████████████                                     | 2/4 [00:00<00:00,  3.07it/s, loss=1.0192]
Epoch 15/35:  75%|███████████████████████████████████████████████████████▌                  | 3/4 [00:00<00:00,  3.80it/s, loss=1.0192]
Epoch 15/35:  75%|███████████████████████████████████████████████████████▌                  | 3/4 [00:00<00:00,  3.80it/s, loss=1.1053]
Epoch 15/35: 100%|██████████████████████████████████████████████████████████████████████████| 4/4 [00:00<00:00,  4.06it/s, loss=1.1053]

Train Metrics:
--------------------------------------------------
Epoch: 14
Train Loss: 1.0880
Test Loss: 1.1055
Accuracy: 0.3182
Precision: 0.1012
Recall: 0.3182
F1: 0.1536
--------------------------------------------------

Epoch 16/35:   0%|                                                                                               | 0/4 [00:00<?, ?it/s]
Epoch 16/35:   0%|                                                                                  | 0/4 [00:00<?, ?it/s, loss=1.0899]
Epoch 16/35:  25%|██████████████████▌                                                       | 1/4 [00:00<00:01,  1.71it/s, loss=1.0899]
Epoch 16/35:  25%|██████████████████▌                                                       | 1/4 [00:00<00:01,  1.71it/s, loss=1.1039]
Epoch 16/35:  50%|█████████████████████████████████████                                     | 2/4 [00:00<00:00,  2.14it/s, loss=1.1039]
Epoch 16/35:  50%|█████████████████████████████████████                                     | 2/4 [00:01<00:00,  2.14it/s, loss=1.0711]
Epoch 16/35:  75%|███████████████████████████████████████████████████████▌                  | 3/4 [00:01<00:00,  2.32it/s, loss=1.0711]
Epoch 16/35:  75%|███████████████████████████████████████████████████████▌                  | 3/4 [00:01<00:00,  2.32it/s, loss=1.0376]
Epoch 16/35: 100%|██████████████████████████████████████████████████████████████████████████| 4/4 [00:01<00:00,  2.97it/s, loss=1.0376]
Epoch 16/35: 100%|██████████████████████████████████████████████████████████████████████████| 4/4 [00:01<00:00,  2.52it/s, loss=1.0376]

Train Metrics:
--------------------------------------------------
Epoch: 15
Train Loss: 1.0756
Test Loss: 1.1027
Accuracy: 0.3182
Precision: 0.1012
Recall: 0.3182
F1: 0.1536
--------------------------------------------------

Epoch 17/35:   0%|                                                                                               | 0/4 [00:00<?, ?it/s]
Epoch 17/35:   0%|                                                                                  | 0/4 [00:00<?, ?it/s, loss=1.0980]
Epoch 17/35:  25%|██████████████████▌                                                       | 1/4 [00:00<00:01,  1.72it/s, loss=1.0980]
Epoch 17/35:  25%|██████████████████▌                                                       | 1/4 [00:00<00:01,  1.72it/s, loss=1.0576]
Epoch 17/35:  50%|█████████████████████████████████████                                     | 2/4 [00:00<00:00,  2.14it/s, loss=1.0576]
Epoch 17/35:  50%|█████████████████████████████████████                                     | 2/4 [00:01<00:00,  2.14it/s, loss=1.0956]
Epoch 17/35:  75%|███████████████████████████████████████████████████████▌                  | 3/4 [00:01<00:00,  2.33it/s, loss=1.0956]
Epoch 17/35:  75%|███████████████████████████████████████████████████████▌                  | 3/4 [00:01<00:00,  2.33it/s, loss=1.0876]
Epoch 17/35: 100%|██████████████████████████████████████████████████████████████████████████| 4/4 [00:01<00:00,  2.70it/s, loss=1.0876]

Train Metrics:
--------------------------------------------------
Epoch: 16
Train Loss: 1.0847
Test Loss: 1.1052
Accuracy: 0.3182
Precision: 0.1012
Recall: 0.3182
F1: 0.1536
--------------------------------------------------

Epoch 18/35:   0%|                                                                                               | 0/4 [00:00<?, ?it/s]
Epoch 18/35:   0%|                                                                                  | 0/4 [00:00<?, ?it/s, loss=1.0411]
Epoch 18/35:  25%|██████████████████▌                                                       | 1/4 [00:00<00:01,  1.64it/s, loss=1.0411]
Epoch 18/35:  25%|██████████████████▌                                                       | 1/4 [00:00<00:01,  1.64it/s, loss=1.0867]
Epoch 18/35:  50%|█████████████████████████████████████                                     | 2/4 [00:00<00:00,  2.10it/s, loss=1.0867]
Epoch 18/35:  50%|█████████████████████████████████████                                     | 2/4 [00:01<00:00,  2.10it/s, loss=1.1099]
Epoch 18/35:  75%|███████████████████████████████████████████████████████▌                  | 3/4 [00:01<00:00,  2.30it/s, loss=1.1099]
Epoch 18/35:  75%|███████████████████████████████████████████████████████▌                  | 3/4 [00:01<00:00,  2.30it/s, loss=1.1159]
Epoch 18/35: 100%|██████████████████████████████████████████████████████████████████████████| 4/4 [00:01<00:00,  2.98it/s, loss=1.1159]
Epoch 18/35: 100%|██████████████████████████████████████████████████████████████████████████| 4/4 [00:01<00:00,  2.50it/s, loss=1.1159]

Train Metrics:
--------------------------------------------------
Epoch: 17
Train Loss: 1.0884
Test Loss: 1.1067
Accuracy: 0.3182
Precision: 0.1012
Recall: 0.3182
F1: 0.1536
--------------------------------------------------

Epoch 19/35:   0%|                                                                                               | 0/4 [00:00<?, ?it/s]
Epoch 19/35:   0%|                                                                                  | 0/4 [00:00<?, ?it/s, loss=1.1127]
Epoch 19/35:  25%|██████████████████▌                                                       | 1/4 [00:00<00:01,  1.72it/s, loss=1.1127]
Epoch 19/35:  25%|██████████████████▌                                                       | 1/4 [00:00<00:01,  1.72it/s, loss=1.0547]
Epoch 19/35:  50%|█████████████████████████████████████                                     | 2/4 [00:00<00:00,  2.13it/s, loss=1.0547]
Epoch 19/35:  50%|█████████████████████████████████████                                     | 2/4 [00:01<00:00,  2.13it/s, loss=1.0537]
Epoch 19/35:  75%|███████████████████████████████████████████████████████▌                  | 3/4 [00:01<00:00,  2.31it/s, loss=1.0537]
Epoch 19/35:  75%|███████████████████████████████████████████████████████▌                  | 3/4 [00:01<00:00,  2.31it/s, loss=1.1515]
Epoch 19/35: 100%|██████████████████████████████████████████████████████████████████████████| 4/4 [00:01<00:00,  2.98it/s, loss=1.1515]
Epoch 19/35: 100%|██████████████████████████████████████████████████████████████████████████| 4/4 [00:01<00:00,  2.53it/s, loss=1.1515]

Train Metrics:
--------------------------------------------------
Epoch: 18
Train Loss: 1.0931
Test Loss: 1.1053
Accuracy: 0.3182
Precision: 0.1012
Recall: 0.3182
F1: 0.1536
--------------------------------------------------

Epoch 20/35:   0%|                                                                                               | 0/4 [00:00<?, ?it/s]
Epoch 20/35:   0%|                                                                                  | 0/4 [00:00<?, ?it/s, loss=1.0962]
Epoch 20/35:  25%|██████████████████▌                                                       | 1/4 [00:00<00:01,  1.72it/s, loss=1.0962]
Epoch 20/35:  25%|██████████████████▌                                                       | 1/4 [00:00<00:01,  1.72it/s, loss=1.0658]
Epoch 20/35:  50%|█████████████████████████████████████                                     | 2/4 [00:00<00:00,  2.13it/s, loss=1.0658]
Epoch 20/35:  50%|█████████████████████████████████████                                     | 2/4 [00:01<00:00,  2.13it/s, loss=1.0983]
Epoch 20/35:  75%|███████████████████████████████████████████████████████▌                  | 3/4 [00:01<00:00,  2.33it/s, loss=1.0983]
Epoch 20/35:  75%|███████████████████████████████████████████████████████▌                  | 3/4 [00:01<00:00,  2.33it/s, loss=1.0503]
Epoch 20/35: 100%|██████████████████████████████████████████████████████████████████████████| 4/4 [00:01<00:00,  3.01it/s, loss=1.0503]
Epoch 20/35: 100%|██████████████████████████████████████████████████████████████████████████| 4/4 [00:01<00:00,  2.53it/s, loss=1.0503]

Train Metrics:
--------------------------------------------------
Epoch: 19
Train Loss: 1.0776
Test Loss: 1.0995
Accuracy: 0.3182
Precision: 0.1012
Recall: 0.3182
F1: 0.1536
--------------------------------------------------

Epoch 21/35:   0%|                                                                                               | 0/4 [00:00<?, ?it/s]
Epoch 21/35:   0%|                                                                                  | 0/4 [00:00<?, ?it/s, loss=1.0355]
Epoch 21/35:  25%|██████████████████▌                                                       | 1/4 [00:00<00:01,  1.73it/s, loss=1.0355]
Epoch 21/35:  25%|██████████████████▌                                                       | 1/4 [00:00<00:01,  1.73it/s, loss=1.1094]
Epoch 21/35:  50%|█████████████████████████████████████                                     | 2/4 [00:00<00:00,  2.17it/s, loss=1.1094]
Epoch 21/35:  50%|█████████████████████████████████████                                     | 2/4 [00:01<00:00,  2.17it/s, loss=1.0907]
Epoch 21/35:  75%|███████████████████████████████████████████████████████▌                  | 3/4 [00:01<00:00,  2.35it/s, loss=1.0907]
Epoch 21/35:  75%|███████████████████████████████████████████████████████▌                  | 3/4 [00:01<00:00,  2.35it/s, loss=1.1245]
Epoch 21/35: 100%|██████████████████████████████████████████████████████████████████████████| 4/4 [00:01<00:00,  3.01it/s, loss=1.1245]
Epoch 21/35: 100%|██████████████████████████████████████████████████████████████████████████| 4/4 [00:01<00:00,  2.55it/s, loss=1.1245]

Train Metrics:
--------------------------------------------------
Epoch: 20
Train Loss: 1.0900
Test Loss: 1.0985
Accuracy: 0.3182
Precision: 0.1012
Recall: 0.3182
F1: 0.1536
--------------------------------------------------

Epoch 22/35:   0%|                                                                                               | 0/4 [00:00<?, ?it/s]
Epoch 22/35:   0%|                                                                                  | 0/4 [00:00<?, ?it/s, loss=1.0664]
Epoch 22/35:  25%|██████████████████▌                                                       | 1/4 [00:00<00:01,  1.74it/s, loss=1.0664]
Epoch 22/35:  25%|██████████████████▌                                                       | 1/4 [00:00<00:01,  1.74it/s, loss=1.1140]
Epoch 22/35:  50%|█████████████████████████████████████                                     | 2/4 [00:00<00:00,  2.18it/s, loss=1.1140]
Epoch 22/35:  50%|█████████████████████████████████████                                     | 2/4 [00:01<00:00,  2.18it/s, loss=1.0887]
Epoch 22/35:  75%|███████████████████████████████████████████████████████▌                  | 3/4 [00:01<00:00,  2.35it/s, loss=1.0887]
Epoch 22/35:  75%|███████████████████████████████████████████████████████▌                  | 3/4 [00:01<00:00,  2.35it/s, loss=1.0286]
Epoch 22/35: 100%|██████████████████████████████████████████████████████████████████████████| 4/4 [00:01<00:00,  3.01it/s, loss=1.0286]
Epoch 22/35: 100%|██████████████████████████████████████████████████████████████████████████| 4/4 [00:01<00:00,  2.55it/s, loss=1.0286]

Train Metrics:
--------------------------------------------------
Epoch: 21
Train Loss: 1.0744
Test Loss: 1.1033
Accuracy: 0.3182
Precision: 0.1012
Recall: 0.3182
F1: 0.1536
--------------------------------------------------

Epoch 23/35:   0%|                                                                                               | 0/4 [00:00<?, ?it/s]
Epoch 23/35:   0%|                                                                                  | 0/4 [00:00<?, ?it/s, loss=1.0948]
Epoch 23/35:  25%|██████████████████▌                                                       | 1/4 [00:00<00:01,  1.71it/s, loss=1.0948]
Epoch 23/35:  25%|██████████████████▌                                                       | 1/4 [00:00<00:01,  1.71it/s, loss=1.0883]
Epoch 23/35:  50%|█████████████████████████████████████                                     | 2/4 [00:00<00:00,  2.14it/s, loss=1.0883]
Epoch 23/35:  50%|█████████████████████████████████████                                     | 2/4 [00:01<00:00,  2.14it/s, loss=1.0686]
Epoch 23/35:  75%|███████████████████████████████████████████████████████▌                  | 3/4 [00:01<00:00,  2.33it/s, loss=1.0686]
Epoch 23/35:  75%|███████████████████████████████████████████████████████▌                  | 3/4 [00:01<00:00,  2.33it/s, loss=1.0787]
Epoch 23/35: 100%|██████████████████████████████████████████████████████████████████████████| 4/4 [00:01<00:00,  3.02it/s, loss=1.0787]
Epoch 23/35: 100%|██████████████████████████████████████████████████████████████████████████| 4/4 [00:01<00:00,  2.54it/s, loss=1.0787]

Train Metrics:
--------------------------------------------------
Epoch: 22
Train Loss: 1.0826
Test Loss: 1.1011
Accuracy: 0.3182
Precision: 0.1012
Recall: 0.3182
F1: 0.1536
--------------------------------------------------

Epoch 24/35:   0%|                                                                                               | 0/4 [00:00<?, ?it/s]
Epoch 24/35:   0%|                                                                                  | 0/4 [00:00<?, ?it/s, loss=1.0706]
Epoch 24/35:  25%|██████████████████▌                                                       | 1/4 [00:00<00:01,  1.85it/s, loss=1.0706]
Epoch 24/35:  25%|██████████████████▌                                                       | 1/4 [00:00<00:01,  1.85it/s, loss=1.1312]
Epoch 24/35:  50%|█████████████████████████████████████                                     | 2/4 [00:00<00:00,  2.24it/s, loss=1.1312]
Epoch 24/35:  50%|█████████████████████████████████████                                     | 2/4 [00:01<00:00,  2.24it/s, loss=1.0406]
Epoch 24/35:  75%|███████████████████████████████████████████████████████▌                  | 3/4 [00:01<00:00,  2.39it/s, loss=1.0406]
Epoch 24/35:  75%|███████████████████████████████████████████████████████▌                  | 3/4 [00:01<00:00,  2.39it/s, loss=1.0908]
Epoch 24/35: 100%|██████████████████████████████████████████████████████████████████████████| 4/4 [00:01<00:00,  3.04it/s, loss=1.0908]
Epoch 24/35: 100%|██████████████████████████████████████████████████████████████████████████| 4/4 [00:01<00:00,  2.60it/s, loss=1.0908]

Train Metrics:
--------------------------------------------------
Epoch: 23
Train Loss: 1.0833
Test Loss: 1.0999
Accuracy: 0.3182
Precision: 0.1012
Recall: 0.3182
F1: 0.1536
--------------------------------------------------

Epoch 25/35:   0%|                                                                                               | 0/4 [00:00<?, ?it/s]
Epoch 25/35:   0%|                                                                                  | 0/4 [00:00<?, ?it/s, loss=1.0840]
Epoch 25/35:  25%|██████████████████▌                                                       | 1/4 [00:00<00:01,  1.74it/s, loss=1.0840]
Epoch 25/35:  25%|██████████████████▌                                                       | 1/4 [00:00<00:01,  1.74it/s, loss=1.0773]
Epoch 25/35:  50%|█████████████████████████████████████                                     | 2/4 [00:00<00:00,  2.17it/s, loss=1.0773]
Epoch 25/35:  50%|█████████████████████████████████████                                     | 2/4 [00:01<00:00,  2.17it/s, loss=1.0564]
Epoch 25/35:  75%|███████████████████████████████████████████████████████▌                  | 3/4 [00:01<00:00,  2.34it/s, loss=1.0564]
Epoch 25/35:  75%|███████████████████████████████████████████████████████▌                  | 3/4 [00:01<00:00,  2.34it/s, loss=1.1275]
Epoch 25/35: 100%|██████████████████████████████████████████████████████████████████████████| 4/4 [00:01<00:00,  3.02it/s, loss=1.1275]
Epoch 25/35: 100%|██████████████████████████████████████████████████████████████████████████| 4/4 [00:01<00:00,  2.55it/s, loss=1.1275]

Train Metrics:
--------------------------------------------------
Epoch: 24
Train Loss: 1.0863
Test Loss: 1.1004
Accuracy: 0.3182
Precision: 0.1012
Recall: 0.3182
F1: 0.1536
--------------------------------------------------

Epoch 26/35:   0%|                                                                                               | 0/4 [00:00<?, ?it/s]
Epoch 26/35:   0%|                                                                                  | 0/4 [00:00<?, ?it/s, loss=1.1020]
Epoch 26/35:  25%|██████████████████▌                                                       | 1/4 [00:00<00:01,  2.78it/s, loss=1.1020]
Epoch 26/35:  25%|██████████████████▌                                                       | 1/4 [00:00<00:01,  2.78it/s, loss=1.0999]
Epoch 26/35:  50%|█████████████████████████████████████                                     | 2/4 [00:00<00:00,  3.16it/s, loss=1.0999]
Epoch 26/35:  50%|█████████████████████████████████████                                     | 2/4 [00:00<00:00,  3.16it/s, loss=1.0756]
Epoch 26/35:  75%|███████████████████████████████████████████████████████▌                  | 3/4 [00:00<00:00,  3.84it/s, loss=1.0756]
Epoch 26/35:  75%|███████████████████████████████████████████████████████▌                  | 3/4 [00:00<00:00,  3.84it/s, loss=0.9889]
Epoch 26/35: 100%|██████████████████████████████████████████████████████████████████████████| 4/4 [00:00<00:00,  4.10it/s, loss=0.9889]

Train Metrics:
--------------------------------------------------
Epoch: 25
Train Loss: 1.0666
Test Loss: 1.0972
Accuracy: 0.3182
Precision: 0.1012
Recall: 0.3182
F1: 0.1536
--------------------------------------------------

Epoch 27/35:   0%|                                                                                               | 0/4 [00:00<?, ?it/s]
Epoch 27/35:   0%|                                                                                  | 0/4 [00:00<?, ?it/s, loss=1.0605]
Epoch 27/35:  25%|██████████████████▌                                                       | 1/4 [00:00<00:01,  1.74it/s, loss=1.0605]
Epoch 27/35:  25%|██████████████████▌                                                       | 1/4 [00:00<00:01,  1.74it/s, loss=1.1056]
Epoch 27/35:  50%|█████████████████████████████████████                                     | 2/4 [00:00<00:00,  2.17it/s, loss=1.1056]
Epoch 27/35:  50%|█████████████████████████████████████                                     | 2/4 [00:01<00:00,  2.17it/s, loss=1.0790]
Epoch 27/35:  75%|███████████████████████████████████████████████████████▌                  | 3/4 [00:01<00:00,  2.34it/s, loss=1.0790]
Epoch 27/35:  75%|███████████████████████████████████████████████████████▌                  | 3/4 [00:01<00:00,  2.34it/s, loss=1.0946]
Epoch 27/35: 100%|██████████████████████████████████████████████████████████████████████████| 4/4 [00:01<00:00,  2.99it/s, loss=1.0946]
Epoch 27/35: 100%|██████████████████████████████████████████████████████████████████████████| 4/4 [00:01<00:00,  2.54it/s, loss=1.0946]

Train Metrics:
--------------------------------------------------
Epoch: 26
Train Loss: 1.0849
Test Loss: 1.0987
Accuracy: 0.3182
Precision: 0.1012
Recall: 0.3182
F1: 0.1536
--------------------------------------------------

Epoch 28/35:   0%|                                                                                               | 0/4 [00:00<?, ?it/s]
Epoch 28/35:   0%|                                                                                  | 0/4 [00:00<?, ?it/s, loss=1.0434]
Epoch 28/35:  25%|██████████████████▌                                                       | 1/4 [00:00<00:01,  1.77it/s, loss=1.0434]
Epoch 28/35:  25%|██████████████████▌                                                       | 1/4 [00:00<00:01,  1.77it/s, loss=1.0613]
Epoch 28/35:  50%|█████████████████████████████████████                                     | 2/4 [00:00<00:00,  2.19it/s, loss=1.0613]
Epoch 28/35:  50%|█████████████████████████████████████                                     | 2/4 [00:01<00:00,  2.19it/s, loss=1.1094]
Epoch 28/35:  75%|███████████████████████████████████████████████████████▌                  | 3/4 [00:01<00:00,  2.38it/s, loss=1.1094]
Epoch 28/35:  75%|███████████████████████████████████████████████████████▌                  | 3/4 [00:01<00:00,  2.38it/s, loss=1.1696]
Epoch 28/35: 100%|██████████████████████████████████████████████████████████████████████████| 4/4 [00:01<00:00,  2.76it/s, loss=1.1696]

Train Metrics:
--------------------------------------------------
Epoch: 27
Train Loss: 1.0959
Test Loss: 1.1045
Accuracy: 0.3182
Precision: 0.1012
Recall: 0.3182
F1: 0.1536
--------------------------------------------------

Epoch 29/35:   0%|                                                                                               | 0/4 [00:00<?, ?it/s]
Epoch 29/35:   0%|                                                                                  | 0/4 [00:00<?, ?it/s, loss=1.0550]
Epoch 29/35:  25%|██████████████████▌                                                       | 1/4 [00:00<00:01,  1.73it/s, loss=1.0550]
Epoch 29/35:  25%|██████████████████▌                                                       | 1/4 [00:00<00:01,  1.73it/s, loss=1.1072]
Epoch 29/35:  50%|█████████████████████████████████████                                     | 2/4 [00:00<00:00,  2.15it/s, loss=1.1072]
Epoch 29/35:  50%|█████████████████████████████████████                                     | 2/4 [00:01<00:00,  2.15it/s, loss=1.1155]
Epoch 29/35:  75%|███████████████████████████████████████████████████████▌                  | 3/4 [00:01<00:00,  2.34it/s, loss=1.1155]
Epoch 29/35:  75%|███████████████████████████████████████████████████████▌                  | 3/4 [00:01<00:00,  2.34it/s, loss=0.9999]
Epoch 29/35: 100%|██████████████████████████████████████████████████████████████████████████| 4/4 [00:01<00:00,  3.01it/s, loss=0.9999]
Epoch 29/35: 100%|██████████████████████████████████████████████████████████████████████████| 4/4 [00:01<00:00,  2.54it/s, loss=0.9999]

Train Metrics:
--------------------------------------------------
Epoch: 28
Train Loss: 1.0694
Test Loss: 1.1033
Accuracy: 0.3182
Precision: 0.1012
Recall: 0.3182
F1: 0.1536
--------------------------------------------------

Epoch 30/35:   0%|                                                                                               | 0/4 [00:00<?, ?it/s]
Epoch 30/35:   0%|                                                                                  | 0/4 [00:00<?, ?it/s, loss=1.0220]
Epoch 30/35:  25%|██████████████████▌                                                       | 1/4 [00:00<00:01,  1.66it/s, loss=1.0220]
Epoch 30/35:  25%|██████████████████▌                                                       | 1/4 [00:00<00:01,  1.66it/s, loss=1.1098]
Epoch 30/35:  50%|█████████████████████████████████████                                     | 2/4 [00:00<00:00,  2.11it/s, loss=1.1098]
Epoch 30/35:  50%|█████████████████████████████████████                                     | 2/4 [00:01<00:00,  2.11it/s, loss=1.1239]
Epoch 30/35:  75%|███████████████████████████████████████████████████████▌                  | 3/4 [00:01<00:00,  2.31it/s, loss=1.1239]
Epoch 30/35:  75%|███████████████████████████████████████████████████████▌                  | 3/4 [00:01<00:00,  2.31it/s, loss=1.0551]
Epoch 30/35: 100%|██████████████████████████████████████████████████████████████████████████| 4/4 [00:01<00:00,  2.97it/s, loss=1.0551]
Epoch 30/35: 100%|██████████████████████████████████████████████████████████████████████████| 4/4 [00:01<00:00,  2.51it/s, loss=1.0551]

Train Metrics:
--------------------------------------------------
Epoch: 29
Train Loss: 1.0777
Test Loss: 1.1020
Accuracy: 0.3182
Precision: 0.1012
Recall: 0.3182
F1: 0.1536
--------------------------------------------------

Epoch 31/35:   0%|                                                                                               | 0/4 [00:00<?, ?it/s]
Epoch 31/35:   0%|                                                                                  | 0/4 [00:00<?, ?it/s, loss=1.1072]
Epoch 31/35:  25%|██████████████████▌                                                       | 1/4 [00:00<00:01,  1.73it/s, loss=1.1072]
Epoch 31/35:  25%|██████████████████▌                                                       | 1/4 [00:00<00:01,  1.73it/s, loss=1.0934]
Epoch 31/35:  50%|█████████████████████████████████████                                     | 2/4 [00:00<00:00,  2.14it/s, loss=1.0934]
Epoch 31/35:  50%|█████████████████████████████████████                                     | 2/4 [00:01<00:00,  2.14it/s, loss=1.0713]
Epoch 31/35:  75%|███████████████████████████████████████████████████████▌                  | 3/4 [00:01<00:00,  2.33it/s, loss=1.0713]
Epoch 31/35:  75%|███████████████████████████████████████████████████████▌                  | 3/4 [00:01<00:00,  2.33it/s, loss=0.9932]
Epoch 31/35: 100%|██████████████████████████████████████████████████████████████████████████| 4/4 [00:01<00:00,  2.99it/s, loss=0.9932]
Epoch 31/35: 100%|██████████████████████████████████████████████████████████████████████████| 4/4 [00:01<00:00,  2.53it/s, loss=0.9932]

Train Metrics:
--------------------------------------------------
Epoch: 30
Train Loss: 1.0663
Test Loss: 1.0981
Accuracy: 0.4091
Precision: 0.4750
Recall: 0.4091
F1: 0.3104
--------------------------------------------------

Epoch 32/35:   0%|                                                                                               | 0/4 [00:00<?, ?it/s]
Epoch 32/35:   0%|                                                                                  | 0/4 [00:00<?, ?it/s, loss=1.0751]
Epoch 32/35:  25%|██████████████████▌                                                       | 1/4 [00:00<00:01,  1.73it/s, loss=1.0751]
Epoch 32/35:  25%|██████████████████▌                                                       | 1/4 [00:00<00:01,  1.73it/s, loss=1.0877]
Epoch 32/35:  50%|█████████████████████████████████████                                     | 2/4 [00:00<00:00,  2.17it/s, loss=1.0877]
Epoch 32/35:  50%|█████████████████████████████████████                                     | 2/4 [00:01<00:00,  2.17it/s, loss=1.0695]
Epoch 32/35:  75%|███████████████████████████████████████████████████████▌                  | 3/4 [00:01<00:00,  2.35it/s, loss=1.0695]
Epoch 32/35:  75%|███████████████████████████████████████████████████████▌                  | 3/4 [00:01<00:00,  2.35it/s, loss=1.0972]
Epoch 32/35: 100%|██████████████████████████████████████████████████████████████████████████| 4/4 [00:01<00:00,  3.02it/s, loss=1.0972]
Epoch 32/35: 100%|██████████████████████████████████████████████████████████████████████████| 4/4 [00:01<00:00,  2.55it/s, loss=1.0972]

Train Metrics:
--------------------------------------------------
Epoch: 31
Train Loss: 1.0824
Test Loss: 1.0974
Accuracy: 0.3636
Precision: 0.1711
Recall: 0.3636
F1: 0.2327
--------------------------------------------------

Epoch 33/35:   0%|                                                                                               | 0/4 [00:00<?, ?it/s]
Epoch 33/35:   0%|                                                                                  | 0/4 [00:00<?, ?it/s, loss=1.0089]
Epoch 33/35:  25%|██████████████████▌                                                       | 1/4 [00:00<00:01,  1.72it/s, loss=1.0089]
Epoch 33/35:  25%|██████████████████▌                                                       | 1/4 [00:00<00:01,  1.72it/s, loss=1.1384]
Epoch 33/35:  50%|█████████████████████████████████████                                     | 2/4 [00:00<00:00,  2.14it/s, loss=1.1384]
Epoch 33/35:  50%|█████████████████████████████████████                                     | 2/4 [00:01<00:00,  2.14it/s, loss=1.1128]
Epoch 33/35:  75%|███████████████████████████████████████████████████████▌                  | 3/4 [00:01<00:00,  2.33it/s, loss=1.1128]
Epoch 33/35:  75%|███████████████████████████████████████████████████████▌                  | 3/4 [00:01<00:00,  2.33it/s, loss=1.0317]
Epoch 33/35: 100%|██████████████████████████████████████████████████████████████████████████| 4/4 [00:01<00:00,  3.00it/s, loss=1.0317]
Epoch 33/35: 100%|██████████████████████████████████████████████████████████████████████████| 4/4 [00:01<00:00,  2.54it/s, loss=1.0317]

Train Metrics:
--------------------------------------------------
Epoch: 32
Train Loss: 1.0730
Test Loss: 1.1004
Accuracy: 0.4091
Precision: 0.3045
Recall: 0.4091
F1: 0.2785
--------------------------------------------------

Epoch 34/35:   0%|                                                                                               | 0/4 [00:00<?, ?it/s]
Epoch 34/35:   0%|                                                                                  | 0/4 [00:00<?, ?it/s, loss=1.0706]
Epoch 34/35:  25%|██████████████████▌                                                       | 1/4 [00:00<00:01,  1.77it/s, loss=1.0706]
Epoch 34/35:  25%|██████████████████▌                                                       | 1/4 [00:00<00:01,  1.77it/s, loss=1.0915]
Epoch 34/35:  50%|█████████████████████████████████████                                     | 2/4 [00:00<00:00,  2.17it/s, loss=1.0915]
Epoch 34/35:  50%|█████████████████████████████████████                                     | 2/4 [00:01<00:00,  2.17it/s, loss=1.0869]
Epoch 34/35:  75%|███████████████████████████████████████████████████████▌                  | 3/4 [00:01<00:00,  2.35it/s, loss=1.0869]
Epoch 34/35:  75%|███████████████████████████████████████████████████████▌                  | 3/4 [00:01<00:00,  2.35it/s, loss=1.0363]
Epoch 34/35: 100%|██████████████████████████████████████████████████████████████████████████| 4/4 [00:01<00:00,  3.01it/s, loss=1.0363]
Epoch 34/35: 100%|██████████████████████████████████████████████████████████████████████████| 4/4 [00:01<00:00,  2.55it/s, loss=1.0363]

Train Metrics:
--------------------------------------------------
Epoch: 33
Train Loss: 1.0713
Test Loss: 1.0982
Accuracy: 0.3636
Precision: 0.1385
Recall: 0.3636
F1: 0.2006
--------------------------------------------------

Epoch 35/35:   0%|                                                                                               | 0/4 [00:00<?, ?it/s]
Epoch 35/35:   0%|                                                                                  | 0/4 [00:00<?, ?it/s, loss=1.0314]
Epoch 35/35:  25%|██████████████████▌                                                       | 1/4 [00:00<00:01,  1.74it/s, loss=1.0314]
Epoch 35/35:  25%|██████████████████▌                                                       | 1/4 [00:00<00:01,  1.74it/s, loss=1.1391]
Epoch 35/35:  50%|█████████████████████████████████████                                     | 2/4 [00:00<00:00,  2.15it/s, loss=1.1391]
Epoch 35/35:  50%|█████████████████████████████████████                                     | 2/4 [00:01<00:00,  2.15it/s, loss=1.0597]
Epoch 35/35:  75%|███████████████████████████████████████████████████████▌                  | 3/4 [00:01<00:00,  2.33it/s, loss=1.0597]
Epoch 35/35:  75%|███████████████████████████████████████████████████████▌                  | 3/4 [00:01<00:00,  2.33it/s, loss=1.1175]
Epoch 35/35: 100%|██████████████████████████████████████████████████████████████████████████| 4/4 [00:01<00:00,  2.99it/s, loss=1.1175]
Epoch 35/35: 100%|██████████████████████████████████████████████████████████████████████████| 4/4 [00:01<00:00,  2.53it/s, loss=1.1175]

Train Metrics:
--------------------------------------------------
Epoch: 34
Train Loss: 1.0869
Test Loss: 1.0951
Accuracy: 0.3636
Precision: 0.1322
Recall: 0.3636
F1: 0.1939
--------------------------------------------------

Test Metrics:
--------------------------------------------------
Test Loss: 1.0961
Accuracy: 0.4091
Precision: 0.4567
Recall: 0.4091
F1: 0.2802
--------------------------------------------------
